#
# There is insufficient memory for the Java Runtime Environment to continue.
# Native memory allocation (mmap) failed to map 19922944 bytes. Error detail: G1 virtual space
# Possible reasons:
#   The system is out of physical RAM or swap space
#   This process is running with CompressedOops enabled, and the Java Heap may be blocking the growth of the native heap
# Possible solutions:
#   Reduce memory load on the system
#   Increase physical memory or swap space
#   Check if swap backing store is full
#   Decrease Java heap size (-Xmx/-Xms)
#   Decrease number of Java threads
#   Decrease Java thread stack sizes (-Xss)
#   Set larger code cache with -XX:ReservedCodeCacheSize=
#   JVM is running with Unscaled Compressed Oops mode in which the Java heap is
#     placed in the first 4GB address space. The Java Heap base address is the
#     maximum limit for the native heap growth. Please use -XX:HeapBaseMinAddress
#     to set the Java Heap base and to place the Java Heap above 4GB virtual address.
# This output file may be truncated or incomplete.
#
#  Out of Memory Error (os_windows.cpp:3631), pid=9736, tid=8676
#
# JRE version: OpenJDK Runtime Environment (22.0.2+9) (build 22.0.2+9-70)
# Java VM: OpenJDK 64-Bit Server VM (22.0.2+9-70, mixed mode, emulated-client, sharing, tiered, compressed oops, compressed class ptrs, g1 gc, windows-amd64)
# No core dump will be written. Minidumps are not enabled by default on client versions of Windows
#

---------------  S U M M A R Y ------------

Command Line: -XX:TieredStopAtLevel=1 com.teknologiinformasi.eurekaserver.EurekaServerApplication

Host: AMD Ryzen 5 7530U with Radeon Graphics         , 12 cores, 5G,  Windows 11 , 64 bit Build 22621 (10.0.22621.4830)
Time: Fri Feb 28 08:28:15 2025 SE Asia Standard Time elapsed time: 3.294888 seconds (0d 0h 0m 3s)

---------------  T H R E A D  ---------------

Current thread (0x0000022f11e294c0):  VMThread "VM Thread"          [id=8676, stack(0x0000009b35f00000,0x0000009b36000000) (1024K)]

Stack: [0x0000009b35f00000,0x0000009b36000000]
Native frames: (J=compiled Java code, j=interpreted, Vv=VM code, C=native code)
V  [jvm.dll+0x6e26e9]  (no source info available)
V  [jvm.dll+0x875753]  (no source info available)
V  [jvm.dll+0x877b7e]  (no source info available)
V  [jvm.dll+0x878253]  (no source info available)
V  [jvm.dll+0x27fc86]  (no source info available)
V  [jvm.dll+0x6ded85]  (no source info available)
V  [jvm.dll+0x6d388a]  (no source info available)
V  [jvm.dll+0x358b8a]  (no source info available)
V  [jvm.dll+0x3610b6]  (no source info available)
V  [jvm.dll+0x3b419e]  (no source info available)
V  [jvm.dll+0x3b4448]  (no source info available)
V  [jvm.dll+0x32c5ec]  (no source info available)
V  [jvm.dll+0x32c677]  (no source info available)
V  [jvm.dll+0x37244c]  (no source info available)
V  [jvm.dll+0x370b46]  (no source info available)
V  [jvm.dll+0x32bcd7]  (no source info available)
V  [jvm.dll+0x32f8d6]  (no source info available)
V  [jvm.dll+0x386326]  (no source info available)
V  [jvm.dll+0x87e0f0]  (no source info available)
V  [jvm.dll+0x87f477]  (no source info available)
V  [jvm.dll+0x87f9f0]  (no source info available)
V  [jvm.dll+0x87fc93]  (no source info available)
V  [jvm.dll+0x81dc0b]  (no source info available)
V  [jvm.dll+0x6e0d85]  (no source info available)
C  [ucrtbase.dll+0x29333]  (no source info available)
C  [KERNEL32.DLL+0x1259d]  (no source info available)
C  [ntdll.dll+0x5af38]  (no source info available)

VM_Operation (0x0000009b358fc920): CollectForMetadataAllocation, mode: safepoint, requested by thread 0x0000022f7fbf9c50


---------------  P R O C E S S  ---------------

Threads class SMR info:
_java_thread_list=0x0000022f584002e0, length=12, elements={
0x0000022f7fbf9c50, 0x0000022f11e45920, 0x0000022f11e486a0, 0x0000022f11e4a0b0,
0x0000022f11e4c1a0, 0x0000022f11e55780, 0x0000022f11e57080, 0x0000022f11e5e4c0,
0x0000022f570ccca0, 0x0000022f11e59150, 0x0000022f11e57710, 0x0000022f11e597e0
}

Java Threads: ( => current thread )
  0x0000022f7fbf9c50 JavaThread "main"                              [_thread_blocked, id=2512, stack(0x0000009b35800000,0x0000009b35900000) (1024K)]
  0x0000022f11e45920 JavaThread "Reference Handler"          daemon [_thread_blocked, id=6104, stack(0x0000009b36000000,0x0000009b36100000) (1024K)]
  0x0000022f11e486a0 JavaThread "Finalizer"                  daemon [_thread_blocked, id=8852, stack(0x0000009b36100000,0x0000009b36200000) (1024K)]
  0x0000022f11e4a0b0 JavaThread "Signal Dispatcher"          daemon [_thread_blocked, id=20844, stack(0x0000009b36200000,0x0000009b36300000) (1024K)]
  0x0000022f11e4c1a0 JavaThread "Attach Listener"            daemon [_thread_blocked, id=13244, stack(0x0000009b36300000,0x0000009b36400000) (1024K)]
  0x0000022f11e55780 JavaThread "Service Thread"             daemon [_thread_blocked, id=8984, stack(0x0000009b36400000,0x0000009b36500000) (1024K)]
  0x0000022f11e57080 JavaThread "Monitor Deflation Thread"   daemon [_thread_blocked, id=1748, stack(0x0000009b36500000,0x0000009b36600000) (1024K)]
  0x0000022f11e5e4c0 JavaThread "C1 CompilerThread0"         daemon [_thread_blocked, id=8672, stack(0x0000009b36600000,0x0000009b36700000) (1024K)]
  0x0000022f570ccca0 JavaThread "C1 CompilerThread1"         daemon [_thread_blocked, id=3548, stack(0x0000009b36700000,0x0000009b36800000) (1024K)]
  0x0000022f11e59150 JavaThread "Notification Thread"        daemon [_thread_blocked, id=23492, stack(0x0000009b36800000,0x0000009b36900000) (1024K)]
  0x0000022f11e57710 JavaThread "Common-Cleaner"             daemon [_thread_blocked, id=19056, stack(0x0000009b36900000,0x0000009b36a00000) (1024K)]
  0x0000022f11e597e0 JavaThread "WindowsStreamPump"          daemon [_thread_blocked, id=7272, stack(0x0000009b37100000,0x0000009b37200000) (1024K)]
Total: 12

Other Threads:
=>0x0000022f11e294c0 VMThread "VM Thread"                           [id=8676, stack(0x0000009b35f00000,0x0000009b36000000) (1024K)]
  0x0000022f11e11240 WatcherThread "VM Periodic Task Thread"        [id=17112, stack(0x0000009b35e00000,0x0000009b35f00000) (1024K)]
  0x0000022f01e41b30 WorkerThread "GC Thread#0"                     [id=23044, stack(0x0000009b35900000,0x0000009b35a00000) (1024K)]
  0x0000022f57a18a60 WorkerThread "GC Thread#1"                     [id=8224, stack(0x0000009b36a00000,0x0000009b36b00000) (1024K)]
  0x0000022f57a3bcf0 WorkerThread "GC Thread#2"                     [id=10632, stack(0x0000009b36b00000,0x0000009b36c00000) (1024K)]
  0x0000022f57a3c0a0 WorkerThread "GC Thread#3"                     [id=4736, stack(0x0000009b36c00000,0x0000009b36d00000) (1024K)]
  0x0000022f57a3c450 WorkerThread "GC Thread#4"                     [id=17884, stack(0x0000009b36d00000,0x0000009b36e00000) (1024K)]
  0x0000022f57bf4bb0 WorkerThread "GC Thread#5"                     [id=14136, stack(0x0000009b36e00000,0x0000009b36f00000) (1024K)]
  0x0000022f57bf4f60 WorkerThread "GC Thread#6"                     [id=19940, stack(0x0000009b36f00000,0x0000009b37000000) (1024K)]
  0x0000022f57d9b540 WorkerThread "GC Thread#7"                     [id=12292, stack(0x0000009b37200000,0x0000009b37300000) (1024K)]
  0x0000022f57d9aa30 WorkerThread "GC Thread#8"                     [id=21192, stack(0x0000009b37300000,0x0000009b37400000) (1024K)]
  0x0000022f57d9b8f0 WorkerThread "GC Thread#9"                     [id=13624, stack(0x0000009b37400000,0x0000009b37500000) (1024K)]
  0x0000022f01e507f0 ConcurrentGCThread "G1 Main Marker"            [id=5736, stack(0x0000009b35a00000,0x0000009b35b00000) (1024K)]
  0x0000022f01e52310 WorkerThread "G1 Conc#0"                       [id=7220, stack(0x0000009b35b00000,0x0000009b35c00000) (1024K)]
  0x0000022f01e9e560 ConcurrentGCThread "G1 Refine#0"               [id=1728, stack(0x0000009b35c00000,0x0000009b35d00000) (1024K)]
  0x0000022f11ce2320 ConcurrentGCThread "G1 Service"                [id=16644, stack(0x0000009b35d00000,0x0000009b35e00000) (1024K)]
Total: 16

Threads with active compile tasks:
C1 CompilerThread1  3418 3443   !   1       org.springframework.beans.factory.support.DefaultListableBeanFactory::doGetBeanNamesForType (505 bytes)
Total: 1

VM state: at safepoint (normal execution)

VM Mutex/Monitor currently owned by a thread:  ([mutex/lock_event])
[0x00007ff9a704cb80] Threads_lock - owner thread: 0x0000022f11e294c0
[0x00007ff9a704cc80] Heap_lock - owner thread: 0x0000022f7fbf9c50

Heap address: 0x00000000a2800000, size: 1496 MB, Compressed Oops mode: 32-bit

CDS archive(s) mapped at: [0x0000022f12000000-0x0000022f12c60000-0x0000022f12c60000), size 12976128, SharedBaseAddress: 0x0000022f12000000, ArchiveRelocationMode: 1.
Compressed class space mapped at: 0x0000022f13000000-0x0000022f53000000, reserved size: 1073741824
Narrow klass base: 0x0000022f12000000, Narrow klass shift: 0, Narrow klass range: 0x41000000

GC Precious Log:
 CardTable entry size: 512
 Card Set container configuration: InlinePtr #cards 5 size 8 Array Of Cards #cards 12 size 40 Howl #buckets 4 coarsen threshold 1843 Howl Bitmap #cards 512 size 80 coarsen threshold 460 Card regions per heap region 1 cards per card region 2048
 CPUs: 12 total, 12 available
 Memory: 5981M
 Large Page Support: Disabled
 NUMA Support: Disabled
 Compressed Oops: Enabled (32-bit)
 Heap Region Size: 1M
 Heap Min Capacity: 8M
 Heap Initial Capacity: 94M
 Heap Max Capacity: 1496M
 Pre-touch: Disabled
 Parallel Workers: 10
 Concurrent Workers: 3
 Concurrent Refinement Workers: 10
 Periodic GC: Disabled

Heap:
 garbage-first heap   total reserved 1531904K, committed 96256K, used 24560K [0x00000000a2800000, 0x0000000100000000)
  region size 1024K, 2 young (2048K), 2 survivors (2048K)
 Metaspace       used 21200K, committed 21504K, reserved 1114112K
  class space    used 2870K, committed 3008K, reserved 1048576K

Heap Regions: E=young(eden), S=young(survivor), O=old, HS=humongous(starts), HC=humongous(continues), CS=collection set, F=free, TAMS=top-at-mark-start, PB=parsable bottom
|   0|0x00000000a2800000, 0x00000000a2900000, 0x00000000a2900000|100%|HS|  |TAMS 0x00000000a2900000| PB 0x00000000a2800000| Complete |  0
|   1|0x00000000a2900000, 0x00000000a2a00000, 0x00000000a2a00000|100%| O|  |TAMS 0x00000000a2a00000| PB 0x00000000a2900000| Untracked |  0
|   2|0x00000000a2a00000, 0x00000000a2b00000, 0x00000000a2b00000|100%|HS|  |TAMS 0x00000000a2b00000| PB 0x00000000a2a00000| Complete |  0
|   3|0x00000000a2b00000, 0x00000000a2c00000, 0x00000000a2c00000|100%| O|  |TAMS 0x00000000a2c00000| PB 0x00000000a2b00000| Untracked |  0
|   4|0x00000000a2c00000, 0x00000000a2d00000, 0x00000000a2d00000|100%|HS|  |TAMS 0x00000000a2d00000| PB 0x00000000a2c00000| Complete |  0
|   5|0x00000000a2d00000, 0x00000000a2e00000, 0x00000000a2e00000|100%|HS|  |TAMS 0x00000000a2e00000| PB 0x00000000a2d00000| Complete |  0
|   6|0x00000000a2e00000, 0x00000000a2f00000, 0x00000000a2f00000|100%| O|  |TAMS 0x00000000a2f00000| PB 0x00000000a2e00000| Untracked |  0
|   7|0x00000000a2f00000, 0x00000000a3000000, 0x00000000a3000000|100%| O|  |TAMS 0x00000000a3000000| PB 0x00000000a2f00000| Untracked |  0
|   8|0x00000000a3000000, 0x00000000a3100000, 0x00000000a3100000|100%| O|  |TAMS 0x00000000a3100000| PB 0x00000000a3000000| Untracked |  0
|   9|0x00000000a3100000, 0x00000000a3200000, 0x00000000a3200000|100%| O|  |TAMS 0x00000000a3200000| PB 0x00000000a3100000| Untracked |  0
|  10|0x00000000a3200000, 0x00000000a3300000, 0x00000000a3300000|100%| O|  |TAMS 0x00000000a3300000| PB 0x00000000a3200000| Untracked |  0
|  11|0x00000000a3300000, 0x00000000a3400000, 0x00000000a3400000|100%| O|  |TAMS 0x00000000a3400000| PB 0x00000000a3300000| Untracked |  0
|  12|0x00000000a3400000, 0x00000000a3500000, 0x00000000a3500000|100%| O|  |TAMS 0x00000000a3500000| PB 0x00000000a3400000| Untracked |  0
|  13|0x00000000a3500000, 0x00000000a3600000, 0x00000000a3600000|100%| O|  |TAMS 0x00000000a3600000| PB 0x00000000a3500000| Untracked |  0
|  14|0x00000000a3600000, 0x00000000a3700000, 0x00000000a3700000|100%| O|  |TAMS 0x00000000a3700000| PB 0x00000000a3600000| Untracked |  0
|  15|0x00000000a3700000, 0x00000000a3800000, 0x00000000a3800000|100%| O|  |TAMS 0x00000000a3800000| PB 0x00000000a3700000| Untracked |  0
|  16|0x00000000a3800000, 0x00000000a3900000, 0x00000000a3900000|100%| O|  |TAMS 0x00000000a381d7d0| PB 0x00000000a3800000| Untracked |  0
|  17|0x00000000a3900000, 0x00000000a3a00000, 0x00000000a3a00000|100%| O|  |TAMS 0x00000000a3900000| PB 0x00000000a3900000| Untracked |  0
|  18|0x00000000a3a00000, 0x00000000a3b00000, 0x00000000a3b00000|100%| O|  |TAMS 0x00000000a3a00000| PB 0x00000000a3a00000| Untracked |  0
|  19|0x00000000a3b00000, 0x00000000a3c00000, 0x00000000a3c00000|100%| O|  |TAMS 0x00000000a3b00000| PB 0x00000000a3b00000| Untracked |  0
|  20|0x00000000a3c00000, 0x00000000a3d00000, 0x00000000a3d00000|100%| O|  |TAMS 0x00000000a3c00000| PB 0x00000000a3c00000| Untracked |  0
|  21|0x00000000a3d00000, 0x00000000a3dfc300, 0x00000000a3e00000| 98%| O|  |TAMS 0x00000000a3d00000| PB 0x00000000a3d00000| Untracked |  0
|  22|0x00000000a3e00000, 0x00000000a3e00000, 0x00000000a3f00000|  0%| F|  |TAMS 0x00000000a3e00000| PB 0x00000000a3e00000| Untracked |  0
|  23|0x00000000a3f00000, 0x00000000a3f00000, 0x00000000a4000000|  0%| F|  |TAMS 0x00000000a3f00000| PB 0x00000000a3f00000| Untracked |  0
|  24|0x00000000a4000000, 0x00000000a4000000, 0x00000000a4100000|  0%| F|  |TAMS 0x00000000a4000000| PB 0x00000000a4000000| Untracked |  0
|  25|0x00000000a4100000, 0x00000000a4100000, 0x00000000a4200000|  0%| F|  |TAMS 0x00000000a4100000| PB 0x00000000a4100000| Untracked |  0
|  26|0x00000000a4200000, 0x00000000a4200000, 0x00000000a4300000|  0%| F|  |TAMS 0x00000000a4200000| PB 0x00000000a4200000| Untracked |  0
|  27|0x00000000a4300000, 0x00000000a4300000, 0x00000000a4400000|  0%| F|  |TAMS 0x00000000a4300000| PB 0x00000000a4300000| Untracked |  0
|  28|0x00000000a4400000, 0x00000000a4400000, 0x00000000a4500000|  0%| F|  |TAMS 0x00000000a4400000| PB 0x00000000a4400000| Untracked |  0
|  29|0x00000000a4500000, 0x00000000a4500000, 0x00000000a4600000|  0%| F|  |TAMS 0x00000000a4500000| PB 0x00000000a4500000| Untracked |  0
|  30|0x00000000a4600000, 0x00000000a4600000, 0x00000000a4700000|  0%| F|  |TAMS 0x00000000a4600000| PB 0x00000000a4600000| Untracked |  0
|  31|0x00000000a4700000, 0x00000000a4700000, 0x00000000a4800000|  0%| F|  |TAMS 0x00000000a4700000| PB 0x00000000a4700000| Untracked |  0
|  32|0x00000000a4800000, 0x00000000a4800000, 0x00000000a4900000|  0%| F|  |TAMS 0x00000000a4800000| PB 0x00000000a4800000| Untracked |  0
|  33|0x00000000a4900000, 0x00000000a4900000, 0x00000000a4a00000|  0%| F|  |TAMS 0x00000000a4900000| PB 0x00000000a4900000| Untracked |  0
|  34|0x00000000a4a00000, 0x00000000a4a00000, 0x00000000a4b00000|  0%| F|  |TAMS 0x00000000a4a00000| PB 0x00000000a4a00000| Untracked |  0
|  35|0x00000000a4b00000, 0x00000000a4b00000, 0x00000000a4c00000|  0%| F|  |TAMS 0x00000000a4b00000| PB 0x00000000a4b00000| Untracked |  0
|  36|0x00000000a4c00000, 0x00000000a4c00000, 0x00000000a4d00000|  0%| F|  |TAMS 0x00000000a4c00000| PB 0x00000000a4c00000| Untracked |  0
|  37|0x00000000a4d00000, 0x00000000a4d00000, 0x00000000a4e00000|  0%| F|  |TAMS 0x00000000a4d00000| PB 0x00000000a4d00000| Untracked |  0
|  38|0x00000000a4e00000, 0x00000000a4e00000, 0x00000000a4f00000|  0%| F|  |TAMS 0x00000000a4e00000| PB 0x00000000a4e00000| Untracked |  0
|  39|0x00000000a4f00000, 0x00000000a4f00000, 0x00000000a5000000|  0%| F|  |TAMS 0x00000000a4f00000| PB 0x00000000a4f00000| Untracked |  0
|  40|0x00000000a5000000, 0x00000000a5000000, 0x00000000a5100000|  0%| F|  |TAMS 0x00000000a5000000| PB 0x00000000a5000000| Untracked |  0
|  41|0x00000000a5100000, 0x00000000a5100000, 0x00000000a5200000|  0%| F|  |TAMS 0x00000000a5100000| PB 0x00000000a5100000| Untracked |  0
|  42|0x00000000a5200000, 0x00000000a5200000, 0x00000000a5300000|  0%| F|  |TAMS 0x00000000a5200000| PB 0x00000000a5200000| Untracked |  0
|  43|0x00000000a5300000, 0x00000000a5300000, 0x00000000a5400000|  0%| F|  |TAMS 0x00000000a5300000| PB 0x00000000a5300000| Untracked |  0
|  44|0x00000000a5400000, 0x00000000a5400000, 0x00000000a5500000|  0%| F|  |TAMS 0x00000000a5400000| PB 0x00000000a5400000| Untracked |  0
|  45|0x00000000a5500000, 0x00000000a5500000, 0x00000000a5600000|  0%| F|  |TAMS 0x00000000a5500000| PB 0x00000000a5500000| Untracked |  0
|  46|0x00000000a5600000, 0x00000000a5600000, 0x00000000a5700000|  0%| F|  |TAMS 0x00000000a5600000| PB 0x00000000a5600000| Untracked |  0
|  47|0x00000000a5700000, 0x00000000a5700000, 0x00000000a5800000|  0%| F|  |TAMS 0x00000000a5700000| PB 0x00000000a5700000| Untracked |  0
|  48|0x00000000a5800000, 0x00000000a5800000, 0x00000000a5900000|  0%| F|  |TAMS 0x00000000a5800000| PB 0x00000000a5800000| Untracked |  0
|  49|0x00000000a5900000, 0x00000000a5900000, 0x00000000a5a00000|  0%| F|  |TAMS 0x00000000a5900000| PB 0x00000000a5900000| Untracked |  0
|  50|0x00000000a5a00000, 0x00000000a5a00000, 0x00000000a5b00000|  0%| F|  |TAMS 0x00000000a5a00000| PB 0x00000000a5a00000| Untracked |  0
|  51|0x00000000a5b00000, 0x00000000a5b00000, 0x00000000a5c00000|  0%| F|  |TAMS 0x00000000a5b00000| PB 0x00000000a5b00000| Untracked |  0
|  52|0x00000000a5c00000, 0x00000000a5c00000, 0x00000000a5d00000|  0%| F|  |TAMS 0x00000000a5c00000| PB 0x00000000a5c00000| Untracked |  0
|  53|0x00000000a5d00000, 0x00000000a5d00000, 0x00000000a5e00000|  0%| F|  |TAMS 0x00000000a5d00000| PB 0x00000000a5d00000| Untracked |  0
|  54|0x00000000a5e00000, 0x00000000a5e00000, 0x00000000a5f00000|  0%| F|  |TAMS 0x00000000a5e00000| PB 0x00000000a5e00000| Untracked |  0
|  55|0x00000000a5f00000, 0x00000000a5f00000, 0x00000000a6000000|  0%| F|  |TAMS 0x00000000a5f00000| PB 0x00000000a5f00000| Untracked |  0
|  56|0x00000000a6000000, 0x00000000a6000000, 0x00000000a6100000|  0%| F|  |TAMS 0x00000000a6000000| PB 0x00000000a6000000| Untracked |  0
|  57|0x00000000a6100000, 0x00000000a6100000, 0x00000000a6200000|  0%| F|  |TAMS 0x00000000a6100000| PB 0x00000000a6100000| Untracked |  0
|  58|0x00000000a6200000, 0x00000000a6200000, 0x00000000a6300000|  0%| F|  |TAMS 0x00000000a6200000| PB 0x00000000a6200000| Untracked |  0
|  59|0x00000000a6300000, 0x00000000a6300000, 0x00000000a6400000|  0%| F|  |TAMS 0x00000000a6300000| PB 0x00000000a6300000| Untracked |  0
|  60|0x00000000a6400000, 0x00000000a6400000, 0x00000000a6500000|  0%| F|  |TAMS 0x00000000a6400000| PB 0x00000000a6400000| Untracked |  0
|  61|0x00000000a6500000, 0x00000000a6500000, 0x00000000a6600000|  0%| F|  |TAMS 0x00000000a6500000| PB 0x00000000a6500000| Untracked |  0
|  62|0x00000000a6600000, 0x00000000a6600000, 0x00000000a6700000|  0%| F|  |TAMS 0x00000000a6600000| PB 0x00000000a6600000| Untracked |  0
|  63|0x00000000a6700000, 0x00000000a6700000, 0x00000000a6800000|  0%| F|  |TAMS 0x00000000a6700000| PB 0x00000000a6700000| Untracked |  0
|  64|0x00000000a6800000, 0x00000000a6800000, 0x00000000a6900000|  0%| F|  |TAMS 0x00000000a6800000| PB 0x00000000a6800000| Untracked |  0
|  65|0x00000000a6900000, 0x00000000a6900000, 0x00000000a6a00000|  0%| F|  |TAMS 0x00000000a6900000| PB 0x00000000a6900000| Untracked |  0
|  66|0x00000000a6a00000, 0x00000000a6a00000, 0x00000000a6b00000|  0%| F|  |TAMS 0x00000000a6a00000| PB 0x00000000a6a00000| Untracked |  0
|  67|0x00000000a6b00000, 0x00000000a6b00000, 0x00000000a6c00000|  0%| F|  |TAMS 0x00000000a6b00000| PB 0x00000000a6b00000| Untracked |  0
|  68|0x00000000a6c00000, 0x00000000a6c00000, 0x00000000a6d00000|  0%| F|  |TAMS 0x00000000a6c00000| PB 0x00000000a6c00000| Untracked |  0
|  69|0x00000000a6d00000, 0x00000000a6d00000, 0x00000000a6e00000|  0%| F|  |TAMS 0x00000000a6d00000| PB 0x00000000a6d00000| Untracked |  0
|  70|0x00000000a6e00000, 0x00000000a6e00000, 0x00000000a6f00000|  0%| F|  |TAMS 0x00000000a6e00000| PB 0x00000000a6e00000| Untracked |  0
|  71|0x00000000a6f00000, 0x00000000a6f00000, 0x00000000a7000000|  0%| F|  |TAMS 0x00000000a6f00000| PB 0x00000000a6f00000| Untracked |  0
|  72|0x00000000a7000000, 0x00000000a7000000, 0x00000000a7100000|  0%| F|  |TAMS 0x00000000a7000000| PB 0x00000000a7000000| Untracked |  0
|  73|0x00000000a7100000, 0x00000000a7100000, 0x00000000a7200000|  0%| F|  |TAMS 0x00000000a7100000| PB 0x00000000a7100000| Untracked |  0
|  74|0x00000000a7200000, 0x00000000a7300000, 0x00000000a7300000|100%| S|CS|TAMS 0x00000000a7200000| PB 0x00000000a7200000| Complete |  0
|  75|0x00000000a7300000, 0x00000000a7400000, 0x00000000a7400000|100%| S|CS|TAMS 0x00000000a7300000| PB 0x00000000a7300000| Complete |  0
|  76|0x00000000a7400000, 0x00000000a7400000, 0x00000000a7500000|  0%| F|  |TAMS 0x00000000a7400000| PB 0x00000000a7400000| Untracked |  0
|  77|0x00000000a7500000, 0x00000000a7500000, 0x00000000a7600000|  0%| F|  |TAMS 0x00000000a7500000| PB 0x00000000a7500000| Untracked |  0
|  78|0x00000000a7600000, 0x00000000a7600000, 0x00000000a7700000|  0%| F|  |TAMS 0x00000000a7600000| PB 0x00000000a7600000| Untracked |  0
|  79|0x00000000a7700000, 0x00000000a7700000, 0x00000000a7800000|  0%| F|  |TAMS 0x00000000a7700000| PB 0x00000000a7700000| Untracked |  0
|  80|0x00000000a7800000, 0x00000000a7800000, 0x00000000a7900000|  0%| F|  |TAMS 0x00000000a7800000| PB 0x00000000a7800000| Untracked |  0
|  81|0x00000000a7900000, 0x00000000a7900000, 0x00000000a7a00000|  0%| F|  |TAMS 0x00000000a7900000| PB 0x00000000a7900000| Untracked |  0
|  82|0x00000000a7a00000, 0x00000000a7a00000, 0x00000000a7b00000|  0%| F|  |TAMS 0x00000000a7a00000| PB 0x00000000a7a00000| Untracked |  0
|  83|0x00000000a7b00000, 0x00000000a7b00000, 0x00000000a7c00000|  0%| F|  |TAMS 0x00000000a7b00000| PB 0x00000000a7b00000| Untracked |  0
|  84|0x00000000a7c00000, 0x00000000a7c00000, 0x00000000a7d00000|  0%| F|  |TAMS 0x00000000a7c00000| PB 0x00000000a7c00000| Untracked |  0
|  85|0x00000000a7d00000, 0x00000000a7d00000, 0x00000000a7e00000|  0%| F|  |TAMS 0x00000000a7d00000| PB 0x00000000a7d00000| Untracked |  0
|  86|0x00000000a7e00000, 0x00000000a7e00000, 0x00000000a7f00000|  0%| F|  |TAMS 0x00000000a7e00000| PB 0x00000000a7e00000| Untracked |  0
|  87|0x00000000a7f00000, 0x00000000a7f00000, 0x00000000a8000000|  0%| F|  |TAMS 0x00000000a7f00000| PB 0x00000000a7f00000| Untracked |  0
|  88|0x00000000a8000000, 0x00000000a8000000, 0x00000000a8100000|  0%| F|  |TAMS 0x00000000a8000000| PB 0x00000000a8000000| Untracked |  0
|  89|0x00000000a8100000, 0x00000000a8100000, 0x00000000a8200000|  0%| F|  |TAMS 0x00000000a8100000| PB 0x00000000a8100000| Untracked |  0
|  90|0x00000000a8200000, 0x00000000a8200000, 0x00000000a8300000|  0%| F|  |TAMS 0x00000000a8200000| PB 0x00000000a8200000| Untracked |  0
|  91|0x00000000a8300000, 0x00000000a8300000, 0x00000000a8400000|  0%| F|  |TAMS 0x00000000a8300000| PB 0x00000000a8300000| Untracked |  0
|  92|0x00000000a8400000, 0x00000000a8400000, 0x00000000a8500000|  0%| F|  |TAMS 0x00000000a8400000| PB 0x00000000a8400000| Untracked |  0
|  93|0x00000000a8500000, 0x00000000a8500000, 0x00000000a8600000|  0%| F|  |TAMS 0x00000000a8500000| PB 0x00000000a8500000| Untracked |  0

Card table byte_map: [0x0000022f0d740000,0x0000022f0da30000] _byte_map_base: 0x0000022f0d22c000

Marking Bits: (CMBitMap*) 0x0000022f01e42240
 Bits: [0x0000022f0da30000, 0x0000022f0f190000)

Polling page: 0x0000022f015a0000

Metaspace:

Usage:
  Non-class:     17.90 MB used.
      Class:      2.80 MB used.
       Both:     20.70 MB used.

Virtual space:
  Non-class space:       64.00 MB reserved,      18.06 MB ( 28%) committed,  1 nodes.
      Class space:        1.00 GB reserved,       2.94 MB ( <1%) committed,  1 nodes.
             Both:        1.06 GB reserved,      21.00 MB (  2%) committed. 

Chunk freelists:
   Non-Class:  13.25 MB
       Class:  13.00 MB
        Both:  26.25 MB

MaxMetaspaceSize: unlimited
CompressedClassSpaceSize: 1.00 GB
Initial GC threshold: 21.00 MB
Current GC threshold: 21.00 MB
CDS: on
 - commit_granule_bytes: 65536.
 - commit_granule_words: 8192.
 - virtual_space_node_default_size: 8388608.
 - enlarge_chunks_in_place: 1.
 - use_allocation_guard: 0.


Internal statistics:

num_allocs_failed_limit: 3.
num_arena_births: 368.
num_arena_deaths: 0.
num_vsnodes_births: 2.
num_vsnodes_deaths: 0.
num_space_committed: 336.
num_space_uncommitted: 0.
num_chunks_returned_to_freelist: 3.
num_chunks_taken_from_freelist: 1166.
num_chunk_merges: 3.
num_chunk_splits: 758.
num_chunks_enlarged: 512.
num_inconsistent_stats: 0.

CodeCache: size=49152Kb used=7223Kb max_used=7223Kb free=41928Kb
 bounds [0x0000022f0a120000, 0x0000022f0a830000, 0x0000022f0d120000]
 total_blobs=3970 nmethods=3442 adapters=451
 compilation: enabled
              stopped_count=0, restarted_count=0
 full_count=0

Compilation events (20 events):
Event: 3.244 Thread 0x0000022f11e5e4c0 3436       1       org.springframework.core.type.classreading.SimpleAnnotationMetadataReadingVisitor::visit (86 bytes)
Event: 3.244 Thread 0x0000022f570ccca0 nmethod 3432 0x0000022f0a82a110 code [0x0000022f0a82a400, 0x0000022f0a82abf0]
Event: 3.244 Thread 0x0000022f570ccca0 3434       1       org.springframework.asm.ClassReader::computeBufferSize (23 bytes)
Event: 3.244 Thread 0x0000022f570ccca0 nmethod 3434 0x0000022f0a82b310 code [0x0000022f0a82b4c0, 0x0000022f0a82b5d8]
Event: 3.244 Thread 0x0000022f570ccca0 3435       1       java.io.ByteArrayOutputStream::close (1 bytes)
Event: 3.244 Thread 0x0000022f570ccca0 nmethod 3435 0x0000022f0a82b690 code [0x0000022f0a82b820, 0x0000022f0a82b8e8]
Event: 3.244 Thread 0x0000022f570ccca0 3437       1       org.springframework.core.type.classreading.SimpleAnnotationMetadataReadingVisitor::isInterface (14 bytes)
Event: 3.244 Thread 0x0000022f570ccca0 nmethod 3437 0x0000022f0a82b990 code [0x0000022f0a82bb20, 0x0000022f0a82bc00]
Event: 3.244 Thread 0x0000022f570ccca0 3438       1       org.springframework.core.type.classreading.SimpleAnnotationMetadataReadingVisitor::visitEnd (53 bytes)
Event: 3.244 Thread 0x0000022f11e5e4c0 nmethod 3436 0x0000022f0a82bc90 code [0x0000022f0a82bea0, 0x0000022f0a82c3a8]
Event: 3.244 Thread 0x0000022f11e5e4c0 3439       1       org.springframework.core.type.classreading.SimpleAnnotationMetadata::<init> (56 bytes)
Event: 3.244 Thread 0x0000022f570ccca0 nmethod 3438 0x0000022f0a82c690 code [0x0000022f0a82c860, 0x0000022f0a82cc10]
Event: 3.244 Thread 0x0000022f570ccca0 3440       1       java.lang.String::isBlank (17 bytes)
Event: 3.244 Thread 0x0000022f11e5e4c0 nmethod 3439 0x0000022f0a82cd90 code [0x0000022f0a82cf40, 0x0000022f0a82d2a8]
Event: 3.245 Thread 0x0000022f570ccca0 nmethod 3440 0x0000022f0a82d310 code [0x0000022f0a82d4c0, 0x0000022f0a82d620]
Event: 3.246 Thread 0x0000022f570ccca0 3441       1       org.springframework.beans.factory.support.DefaultListableBeanFactory::isAllowEagerClassLoading (5 bytes)
Event: 3.246 Thread 0x0000022f570ccca0 nmethod 3441 0x0000022f0a82d710 code [0x0000022f0a82d8a0, 0x0000022f0a82d970]
Event: 3.246 Thread 0x0000022f570ccca0 3442       1       org.springframework.beans.factory.support.AbstractBeanFactory::getBeanClassLoader (5 bytes)
Event: 3.246 Thread 0x0000022f570ccca0 nmethod 3442 0x0000022f0a82da10 code [0x0000022f0a82dba0, 0x0000022f0a82dc68]
Event: 3.267 Thread 0x0000022f570ccca0 3443   !   1       org.springframework.beans.factory.support.DefaultListableBeanFactory::doGetBeanNamesForType (505 bytes)

GC Heap History (9 events):
Event: 0.728 GC heap before
{Heap before GC invocations=0 (full 0):
 garbage-first heap   total reserved 1531904K, committed 96256K, used 29696K [0x00000000a2800000, 0x0000000100000000)
  region size 1024K, 24 young (24576K), 0 survivors (0K)
 Metaspace       used 2835K, committed 3072K, reserved 1114112K
  class space    used 344K, committed 448K, reserved 1048576K
}
Event: 0.744 GC heap after
{Heap after GC invocations=1 (full 0):
 garbage-first heap   total reserved 1531904K, committed 96256K, used 13952K [0x00000000a2800000, 0x0000000100000000)
  region size 1024K, 3 young (3072K), 3 survivors (3072K)
 Metaspace       used 2835K, committed 3072K, reserved 1114112K
  class space    used 344K, committed 448K, reserved 1048576K
}
Event: 1.187 GC heap before
{Heap before GC invocations=1 (full 0):
 garbage-first heap   total reserved 1531904K, committed 96256K, used 32384K [0x00000000a2800000, 0x0000000100000000)
  region size 1024K, 21 young (21504K), 3 survivors (3072K)
 Metaspace       used 7280K, committed 7552K, reserved 1114112K
  class space    used 942K, committed 1088K, reserved 1048576K
}
Event: 1.200 GC heap after
{Heap after GC invocations=2 (full 0):
 garbage-first heap   total reserved 1531904K, committed 96256K, used 16593K [0x00000000a2800000, 0x0000000100000000)
  region size 1024K, 3 young (3072K), 3 survivors (3072K)
 Metaspace       used 7280K, committed 7552K, reserved 1114112K
  class space    used 942K, committed 1088K, reserved 1048576K
}
Event: 1.912 GC heap before
{Heap before GC invocations=2 (full 0):
 garbage-first heap   total reserved 1531904K, committed 96256K, used 51409K [0x00000000a2800000, 0x0000000100000000)
  region size 1024K, 38 young (38912K), 3 survivors (3072K)
 Metaspace       used 14128K, committed 14464K, reserved 1114112K
  class space    used 1881K, committed 2048K, reserved 1048576K
}
Event: 1.922 GC heap after
{Heap after GC invocations=3 (full 0):
 garbage-first heap   total reserved 1531904K, committed 96256K, used 19268K [0x00000000a2800000, 0x0000000100000000)
  region size 1024K, 5 young (5120K), 5 survivors (5120K)
 Metaspace       used 14128K, committed 14464K, reserved 1114112K
  class space    used 1881K, committed 2048K, reserved 1048576K
}
Event: 2.902 GC heap before
{Heap before GC invocations=3 (full 0):
 garbage-first heap   total reserved 1531904K, committed 96256K, used 67396K [0x00000000a2800000, 0x0000000100000000)
  region size 1024K, 53 young (54272K), 5 survivors (5120K)
 Metaspace       used 19514K, committed 19840K, reserved 1114112K
  class space    used 2623K, committed 2752K, reserved 1048576K
}
Event: 2.923 GC heap after
{Heap after GC invocations=4 (full 0):
 garbage-first heap   total reserved 1531904K, committed 96256K, used 23669K [0x00000000a2800000, 0x0000000100000000)
  region size 1024K, 7 young (7168K), 7 survivors (7168K)
 Metaspace       used 19514K, committed 19840K, reserved 1114112K
  class space    used 2623K, committed 2752K, reserved 1048576K
}
Event: 3.272 GC heap before
{Heap before GC invocations=4 (full 0):
 garbage-first heap   total reserved 1531904K, committed 96256K, used 41077K [0x00000000a2800000, 0x0000000100000000)
  region size 1024K, 25 young (25600K), 7 survivors (7168K)
 Metaspace       used 21200K, committed 21504K, reserved 1114112K
  class space    used 2870K, committed 3008K, reserved 1048576K
}

Dll operation events (7 events):
Event: 0.011 Loaded shared library C:\Program Files\OpenJDK\jdk-22.0.2\bin\java.dll
Event: 0.150 Loaded shared library C:\Program Files\OpenJDK\jdk-22.0.2\bin\net.dll
Event: 0.153 Loaded shared library C:\Program Files\OpenJDK\jdk-22.0.2\bin\nio.dll
Event: 0.158 Loaded shared library C:\Program Files\OpenJDK\jdk-22.0.2\bin\zip.dll
Event: 0.360 Loaded shared library C:\Program Files\OpenJDK\jdk-22.0.2\bin\jimage.dll
Event: 1.662 Loaded shared library C:\Program Files\OpenJDK\jdk-22.0.2\bin\le.dll
Event: 2.155 Loaded shared library C:\Program Files\OpenJDK\jdk-22.0.2\bin\sunmscapi.dll

Deoptimization events (0 events):
No events

Classes loaded (20 events):
Event: 2.164 Loading class java/lang/AssertionError
Event: 2.164 Loading class java/lang/AssertionError done
Event: 2.164 Loading class javax/security/auth/Subject
Event: 2.165 Loading class javax/security/auth/Subject done
Event: 2.165 Loading class javax/security/auth/callback/CallbackHandler
Event: 2.165 Loading class javax/security/auth/callback/CallbackHandler done
Event: 2.168 Loading class com/sun/security/sasl/Provider
Event: 2.168 Loading class com/sun/security/sasl/Provider done
Event: 2.169 Loading class com/sun/security/sasl/Provider$1
Event: 2.169 Loading class com/sun/security/sasl/Provider$1 done
Event: 2.169 Loading class com/sun/security/sasl/Provider$ProviderService
Event: 2.169 Loading class com/sun/security/sasl/Provider$ProviderService done
Event: 2.169 Loading class sun/security/provider/certpath/ldap/JdkLDAP
Event: 2.170 Loading class sun/security/provider/certpath/ldap/JdkLDAP done
Event: 2.170 Loading class sun/security/provider/certpath/ldap/JdkLDAP$ProviderService
Event: 2.171 Loading class sun/security/provider/certpath/ldap/JdkLDAP$ProviderService done
Event: 2.243 Loading class javax/naming/ldap/LdapContext
Event: 2.243 Loading class javax/naming/directory/DirContext
Event: 2.243 Loading class javax/naming/directory/DirContext done
Event: 2.243 Loading class javax/naming/ldap/LdapContext done

Classes unloaded (0 events):
No events

Classes redefined (0 events):
No events

Internal exceptions (20 events):
Event: 1.516 Thread 0x0000022f7fbf9c50 Exception <a 'java/lang/NoSuchMethodError'{0x00000000a7e52ba8}: 'void java.lang.invoke.DirectMethodHandle$Holder.invokeStaticInit(java.lang.Object, java.lang.Object, java.lang.Object)'> (0x00000000a7e52ba8) 
thrown [s\open\src\hotspot\share\interpreter\linkResolver.cpp, line 774]
Event: 1.538 Thread 0x0000022f7fbf9c50 Exception <a 'java/lang/NoSuchMethodError'{0x00000000a7ed51e8}: 'void java.lang.invoke.DirectMethodHandle$Holder.invokeVirtual(java.lang.Object, java.lang.Object, java.lang.Object, java.lang.Object)'> (0x00000000a7ed51e8) 
thrown [s\open\src\hotspot\share\interpreter\linkResolver.cpp, line 774]
Event: 1.610 Thread 0x0000022f7fbf9c50 Exception <a 'java/lang/NoSuchMethodError'{0x00000000a7b800c0}: 'void java.lang.invoke.DirectMethodHandle$Holder.invokeSpecial(java.lang.Object, java.lang.Object, java.lang.Object)'> (0x00000000a7b800c0) 
thrown [s\open\src\hotspot\share\interpreter\linkResolver.cpp, line 774]
Event: 1.626 Thread 0x0000022f7fbf9c50 Exception <a 'java/lang/IncompatibleClassChangeError'{0x00000000a7a4d538}: Found class java.lang.Object, but interface was expected> (0x00000000a7a4d538) 
thrown [s\open\src\hotspot\share\interpreter\linkResolver.cpp, line 841]
Event: 1.637 Thread 0x0000022f7fbf9c50 Exception <a 'java/lang/NoSuchMethodError'{0x00000000a7a9ac80}: 'java.lang.Object java.lang.invoke.DirectMethodHandle$Holder.invokeStaticInit(java.lang.Object, int)'> (0x00000000a7a9ac80) 
thrown [s\open\src\hotspot\share\interpreter\linkResolver.cpp, line 774]
Event: 1.639 Thread 0x0000022f7fbf9c50 Exception <a 'java/lang/NoSuchMethodError'{0x00000000a7aa5060}: 'java.lang.Object java.lang.invoke.DirectMethodHandle$Holder.invokeStatic(java.lang.Object, int, java.lang.Object)'> (0x00000000a7aa5060) 
thrown [s\open\src\hotspot\share\interpreter\linkResolver.cpp, line 774]
Event: 1.640 Thread 0x0000022f7fbf9c50 Exception <a 'java/lang/NoSuchMethodError'{0x00000000a7aa86e0}: 'java.lang.Object java.lang.invoke.DirectMethodHandle$Holder.invokeStaticInit(java.lang.Object, int, java.lang.Object)'> (0x00000000a7aa86e0) 
thrown [s\open\src\hotspot\share\interpreter\linkResolver.cpp, line 774]
Event: 1.652 Thread 0x0000022f7fbf9c50 Exception <a 'sun/nio/fs/WindowsException'{0x00000000a7aca550}> (0x00000000a7aca550) 
thrown [s\open\src\hotspot\share\prims\jni.cpp, line 520]
Event: 1.729 Thread 0x0000022f7fbf9c50 Exception <a 'java/lang/NoSuchMethodError'{0x00000000a705db50}: 'int java.lang.invoke.DirectMethodHandle$Holder.invokeVirtual(java.lang.Object, java.lang.Object)'> (0x00000000a705db50) 
thrown [s\open\src\hotspot\share\interpreter\linkResolver.cpp, line 774]
Event: 1.999 Thread 0x0000022f11e56360 Exception <a 'java/lang/NoSuchMethodError'{0x00000000a7f6f680}: 'long java.lang.invoke.DirectMethodHandle$Holder.invokeSpecial(java.lang.Object, java.lang.Object)'> (0x00000000a7f6f680) 
thrown [s\open\src\hotspot\share\interpreter\linkResolver.cpp, line 774]
Event: 2.001 Thread 0x0000022f11e56360 Exception <a 'java/lang/NoSuchMethodError'{0x00000000a7ff9600}: 'long java.lang.invoke.DirectMethodHandle$Holder.invokeStatic(java.lang.Object, java.lang.Object)'> (0x00000000a7ff9600) 
thrown [s\open\src\hotspot\share\interpreter\linkResolver.cpp, line 774]
Event: 2.001 Thread 0x0000022f11e56360 Exception <a 'java/lang/NoSuchMethodError'{0x00000000a7ffc6e8}: 'long java.lang.invoke.DirectMethodHandle$Holder.invokeStaticInit(java.lang.Object, java.lang.Object)'> (0x00000000a7ffc6e8) 
thrown [s\open\src\hotspot\share\interpreter\linkResolver.cpp, line 774]
Event: 2.003 Thread 0x0000022f11e56360 Exception <a 'java/lang/NoSuchMethodError'{0x00000000a7e08948}: 'long java.lang.invoke.DirectMethodHandle$Holder.invokeInterface(java.lang.Object, java.lang.Object)'> (0x00000000a7e08948) 
thrown [s\open\src\hotspot\share\interpreter\linkResolver.cpp, line 774]
Event: 2.003 Thread 0x0000022f11e56360 Exception <a 'java/lang/IncompatibleClassChangeError'{0x00000000a7e0b958}: Found class java.lang.Object, but interface was expected> (0x00000000a7e0b958) 
thrown [s\open\src\hotspot\share\interpreter\linkResolver.cpp, line 841]
Event: 2.008 Thread 0x0000022f11e56360 Exception <a 'java/lang/NoSuchMethodError'{0x00000000a7e2aa60}: 'java.lang.Object java.lang.invoke.DirectMethodHandle$Holder.invokeVirtual(java.lang.Object, java.lang.Object, java.lang.Object, java.lang.Object)'> (0x00000000a7e2aa60) 
thrown [s\open\src\hotspot\share\interpreter\linkResolver.cpp, line 774]
Event: 2.027 Thread 0x0000022f11e56360 Exception <a 'java/lang/NoSuchMethodError'{0x00000000a7d5b890}: 'java.lang.Object java.lang.invoke.DirectMethodHandle$Holder.invokeStaticInit(java.lang.Object, java.lang.Object, java.lang.Object, java.lang.Object, java.lang.Object)'> (0x00000000a7d5b890) 
thrown [s\open\src\hotspot\share\interpreter\linkResolver.cpp, line 774]
Event: 2.132 Thread 0x0000022f7fbf9c50 Exception <a 'java/lang/NoSuchMethodError'{0x00000000a77522d8}: 'java.lang.Object java.lang.invoke.DirectMethodHandle$Holder.invokeVirtual(java.lang.Object, java.lang.Object, java.lang.Object)'> (0x00000000a77522d8) 
thrown [s\open\src\hotspot\share\interpreter\linkResolver.cpp, line 774]
Event: 2.142 Thread 0x0000022f7fbf9c50 Exception <a 'java/lang/NoSuchMethodError'{0x00000000a778d960}: 'int java.lang.invoke.DirectMethodHandle$Holder.invokeSpecial(java.lang.Object, java.lang.Object, java.lang.Object, java.lang.Object, java.lang.Object)'> (0x00000000a778d960) 
thrown [s\open\src\hotspot\share\interpreter\linkResolver.cpp, line 774]
Event: 2.160 Thread 0x0000022f7fbf9c50 Exception <a 'java/lang/IncompatibleClassChangeError'{0x00000000a76becc8}: Found class java.lang.Object, but interface was expected> (0x00000000a76becc8) 
thrown [s\open\src\hotspot\share\interpreter\linkResolver.cpp, line 841]
Event: 2.319 Thread 0x0000022f7fbf9c50 Exception <a 'java/lang/IncompatibleClassChangeError'{0x00000000a6c08d88}: Found class java.lang.Object, but interface was expected> (0x00000000a6c08d88) 
thrown [s\open\src\hotspot\share\interpreter\linkResolver.cpp, line 841]

ZGC Phase Switch (0 events):
No events

VM Operations (20 events):
Event: 1.780 Executing VM operation: HandshakeAllThreads (Deoptimize) done
Event: 1.781 Executing VM operation: HandshakeAllThreads (Deoptimize)
Event: 1.781 Executing VM operation: HandshakeAllThreads (Deoptimize) done
Event: 1.912 Executing VM operation: G1CollectForAllocation (G1 Evacuation Pause)
Event: 1.922 Executing VM operation: G1CollectForAllocation (G1 Evacuation Pause) done
Event: 2.047 Executing VM operation: HandshakeAllThreads (Deoptimize)
Event: 2.048 Executing VM operation: HandshakeAllThreads (Deoptimize) done
Event: 2.108 Executing VM operation: HandshakeAllThreads (Deoptimize)
Event: 2.109 Executing VM operation: HandshakeAllThreads (Deoptimize) done
Event: 2.331 Executing VM operation: HandshakeAllThreads (Deoptimize)
Event: 2.331 Executing VM operation: HandshakeAllThreads (Deoptimize) done
Event: 2.545 Executing VM operation: ICBufferFull
Event: 2.545 Executing VM operation: ICBufferFull done
Event: 2.827 Executing VM operation: HandshakeAllThreads (Deoptimize)
Event: 2.828 Executing VM operation: HandshakeAllThreads (Deoptimize) done
Event: 2.902 Executing VM operation: G1CollectForAllocation (G1 Evacuation Pause)
Event: 2.923 Executing VM operation: G1CollectForAllocation (G1 Evacuation Pause) done
Event: 2.942 Executing VM operation: HandshakeAllThreads (Deoptimize)
Event: 2.942 Executing VM operation: HandshakeAllThreads (Deoptimize) done
Event: 3.272 Executing VM operation: CollectForMetadataAllocation (Metadata GC Threshold)

Memory protections (0 events):
No events

Nmethod flushes (0 events):
No events

Events (18 events):
Event: 0.032 Thread 0x0000022f7fbf9c50 Thread added: 0x0000022f7fbf9c50
Event: 0.047 Thread 0x0000022f7fbf9c50 Thread added: 0x0000022f11e45920
Event: 0.047 Thread 0x0000022f7fbf9c50 Thread added: 0x0000022f11e486a0
Event: 0.048 Thread 0x0000022f7fbf9c50 Thread added: 0x0000022f11e4a0b0
Event: 0.048 Thread 0x0000022f7fbf9c50 Thread added: 0x0000022f11e4c1a0
Event: 0.048 Thread 0x0000022f7fbf9c50 Thread added: 0x0000022f11e55780
Event: 0.048 Thread 0x0000022f7fbf9c50 Thread added: 0x0000022f11e57080
Event: 0.048 Thread 0x0000022f7fbf9c50 Thread added: 0x0000022f11e5e4c0
Event: 0.140 Thread 0x0000022f11e5e4c0 Thread added: 0x0000022f570ccca0
Event: 0.141 Thread 0x0000022f7fbf9c50 Thread added: 0x0000022f11e59150
Event: 0.145 Thread 0x0000022f7fbf9c50 Thread added: 0x0000022f11e57710
Event: 1.383 Thread 0x0000022f7fbf9c50 Thread added: 0x0000022f11e57da0
Event: 1.499 Thread 0x0000022f11e57da0 Thread exited: 0x0000022f11e57da0
Event: 1.613 Thread 0x0000022f7fbf9c50 Thread added: 0x0000022f11e56360
Event: 1.727 Thread 0x0000022f7fbf9c50 Thread added: 0x0000022f11e597e0
Event: 2.173 Thread 0x0000022f11e56360 Thread exited: 0x0000022f11e56360
Event: 2.206 Thread 0x0000022f7fbf9c50 Thread added: 0x0000022f11e56360
Event: 2.281 Thread 0x0000022f11e56360 Thread exited: 0x0000022f11e56360


Dynamic libraries:
0x00007ff60e190000 - 0x00007ff60e19e000 	C:\Program Files\OpenJDK\jdk-22.0.2\bin\java.exe
0x00007ffa67190000 - 0x00007ffa673a7000 	C:\Windows\SYSTEM32\ntdll.dll
0x00007ffa65a90000 - 0x00007ffa65b54000 	C:\Windows\System32\KERNEL32.DLL
0x00007ffa64740000 - 0x00007ffa64b10000 	C:\Windows\System32\KERNELBASE.dll
0x00007ffa644e0000 - 0x00007ffa645f1000 	C:\Windows\System32\ucrtbase.dll
0x00007ffa40a00000 - 0x00007ffa40a1b000 	C:\Program Files\OpenJDK\jdk-22.0.2\bin\VCRUNTIME140.dll
0x00007ffa409e0000 - 0x00007ffa409f7000 	C:\Program Files\OpenJDK\jdk-22.0.2\bin\jli.dll
0x00007ffa66fa0000 - 0x00007ffa6714e000 	C:\Windows\System32\USER32.dll
0x00007ffa46de0000 - 0x00007ffa47072000 	C:\Windows\WinSxS\amd64_microsoft.windows.common-controls_6595b64144ccf1df_6.0.22621.4830_none_270fe7d773858e80\COMCTL32.dll
0x00007ffa64b10000 - 0x00007ffa64b36000 	C:\Windows\System32\win32u.dll
0x00007ffa64ed0000 - 0x00007ffa64f77000 	C:\Windows\System32\msvcrt.dll
0x00007ffa64f80000 - 0x00007ffa64fa9000 	C:\Windows\System32\GDI32.dll
0x00007ffa64ce0000 - 0x00007ffa64dfb000 	C:\Windows\System32\gdi32full.dll
0x00007ffa64440000 - 0x00007ffa644da000 	C:\Windows\System32\msvcp_win.dll
0x00007ffa66c00000 - 0x00007ffa66c31000 	C:\Windows\System32\IMM32.DLL
0x00007ffa5fda0000 - 0x00007ffa5fdac000 	C:\Program Files\OpenJDK\jdk-22.0.2\bin\vcruntime140_1.dll
0x00007ffa3d700000 - 0x00007ffa3d78e000 	C:\Program Files\OpenJDK\jdk-22.0.2\bin\msvcp140.dll
0x00007ff9a63e0000 - 0x00007ff9a7129000 	C:\Program Files\OpenJDK\jdk-22.0.2\bin\server\jvm.dll
0x00007ffa66ee0000 - 0x00007ffa66f91000 	C:\Windows\System32\ADVAPI32.dll
0x00007ffa66b50000 - 0x00007ffa66bf7000 	C:\Windows\System32\sechost.dll
0x00007ffa64b40000 - 0x00007ffa64b68000 	C:\Windows\System32\bcrypt.dll
0x00007ffa66dc0000 - 0x00007ffa66ed4000 	C:\Windows\System32\RPCRT4.dll
0x00007ffa66a40000 - 0x00007ffa66ab1000 	C:\Windows\System32\WS2_32.dll
0x00007ffa5f7a0000 - 0x00007ffa5f7d4000 	C:\Windows\SYSTEM32\WINMM.dll
0x00007ffa640b0000 - 0x00007ffa640fd000 	C:\Windows\SYSTEM32\POWRPROF.dll
0x00007ffa5bf40000 - 0x00007ffa5bf4a000 	C:\Windows\SYSTEM32\VERSION.dll
0x00007ffa64090000 - 0x00007ffa640a3000 	C:\Windows\SYSTEM32\UMPDC.dll
0x00007ffa63480000 - 0x00007ffa63498000 	C:\Windows\SYSTEM32\kernel.appcore.dll
0x00007ffa5bd10000 - 0x00007ffa5bd1a000 	C:\Program Files\OpenJDK\jdk-22.0.2\bin\jimage.dll
0x00007ffa61dc0000 - 0x00007ffa61ff2000 	C:\Windows\SYSTEM32\DBGHELP.DLL
0x00007ffa650e0000 - 0x00007ffa65470000 	C:\Windows\System32\combase.dll
0x00007ffa65990000 - 0x00007ffa65a67000 	C:\Windows\System32\OLEAUT32.dll
0x00007ffa5c200000 - 0x00007ffa5c232000 	C:\Windows\SYSTEM32\dbgcore.DLL
0x00007ffa64600000 - 0x00007ffa6467b000 	C:\Windows\System32\bcryptPrimitives.dll
0x00007ffa409c0000 - 0x00007ffa409de000 	C:\Program Files\OpenJDK\jdk-22.0.2\bin\java.dll
0x00007ffa65ff0000 - 0x00007ffa66868000 	C:\Windows\System32\SHELL32.dll
0x00007ffa65b60000 - 0x00007ffa65d01000 	C:\Windows\System32\ole32.dll
0x00007ffa62340000 - 0x00007ffa62c50000 	C:\Windows\SYSTEM32\windows.storage.dll
0x00007ffa62200000 - 0x00007ffa6233f000 	C:\Windows\SYSTEM32\wintypes.dll
0x00007ffa65d80000 - 0x00007ffa65e8a000 	C:\Windows\System32\SHCORE.dll
0x00007ffa65d10000 - 0x00007ffa65d6e000 	C:\Windows\System32\shlwapi.dll
0x00007ffa64370000 - 0x00007ffa6439b000 	C:\Windows\SYSTEM32\profapi.dll
0x00007ffa5bc70000 - 0x00007ffa5bc80000 	C:\Program Files\OpenJDK\jdk-22.0.2\bin\net.dll
0x00007ffa63900000 - 0x00007ffa6396a000 	C:\Windows\system32\mswsock.dll
0x00007ffa404e0000 - 0x00007ffa404f6000 	C:\Program Files\OpenJDK\jdk-22.0.2\bin\nio.dll
0x00007ffa404c0000 - 0x00007ffa404d7000 	C:\Program Files\OpenJDK\jdk-22.0.2\bin\zip.dll
0x00007ffa62ef0000 - 0x00007ffa62f1d000 	C:\Windows\SYSTEM32\IPHLPAPI.DLL
0x00007ffa66a30000 - 0x00007ffa66a39000 	C:\Windows\System32\NSI.dll
0x00007ffa62f20000 - 0x00007ffa63022000 	C:\Windows\SYSTEM32\DNSAPI.dll
0x00007ffa5fb10000 - 0x00007ffa5fb1a000 	C:\Windows\System32\rasadhlp.dll
0x00007ffa5fb80000 - 0x00007ffa5fc03000 	C:\Windows\System32\fwpuclnt.dll
0x00007ffa5b5a0000 - 0x00007ffa5b5ab000 	C:\Program Files\OpenJDK\jdk-22.0.2\bin\le.dll
0x00007ffa4a8e0000 - 0x00007ffa4a8ee000 	C:\Program Files\OpenJDK\jdk-22.0.2\bin\sunmscapi.dll
0x00007ffa64b70000 - 0x00007ffa64cd6000 	C:\Windows\System32\CRYPT32.dll
0x00007ffa63d80000 - 0x00007ffa63dad000 	C:\Windows\SYSTEM32\ncrypt.dll
0x00007ffa63d40000 - 0x00007ffa63d77000 	C:\Windows\SYSTEM32\NTASN1.dll

dbghelp: loaded successfully - version: 4.0.5 - missing functions: none
symbol engine: initialized successfully - sym options: 0x614 - pdb path: .;C:\Program Files\OpenJDK\jdk-22.0.2\bin;C:\Windows\SYSTEM32;C:\Windows\WinSxS\amd64_microsoft.windows.common-controls_6595b64144ccf1df_6.0.22621.4830_none_270fe7d773858e80;C:\Program Files\OpenJDK\jdk-22.0.2\bin\server

VM Arguments:
jvm_args: -XX:TieredStopAtLevel=1 
java_command: com.teknologiinformasi.eurekaserver.EurekaServerApplication
java_class_path (initial): D:\Pemrograman Microservice\eurekaserver\target\classes;C:\Users\AULIA SYFA\.m2\repository\org\springframework\cloud\spring-cloud-starter-netflix-eureka-server\4.2.0\spring-cloud-starter-netflix-eureka-server-4.2.0.jar;C:\Users\AULIA SYFA\.m2\repository\org\springframework\cloud\spring-cloud-starter\4.2.0\spring-cloud-starter-4.2.0.jar;C:\Users\AULIA SYFA\.m2\repository\org\springframework\cloud\spring-cloud-context\4.2.0\spring-cloud-context-4.2.0.jar;C:\Users\AULIA SYFA\.m2\repository\org\springframework\security\spring-security-crypto\6.4.3\spring-security-crypto-6.4.3.jar;C:\Users\AULIA SYFA\.m2\repository\org\springframework\cloud\spring-cloud-commons\4.2.0\spring-cloud-commons-4.2.0.jar;C:\Users\AULIA SYFA\.m2\repository\org\bouncycastle\bcprov-jdk18on\1.78.1\bcprov-jdk18on-1.78.1.jar;C:\Users\AULIA SYFA\.m2\repository\org\springframework\cloud\spring-cloud-netflix-eureka-server\4.2.0\spring-cloud-netflix-eureka-server-4.2.0.jar;C:\Users\AULIA SYFA\.m2\repository\org\springframework\boot\spring-boot-actuator-autoconfigure\3.4.3\spring-boot-actuator-autoconfigure-3.4.3.jar;C:\Users\AULIA SYFA\.m2\repository\org\springframework\boot\spring-boot-actuator\3.4.3\spring-boot-actuator-3.4.3.jar;C:\Users\AULIA SYFA\.m2\repository\io\micrometer\micrometer-jakarta9\1.14.4\micrometer-jakarta9-1.14.4.jar;C:\Users\AULIA SYFA\.m2\repository\io\micrometer\micrometer-core\1.14.4\micrometer-core-1.14.4.jar;C:\Users\AULIA SYFA\.m2\repository\org\hdrhistogram\HdrHistogram\2.2.2\HdrHistogram-2.2.2.jar;C:\Users\AULIA SYFA\.m2\repository\org\latencyutils\LatencyUtils\2.0.3\LatencyUtils-2.0.3.jar;C:\Users\AULIA SYFA\.m2\repository\org\freemarker\freemarker\2.3.34\freemarker-2.3.34.jar;C:\Users\AULIA SYFA\.m2\repository\org\springframework\spring-context-support\6.2.3\spring-context-support-6.2.3.jar;C:\Users\AULIA SYFA\.m2\repository\org\springframework\cloud\spring-cloud-netflix-eureka-client\4.2.0\spring-cloud-netflix-eureka-client-4.2.0.jar;C:\Users\AULIA SYFA\.m2\repository\com\netflix\eureka\eureka-client\2.0.4\eureka-client-2.0.4.jar;C:\Users\AULIA SYFA\.m2\repository\com\thoughtworks\xstream\xstream\1.4.20\xstream-1.4.20.jar;C:\Users\AULIA SYFA\.m2\repository\io\github\x-stream\mxparser\1.2.2\mxparser-1.2.2.jar;C:\Users\AULIA SYFA\.m2\repository\xmlpull\xmlpull\1.1.3.1\xmlpull-1.1.3.1.jar;C:\Users\AULIA SYFA\.m2\repository\com\netflix\spectator\spectator-api\1.7.3\spectator-api-1.7.3.jar;C:\Users\AULIA SYFA\.m2\repository\org\apache\httpcomponents\httpclient\4.5.3\httpclient-4.5.3.jar;C:\Users\AULIA SYFA\.m2\repository\org\apache\httpcomponents\httpcore\4.4.16\httpcore-4.4.16.jar;C:\Users\AULIA SYFA\.m2\repository\commons-configuration\commons-configuration\1.10\commons-configuration-1.10.jar;C:\Users\AULIA SYFA\.m2\repository\commons-lang\commons-lang\2.6\commons-lang-2.6.jar;C:\Users\AULIA SYFA\.m2\repository\com\netflix\netflix-commons\netflix-eventbus\0.3.0\netflix-eventbus-0.3.0.jar;C:\Users\AULIA SYFA\.m2\repository\com\netflix\netflix-commons\netflix-infix\0.3.0\netflix-infix-0.3.0.jar;C:\Users\AULIA SYFA\.m2\repository\commons-jxpath\commons-jxpath\1.3\commons-jxpath-1.3.jar;C:\Users\AULIA SYFA\.m2\repository\joda-time\joda-time\2.3\joda-time-2.3.jar;C:\Users\AULIA SYFA\.m2\repository\org\antlr\antlr-runtime\3.4\antlr-runtime-3.4.jar;C:\Users\AULIA SYFA\.m2\repository\org\antlr\stringtemplate\3.2.1\stringtemplate-3.2.1.jar;C:\Users\AULIA SYFA\.m2\repository\antlr\antlr\2.7.7\antlr-2.7.7.jar;C:\Users\AULIA SYFA\.m2\repository\com\google\code\gson\gson\2.11.0\gson-2.11.0.jar;C:\Users\AULIA SYFA\.m2\repository\com\netflix\servo\servo-core\0.5.3\servo-core-0.5.3.jar;C:\Users\AULIA SYFA\.m2\repository\org\apache\commons\commons-math\2.2\commons-math-2.2.jar;C:\Users\AULIA SYFA\.m2\repository\javax\annotation\javax.annotation-api\1.2\javax.annotation-api-1.2.jar;C:\Users\AULIA SYFA\.m2\repository\org\codehaus\jettison\jettison\1.5.4\jettison-1.5.4.jar;C:\Users\AULIA SYFA\.m2\repository\org\apache\httpcomponents\client5\httpclient5\5.4.2\httpclient5-5.4.2.jar;C:\Users\AULIA SYFA\.m2\repository\org\apache\httpcomponents\core5\httpcore5\5.3.3\httpcore5-5.3.3.jar;C:\Users\AULIA SYFA\.m2\repository\org\apache\httpcomponents\core5\httpcore5-h2\5.3.3\httpcore5-h2-5.3.3.jar;C:\Users\AULIA SYFA\.m2\repository\com\netflix\eureka\eureka-client-jersey3\2.0.4\eureka-client-jersey3-2.0.4.jar;C:\Users\AULIA SYFA\.m2\repository\org\glassfish\jersey\connectors\jersey-apache-connector\3.1.10\jersey-apache-connector-3.1.10.jar;C:\Users\AULIA SYFA\.m2\repository\commons-codec\commons-codec\1.17.2\commons-codec-1.17.2.jar;C:\Users\AULIA SYFA\.m2\repository\commons-logging\commons-logging\1.3.4\commons-logging-1.3.4.jar;C:\Users\AULIA SYFA\.m2\repository\com\netflix\eureka\eureka-core-jersey3\2.0.4\eureka-core-jersey3-2.0.4.jar;C:\Users\AULIA SYFA\.m2\repository\com\netflix\eureka\eureka-core\2.0.4\eureka-core-2.0.4.jar;C:\Users\AULIA SYFA\.m2\repository\com\google\guava\guava\33.0.0-jre\guava-33.0.0-jre.jar;C:\Users\AULIA SYFA\.m2\repository\com\google\guava\failureaccess\1.0.2\failureaccess-1.0.2.jar;C:\Users\AULIA SYFA\.m2\repository\com\google\guava\listenablefuture\9999.0-empty-to-avoid-conflict-with-guava\listenablefuture-9999.0-empty-to-avoid-conflict-with-guava.jar;C:\Users\AULIA SYFA\.m2\repository\org\checkerframework\checker-qual\3.41.0\checker-qual-3.41.0.jar;C:\Users\AULIA SYFA\.m2\repository\com\google\errorprone\error_prone_annotations\2.23.0\error_prone_annotations-2.23.0.jar;C:\Users\AULIA SYFA\.m2\repository\com\google\j2objc\j2objc-annotations\2.8\j2objc-annotations-2.8.jar;C:\Users\AULIA SYFA\.m2\repository\org\glassfish\jersey\containers\jersey-container-servlet\3.1.10\jersey-container-servlet-3.1.10.jar;C:\Users\AULIA SYFA\.m2\repository\org\glassfish\jersey\containers\jersey-container-servlet-core\3.1.10\jersey-container-servlet-core-3.1.10.jar;C:\Users\AULIA SYFA\.m2\repository\org\glassfish\jersey\core\jersey-common\3.1.10\jersey-common-3.1.10.jar;C:\Users\AULIA SYFA\.m2\repository\org\glassfish\hk2\osgi-resource-locator\1.0.3\osgi-resource-locator-1.0.3.jar;C:\Users\AULIA SYFA\.m2\repository\jakarta\ws\rs\jakarta.ws.rs-api\3.1.0\jakarta.ws.rs-api-3.1.0.jar;C:\Users\AULIA SYFA\.m2\repository\org\glassfish\jersey\core\jersey-server\3.1.10\jersey-server-3.1.10.jar;C:\Users\AULIA SYFA\.m2\repository\jakarta\inject\jakarta.inject-api\2.0.1\jakarta.inject-api-2.0.1.jar;C:\Users\AULIA SYFA\.m2\repository\jakarta\validation\jakarta.validation-api\3.0.2\jakarta.validation-api-3.0.2.jar;C:\Users\AULIA SYFA\.m2\repository\org\glassfish\jersey\core\jersey-client\3.1.10\jersey-client-3.1.10.jar;C:\Users\AULIA SYFA\.m2\repository\org\glassfish\jersey\inject\jersey-hk2\3.1.10\jersey-hk2-3.1.10.jar;C:\Users\AULIA SYFA\.m2\repository\org\glassfish\hk2\hk2-locator\3.0.6\hk2-locator-3.0.6.jar;C:\Users\AULIA SYFA\.m2\repository\org\glassfish\hk2\external\aopalliance-repackaged\3.0.6\aopalliance-repackaged-3.0.6.jar;C:\Users\AULIA SYFA\.m2\repository\org\glassfish\hk2\hk2-utils\3.0.6\hk2-utils-3.0.6.jar;C:\Users\AULIA SYFA\.m2\repository\org\javassist\javassist\3.30.2-GA\javassist-3.30.2-GA.jar;C:\Users\AULIA SYFA\.m2\repository\org\glassfish\hk2\spring-bridge\3.1.1\spring-bridge-3.1.1.jar;C:\Users\AULIA SYFA\.m2\repository\org\glassfish\hk2\hk2-api\3.1.1\hk2-api-3.1.1.jar;C:\Users\AULIA SYFA\.m2\repository\com\fasterxml\jackson\dataformat\jackson-dataformat-xml\2.18.2\jackson-dataformat-xml-2.18.2.jar;C:\Users\AULIA SYFA\.m2\repository\com\fasterxml\jackson\core\jackson-core\2.18.2\jackson-core-2.18.2.jar;C:\Users\AULIA SYFA\.m2\repository\com\fasterxml\jackson\core\jackson-annotations\2.18.2\jackson-annotations-2.18.2.jar;C:\Users\AULIA SYFA\.m2\repository\org\codehaus\woodstox\stax2-api\4.2.2\stax2-api-4.2.2.jar;C:\Users\AULIA SYFA\.m2\repository\com\fasterxml\woodstox\woodstox-core\7.0.0\woodstox-core-7.0.0.jar;C:\Users\AULIA SYFA\.m2\repository\org\springframework\cloud\spring-cloud-starter-loadbalancer\4.2.0\spring-cloud-starter-loadbalancer-4.2.0.jar;C:\Users\AULIA SYFA\.m2\repository\org\springframework\cloud\spring-cloud-loadbalancer\4.2.0\spring-cloud-loadbalancer-4.2.0.jar;C:\Users\AULIA SYFA\.m2\repository\io\projectreactor\reactor-core\3.7.3\reactor-core-3.7.3.jar;C:\Users\AULIA SYFA\.m2\repository\org\reactivestreams\reactive-streams\1.0.4\reactive-streams-1.0.4.jar;C:\Users\AULIA SYFA\.m2\repository\io\projectreactor\addons\reactor-extra\3.5.2\reactor-extra-3.5.2.jar;C:\Users\AULIA SYFA\.m2\repository\com\stoyanr\evictor\1.0.0\evictor-1.0.0.jar;C:\Users\AULIA SYFA\.m2\repository\org\glassfish\jaxb\jaxb-runtime\4.0.5\jaxb-runtime-4.0.5.jar;C:\Users\AULIA SYFA\.m2\repository\org\glassfish\jaxb\jaxb-core\4.0.5\jaxb-core-4.0.5.jar;C:\Users\AULIA SYFA\.m2\repository\org\eclipse\angus\angus-activation\2.0.2\angus-activation-2.0.2.jar;C:\Users\AULIA SYFA\.m2\repository\org\glassfish\jaxb\txw2\4.0.5\txw2-4.0.5.jar;C:\Users\AULIA SYFA\.m2\repository\com\sun\istack\istack-commons-runtime\4.1.2\istack-commons-runtime-4.1.2.jar;C:\Users\AULIA SYFA\.m2\repository\org\springframework\boot\spring-boot\3.4.3\spring-boot-3.4.3.jar;C:\Users\AULIA SYFA\.m2\repository\org\springframework\boot\spring-boot-autoconfigure\3.4.3\spring-boot-autoconfigure-3.4.3.jar;C:\Users\AULIA SYFA\.m2\repository\ch\qos\logback\logback-classic\1.5.16\logback-classic-1.5.16.jar;C:\Users\AULIA SYFA\.m2\repository\ch\qos\logback\logback-core\1.5.16\logback-core-1.5.16.jar;C:\Users\AULIA SYFA\.m2\repository\org\apache\logging\log4j\log4j-to-slf4j\2.24.3\log4j-to-slf4j-2.24.3.jar;C:\Users\AULIA SYFA\.m2\repository\org\apache\logging\log4j\log4j-api\2.24.3\log4j-api-2.24.3.jar;C:\Users\AULIA SYFA\.m2\repository\org\slf4j\jul-to-slf4j\2.0.16\jul-to-slf4j-2.0.16.jar;C:\Users\AULIA SYFA\.m2\repository\jakarta\annotation\jakarta.annotation-api\2.1.1\jakarta.annotation-api-2.1.1.jar;C:\Users\AULIA SYFA\.m2\repository\org\yaml\snakeyaml\2.3\snakeyaml-2.3.jar;C:\Users\AULIA SYFA\.m2\repository\com\fasterxml\jackson\core\jackson-databind\2.18.2\jackson-databind-2.18.2.jar;C:\Users\AULIA SYFA\.m2\repository\com\fasterxml\jackson\datatype\jackson-datatype-jdk8\2.18.2\jackson-datatype-jdk8-2.18.2.jar;C:\Users\AULIA SYFA\.m2\repository\com\fasterxml\jackson\datatype\jackson-datatype-jsr310\2.18.2\jackson-datatype-jsr310-2.18.2.jar;C:\Users\AULIA SYFA\.m2\repository\com\fasterxml\jackson\module\jackson-module-parameter-names\2.18.2\jackson-module-parameter-names-2.18.2.jar;C:\Users\AULIA SYFA\.m2\repository\org\apache\tomcat\embed\tomcat-embed-core\10.1.36\tomcat-embed-core-10.1.36.jar;C:\Users\AULIA SYFA\.m2\repository\org\apache\tomcat\embed\tomcat-embed-el\10.1.36\tomcat-embed-el-10.1.36.jar;C:\Users\AULIA SYFA\.m2\repository\org\apache\tomcat\embed\tomcat-embed-websocket\10.1.36\tomcat-embed-websocket-10.1.36.jar;C:\Users\AULIA SYFA\.m2\repository\org\springframework\spring-web\6.2.3\spring-web-6.2.3.jar;C:\Users\AULIA SYFA\.m2\repository\org\springframework\spring-beans\6.2.3\spring-beans-6.2.3.jar;C:\Users\AULIA SYFA\.m2\repository\io\micrometer\micrometer-observation\1.14.4\micrometer-observation-1.14.4.jar;C:\Users\AULIA SYFA\.m2\repository\io\micrometer\micrometer-commons\1.14.4\micrometer-commons-1.14.4.jar;C:\Users\AULIA SYFA\.m2\repository\org\springframework\spring-webmvc\6.2.3\spring-webmvc-6.2.3.jar;C:\Users\AULIA SYFA\.m2\repository\org\springframework\spring-aop\6.2.3\spring-aop-6.2.3.jar;C:\Users\AULIA SYFA\.m2\repository\org\springframework\spring-context\6.2.3\spring-context-6.2.3.jar;C:\Users\AULIA SYFA\.m2\repository\org\springframework\spring-expression\6.2.3\spring-expression-6.2.3.jar;C:\Users\AULIA SYFA\.m2\repository\org\slf4j\slf4j-api\2.0.16\slf4j-api-2.0.16.jar;C:\Users\AULIA SYFA\.m2\repository\jakarta\xml\bind\jakarta.xml.bind-api\4.0.2\jakarta.xml.bind-api-4.0.2.jar;C:\Users\AULIA SYFA\.m2\repository\jakarta\activation\jakarta.activation-api\2.1.3\jakarta.activation-api-2.1.3.jar;C:\Users\AULIA SYFA\.m2\repository\org\springframework\spring-core\6.2.3\spring-core-6.2.3.jar;C:\Users\AULIA SYFA\.m2\repository\org\springframework\spring-jcl\6.2.3\spring-jcl-6.2.3.jar
Launcher Type: SUN_STANDARD

[Global flags]
     intx CICompilerCount                          = 4                                         {product} {ergonomic}
     uint ConcGCThreads                            = 3                                         {product} {ergonomic}
     uint G1ConcRefinementThreads                  = 10                                        {product} {ergonomic}
   size_t G1HeapRegionSize                         = 1048576                                   {product} {ergonomic}
   size_t InitialHeapSize                          = 98566144                                  {product} {ergonomic}
   size_t MarkStackSize                            = 4194304                                   {product} {ergonomic}
   size_t MaxHeapSize                              = 1568669696                                {product} {ergonomic}
   size_t MaxNewSize                               = 940572672                                 {product} {ergonomic}
   size_t MinHeapDeltaBytes                        = 1048576                                   {product} {ergonomic}
   size_t MinHeapSize                              = 8388608                                   {product} {ergonomic}
    uintx NonNMethodCodeHeapSize                   = 4096                                   {pd product} {ergonomic}
    uintx NonProfiledCodeHeapSize                  = 0                                      {pd product} {ergonomic}
     bool ProfileInterpreter                       = false                                  {pd product} {command line}
    uintx ProfiledCodeHeapSize                     = 0                                      {pd product} {ergonomic}
   size_t SoftMaxHeapSize                          = 1568669696                             {manageable} {ergonomic}
     intx TieredStopAtLevel                        = 1                                         {product} {command line}
     bool UseCompressedOops                        = true                           {product lp64_product} {ergonomic}
     bool UseG1GC                                  = true                                      {product} {ergonomic}
     bool UseLargePagesIndividualAllocation        = false                                  {pd product} {ergonomic}

Logging:
Log output configuration:
 #0: stdout all=warning uptime,level,tags foldmultilines=false
 #1: stderr all=off uptime,level,tags foldmultilines=false

Environment Variables:
JAVA_HOME=C:\Program Files\OpenJDK\jdk-22.0.2
PATH=C:\Program Files\Common Files\Oracle\Java\javapath;C:\Windows\system32;C:\Windows;C:\Windows\System32\Wbem;C:\Windows\System32\WindowsPowerShell\v1.0\;C:\Windows\System32\OpenSSH\;C:\Program Files\nodejs\;C:\xampp\php;C:\ProgramData\ComposerSetup\bin;C:\Program Files\Git\cmd;C:\Program Files\PuTTY\;C:\Program Files\Docker\Docker\resources\bin;C:\ProgramData\chocolatey\bin;C:\Program Files\OpenJDK\jdk-22.0.2\bin;C:\ProgramData\chocolatey\lib\maven\apache-maven-3.9.9\bin;C:\Users\AULIA SYFA\.config\herd-lite\bin;C:\Users\AULIA SYFA\AppData\Local\Microsoft\WindowsApps;C:\Users\AULIA SYFA\AppData\Local\Programs\Microsoft VS Code\bin;D:\flutter\bin;C:\Users\AULIA SYFA\AppData\Local\GitHubDesktop\bin;C:\Users\AULIA SYFA\AppData\Roaming\npm;C:\Users\AULIA SYFA\AppData\Roaming\Composer\vendor\bin
USERNAME=AULIA SYFA
LANG=en_US.UTF-8
OS=Windows_NT
PROCESSOR_IDENTIFIER=AMD64 Family 25 Model 80 Stepping 0, AuthenticAMD
TMP=C:\Users\AULIAS~1\AppData\Local\Temp
TEMP=C:\Users\AULIAS~1\AppData\Local\Temp




Periodic native trim disabled

---------------  S Y S T E M  ---------------

OS:
 Windows 11 , 64 bit Build 22621 (10.0.22621.4830)
OS uptime: 7 days 23:55 hours
Hyper-V role detected

CPU: total 12 (initial active 12) (12 cores per cpu, 2 threads per core) family 25 model 80 stepping 0 microcode 0x0, cx8, cmov, fxsr, ht, mmx, 3dnowpref, sse, sse2, sse3, ssse3, sse4a, sse4.1, sse4.2, popcnt, lzcnt, tsc, tscinvbit, avx, avx2, aes, erms, clmul, bmi1, bmi2, adx, sha, fma, vzeroupper, clflush, clflushopt, hv, rdtscp, rdpid, fsrm, f16c, cet_ss
Processor Information for all 12 processors :
  Max Mhz: 2000, Current Mhz: 2000, Mhz Limit: 2000

Memory: 4k page, system-wide physical 5981M (246M free)
TotalPageFile size 17404M (AvailPageFile size 7M)
current process WorkingSet (physical memory assigned to process): 161M, peak: 161M
current process commit charge ("private bytes"): 220M, peak: 238M

vm_info: OpenJDK 64-Bit Server VM (22.0.2+9-70) for windows-amd64 JRE (22.0.2+9-70), built on 2024-06-04T16:52:23Z by "mach5one" with MS VC++ 17.6 (VS2022)

END.
