#
# There is insufficient memory for the Java Runtime Environment to continue.
# Native memory allocation (malloc) failed to allocate 205296 bytes. Error detail: Chunk::new
# Possible reasons:
#   The system is out of physical RAM or swap space
#   This process is running with CompressedOops enabled, and the Java Heap may be blocking the growth of the native heap
# Possible solutions:
#   Reduce memory load on the system
#   Increase physical memory or swap space
#   Check if swap backing store is full
#   Decrease Java heap size (-Xmx/-Xms)
#   Decrease number of Java threads
#   Decrease Java thread stack sizes (-Xss)
#   Set larger code cache with -XX:ReservedCodeCacheSize=
#   JVM is running with Unscaled Compressed Oops mode in which the Java heap is
#     placed in the first 4GB address space. The Java Heap base address is the
#     maximum limit for the native heap growth. Please use -XX:HeapBaseMinAddress
#     to set the Java Heap base and to place the Java Heap above 4GB virtual address.
# This output file may be truncated or incomplete.
#
#  Out of Memory Error (arena.cpp:168), pid=10520, tid=23460
#
# JRE version: OpenJDK Runtime Environment Temurin-21.0.5+11 (21.0.5+11) (build 21.0.5+11-LTS)
# Java VM: OpenJDK 64-Bit Server VM Temurin-21.0.5+11 (21.0.5+11-LTS, mixed mode, sharing, tiered, compressed oops, compressed class ptrs, parallel gc, windows-amd64)
# No core dump will be written. Minidumps are not enabled by default on client versions of Windows
#

---------------  S U M M A R Y ------------

Command Line: --add-modules=ALL-SYSTEM --add-opens=java.base/java.util=ALL-UNNAMED --add-opens=java.base/java.lang=ALL-UNNAMED --add-opens=java.base/sun.nio.fs=ALL-UNNAMED -Declipse.application=org.eclipse.jdt.ls.core.id1 -Dosgi.bundles.defaultStartLevel=4 -Declipse.product=org.eclipse.jdt.ls.core.product -Djava.import.generatesMetadataFilesAtProjectRoot=false -DDetectVMInstallationsJob.disabled=true -Dfile.encoding=utf8 -XX:+UseParallelGC -XX:GCTimeRatio=4 -XX:AdaptiveSizePolicyWeight=90 -Dsun.zip.disableMemoryMapping=true -Xmx1G -Xms100m -Xlog:disable -javaagent:c:\Users\AULIA SYFA\.vscode\extensions\redhat.java-1.39.0-win32-x64\lombok\lombok-1.18.34.jar c:\Users\AULIA SYFA\.vscode\extensions\redhat.java-1.39.0-win32-x64\server\plugins\org.eclipse.equinox.launcher_1.6.900.v20240613-2009.jar -configuration c:\Users\AULIA SYFA\AppData\Roaming\Code\User\globalStorage\redhat.java\1.39.0\config_ss_win -data c:\Users\AULIA SYFA\AppData\Roaming\Code\User\workspaceStorage\946f3b0352dd24bb7ea9f93c218523eb\redhat.java\ss_ws --pipe=\\.\pipe\lsp-00e8d5091fffe668c5e5b1b067b28b05-sock

Host: AMD Ryzen 5 7530U with Radeon Graphics         , 12 cores, 5G,  Windows 11 , 64 bit Build 22621 (10.0.22621.4830)
Time: Tue Feb 25 13:18:31 2025 SE Asia Standard Time elapsed time: 1.246767 seconds (0d 0h 0m 1s)

---------------  T H R E A D  ---------------

Current thread (0x0000021b3ad60bd0):  JavaThread "C2 CompilerThread0" daemon [_thread_in_native, id=23460, stack(0x00000091d7400000,0x00000091d7500000) (1024K)]


Current CompileTask:
C2:1246 1697 %     4       java.io.WinNTFileSystem::normalize @ 58 (224 bytes)

Stack: [0x00000091d7400000,0x00000091d7500000]
Native frames: (J=compiled Java code, j=interpreted, Vv=VM code, C=native code)
V  [jvm.dll+0x6cd4e9]
V  [jvm.dll+0x8a7941]
V  [jvm.dll+0x8a9e6e]
V  [jvm.dll+0x8aa543]
V  [jvm.dll+0x27f6d6]
V  [jvm.dll+0xc500d]
V  [jvm.dll+0xc5543]
V  [jvm.dll+0x2f2a9d]
V  [jvm.dll+0x5f67ea]
V  [jvm.dll+0x250b82]
V  [jvm.dll+0x250f3f]
V  [jvm.dll+0x249814]
V  [jvm.dll+0x246ea4]
V  [jvm.dll+0x1c75ce]
V  [jvm.dll+0x25682a]
V  [jvm.dll+0x254dca]
V  [jvm.dll+0x3f00d6]
V  [jvm.dll+0x8514fb]
V  [jvm.dll+0x6cbbed]
C  [ucrtbase.dll+0x29333]
C  [KERNEL32.DLL+0x1259d]
C  [ntdll.dll+0x5af38]


---------------  P R O C E S S  ---------------

Threads class SMR info:
_java_thread_list=0x0000021b92b6d870, length=15, elements={
0x0000021b3acb0e40, 0x0000021b3ad50f80, 0x0000021b3ad51b80, 0x0000021b3ad53d50,
0x0000021b3ad54cc0, 0x0000021b3ad5e070, 0x0000021b3ad5fe50, 0x0000021b3ad60bd0,
0x0000021b3ad61bb0, 0x0000021b91747b80, 0x0000021b9187e7e0, 0x0000021b919b1340,
0x0000021b92d1d230, 0x0000021b972258d0, 0x0000021b92afe520
}

Java Threads: ( => current thread )
  0x0000021b3acb0e40 JavaThread "main"                              [_thread_blocked, id=17108, stack(0x00000091d6a00000,0x00000091d6b00000) (1024K)]
  0x0000021b3ad50f80 JavaThread "Reference Handler"          daemon [_thread_blocked, id=8844, stack(0x00000091d6e00000,0x00000091d6f00000) (1024K)]
  0x0000021b3ad51b80 JavaThread "Finalizer"                  daemon [_thread_blocked, id=11448, stack(0x00000091d6f00000,0x00000091d7000000) (1024K)]
  0x0000021b3ad53d50 JavaThread "Signal Dispatcher"          daemon [_thread_blocked, id=5332, stack(0x00000091d7000000,0x00000091d7100000) (1024K)]
  0x0000021b3ad54cc0 JavaThread "Attach Listener"            daemon [_thread_blocked, id=8284, stack(0x00000091d7100000,0x00000091d7200000) (1024K)]
  0x0000021b3ad5e070 JavaThread "Service Thread"             daemon [_thread_blocked, id=8768, stack(0x00000091d7200000,0x00000091d7300000) (1024K)]
  0x0000021b3ad5fe50 JavaThread "Monitor Deflation Thread"   daemon [_thread_blocked, id=11576, stack(0x00000091d7300000,0x00000091d7400000) (1024K)]
=>0x0000021b3ad60bd0 JavaThread "C2 CompilerThread0"         daemon [_thread_in_native, id=23460, stack(0x00000091d7400000,0x00000091d7500000) (1024K)]
  0x0000021b3ad61bb0 JavaThread "C1 CompilerThread0"         daemon [_thread_blocked, id=7636, stack(0x00000091d7500000,0x00000091d7600000) (1024K)]
  0x0000021b91747b80 JavaThread "Common-Cleaner"             daemon [_thread_blocked, id=13828, stack(0x00000091d7600000,0x00000091d7700000) (1024K)]
  0x0000021b9187e7e0 JavaThread "C2 CompilerThread1"         daemon [_thread_blocked, id=22488, stack(0x00000091d7700000,0x00000091d7800000) (1024K)]
  0x0000021b919b1340 JavaThread "Notification Thread"        daemon [_thread_blocked, id=7192, stack(0x00000091d7800000,0x00000091d7900000) (1024K)]
  0x0000021b92d1d230 JavaThread "Active Thread: Equinox Container: 65fd67e1-4b9d-4eed-b62c-2eed3bb9e382"        [_thread_blocked, id=21268, stack(0x00000091d7f00000,0x00000091d8000000) (1024K)]
  0x0000021b972258d0 JavaThread "Framework Event Dispatcher: Equinox Container: 65fd67e1-4b9d-4eed-b62c-2eed3bb9e382" daemon [_thread_blocked, id=22376, stack(0x00000091d8000000,0x00000091d8100000) (1024K)]
  0x0000021b92afe520 JavaThread "Start Level: Equinox Container: 65fd67e1-4b9d-4eed-b62c-2eed3bb9e382" daemon [_thread_in_vm, id=20588, stack(0x00000091d8100000,0x00000091d8200000) (1024K)]
Total: 15

Other Threads:
  0x0000021b38affa30 VMThread "VM Thread"                           [id=17596, stack(0x00000091d6d00000,0x00000091d6e00000) (1024K)]
  0x0000021b900dca00 WatcherThread "VM Periodic Task Thread"        [id=21640, stack(0x00000091d6c00000,0x00000091d6d00000) (1024K)]
  0x0000021b38aff690 WorkerThread "GC Thread#0"                     [id=19420, stack(0x00000091d6b00000,0x00000091d6c00000) (1024K)]
  0x0000021b38b00170 WorkerThread "GC Thread#1"                     [id=19060, stack(0x00000091d7900000,0x00000091d7a00000) (1024K)]
  0x0000021b38afe810 WorkerThread "GC Thread#2"                     [id=15476, stack(0x00000091d7a00000,0x00000091d7b00000) (1024K)]
  0x0000021b92a79060 WorkerThread "GC Thread#3"                     [id=22480, stack(0x00000091d7b00000,0x00000091d7c00000) (1024K)]
  0x0000021b92a79400 WorkerThread "GC Thread#4"                     [id=9316, stack(0x00000091d7c00000,0x00000091d7d00000) (1024K)]
  0x0000021b92a7ad60 WorkerThread "GC Thread#5"                     [id=19328, stack(0x00000091d7d00000,0x00000091d7e00000) (1024K)]
  0x0000021b92a79b40 WorkerThread "GC Thread#6"                     [id=14372, stack(0x00000091d7e00000,0x00000091d7f00000) (1024K)]
Total: 9

Threads with active compile tasks:
C2 CompilerThread0  1293 1697 %     4       java.io.WinNTFileSystem::normalize @ 58 (224 bytes)
Total: 1

VM state: not at safepoint (normal execution)

VM Mutex/Monitor currently owned by a thread: None

Heap address: 0x00000000c0000000, size: 1024 MB, Compressed Oops mode: 32-bit

CDS archive(s) mapped at: [0x0000021b4f000000-0x0000021b4fba0000-0x0000021b4fba0000), size 12189696, SharedBaseAddress: 0x0000021b4f000000, ArchiveRelocationMode: 1.
Compressed class space mapped at: 0x0000021b50000000-0x0000021b90000000, reserved size: 1073741824
Narrow klass base: 0x0000021b4f000000, Narrow klass shift: 0, Narrow klass range: 0x100000000

GC Precious Log:
 CardTable entry size: 512
 CPUs: 12 total, 12 available
 Memory: 5981M
 Large Page Support: Disabled
 NUMA Support: Disabled
 Compressed Oops: Enabled (32-bit)
 Alignments: Space 512K, Generation 512K, Heap 2M
 Heap Min Capacity: 100M
 Heap Initial Capacity: 100M
 Heap Max Capacity: 1G
 Pre-touch: Disabled
 Parallel Workers: 10

Heap:
 PSYoungGen      total 29696K, used 27377K [0x00000000eab00000, 0x00000000ecc00000, 0x0000000100000000)
  eden space 25600K, 94% used [0x00000000eab00000,0x00000000ec28cb38,0x00000000ec400000)
  from space 4096K, 79% used [0x00000000ec400000,0x00000000ec72fb10,0x00000000ec800000)
  to   space 4096K, 0% used [0x00000000ec800000,0x00000000ec800000,0x00000000ecc00000)
 ParOldGen       total 68608K, used 16K [0x00000000c0000000, 0x00000000c4300000, 0x00000000eab00000)
  object space 68608K, 0% used [0x00000000c0000000,0x00000000c0004000,0x00000000c4300000)
 Metaspace       used 7918K, committed 8192K, reserved 1114112K
  class space    used 781K, committed 896K, reserved 1048576K

Card table byte_map: [0x0000021b3a650000,0x0000021b3a860000] _byte_map_base: 0x0000021b3a050000

Marking Bits: (ParMarkBitMap*) 0x00007ff9b12a2250
 Begin Bits: [0x0000021b4d000000, 0x0000021b4e000000)
 End Bits:   [0x0000021b4e000000, 0x0000021b4f000000)

Polling page: 0x0000021b38bf0000

Metaspace:

Usage:
  Non-class:      6.97 MB used.
      Class:    781.22 KB used.
       Both:      7.73 MB used.

Virtual space:
  Non-class space:       64.00 MB reserved,       7.12 MB ( 11%) committed,  1 nodes.
      Class space:        1.00 GB reserved,     896.00 KB ( <1%) committed,  1 nodes.
             Both:        1.06 GB reserved,       8.00 MB ( <1%) committed. 

Chunk freelists:
   Non-Class:  8.70 MB
       Class:  14.95 MB
        Both:  23.65 MB

MaxMetaspaceSize: unlimited
CompressedClassSpaceSize: 1.00 GB
Initial GC threshold: 21.00 MB
Current GC threshold: 21.00 MB
CDS: on
 - commit_granule_bytes: 65536.
 - commit_granule_words: 8192.
 - virtual_space_node_default_size: 8388608.
 - enlarge_chunks_in_place: 1.
 - use_allocation_guard: 0.


Internal statistics:

num_allocs_failed_limit: 0.
num_arena_births: 182.
num_arena_deaths: 0.
num_vsnodes_births: 2.
num_vsnodes_deaths: 0.
num_space_committed: 128.
num_space_uncommitted: 0.
num_chunks_returned_to_freelist: 0.
num_chunks_taken_from_freelist: 357.
num_chunk_merges: 0.
num_chunk_splits: 248.
num_chunks_enlarged: 180.
num_inconsistent_stats: 0.

CodeHeap 'non-profiled nmethods': size=120000Kb used=709Kb max_used=709Kb free=119290Kb
 bounds [0x0000021b45ad0000, 0x0000021b45d40000, 0x0000021b4d000000]
CodeHeap 'profiled nmethods': size=120000Kb used=3130Kb max_used=3130Kb free=116869Kb
 bounds [0x0000021b3e000000, 0x0000021b3e310000, 0x0000021b45530000]
CodeHeap 'non-nmethods': size=5760Kb used=1213Kb max_used=1238Kb free=4546Kb
 bounds [0x0000021b45530000, 0x0000021b457a0000, 0x0000021b45ad0000]
 total_blobs=2226 nmethods=1748 adapters=385
 compilation: enabled
              stopped_count=0, restarted_count=0
 full_count=0

Compilation events (20 events):
Event: 1.231 Thread 0x0000021b3ad60bd0 nmethod 1693 0x0000021b45b7a210 code [0x0000021b45b7a3a0, 0x0000021b45b7a430]
Event: 1.232 Thread 0x0000021b3ad61bb0 1694       3       org.eclipse.osgi.internal.framework.EquinoxConfiguration$ConfigValues::internalGet (24 bytes)
Event: 1.232 Thread 0x0000021b3ad61bb0 nmethod 1694 0x0000021b3e2f3890 code [0x0000021b3e2f3aa0, 0x0000021b3e2f4098]
Event: 1.234 Thread 0x0000021b3ad61bb0 1695       3       java.lang.String::toCharArray (25 bytes)
Event: 1.234 Thread 0x0000021b3ad61bb0 nmethod 1695 0x0000021b3e2f4290 code [0x0000021b3e2f4460, 0x0000021b3e2f46f8]
Event: 1.235 Thread 0x0000021b3ad60bd0 1696       4       sun.nio.fs.WindowsPathParser::isInvalidPathChar (22 bytes)
Event: 1.236 Thread 0x0000021b3ad60bd0 nmethod 1696 0x0000021b45b7a510 code [0x0000021b45b7a6a0, 0x0000021b45b7a858]
Event: 1.237 Thread 0x0000021b3ad60bd0 1697 %     4       java.io.WinNTFileSystem::normalize @ 58 (224 bytes)
Event: 1.237 Thread 0x0000021b3ad61bb0 1698       3       sun.net.util.IPAddressUtil::scan (62 bytes)
Event: 1.238 Thread 0x0000021b3ad61bb0 nmethod 1698 0x0000021b3e2f4810 code [0x0000021b3e2f4a60, 0x0000021b3e2f5320]
Event: 1.238 Thread 0x0000021b3ad61bb0 1699       3       sun.net.util.IPAddressUtil::checkUserInfo (44 bytes)
Event: 1.239 Thread 0x0000021b3ad61bb0 nmethod 1699 0x0000021b3e2f5710 code [0x0000021b3e2f59a0, 0x0000021b3e2f63e8]
Event: 1.240 Thread 0x0000021b3ad61bb0 1701       3       java.io.File::isAbsolute (8 bytes)
Event: 1.240 Thread 0x0000021b3ad61bb0 nmethod 1701 0x0000021b3e2f6890 code [0x0000021b3e2f6a40, 0x0000021b3e2f6b90]
Event: 1.240 Thread 0x0000021b3ad61bb0 1702       3       java.io.WinNTFileSystem::isAbsolute (36 bytes)
Event: 1.240 Thread 0x0000021b3ad61bb0 nmethod 1702 0x0000021b3e2f6c10 code [0x0000021b3e2f6e20, 0x0000021b3e2f74a0]
Event: 1.240 Thread 0x0000021b3ad61bb0 1703       3       java.net.URL::<init> (438 bytes)
Event: 1.244 Thread 0x0000021b3ad61bb0 nmethod 1703 0x0000021b3e2f7790 code [0x0000021b3e2f7e60, 0x0000021b3e2fb1d8]
Event: 1.244 Thread 0x0000021b3ad61bb0 1704       3       java.util.Collections::emptyIterator (4 bytes)
Event: 1.244 Thread 0x0000021b3ad61bb0 nmethod 1704 0x0000021b3e2fc610 code [0x0000021b3e2fc7a0, 0x0000021b3e2fc898]

GC Heap History (2 events):
Event: 0.760 GC heap before
{Heap before GC invocations=1 (full 0):
 PSYoungGen      total 29696K, used 25600K [0x00000000eab00000, 0x00000000ecc00000, 0x0000000100000000)
  eden space 25600K, 100% used [0x00000000eab00000,0x00000000ec400000,0x00000000ec400000)
  from space 4096K, 0% used [0x00000000ec800000,0x00000000ec800000,0x00000000ecc00000)
  to   space 4096K, 0% used [0x00000000ec400000,0x00000000ec400000,0x00000000ec800000)
 ParOldGen       total 68608K, used 0K [0x00000000c0000000, 0x00000000c4300000, 0x00000000eab00000)
  object space 68608K, 0% used [0x00000000c0000000,0x00000000c0000000,0x00000000c4300000)
 Metaspace       used 4345K, committed 4544K, reserved 1114112K
  class space    used 434K, committed 512K, reserved 1048576K
}
Event: 0.769 GC heap after
{Heap after GC invocations=1 (full 0):
 PSYoungGen      total 29696K, used 3262K [0x00000000eab00000, 0x00000000ecc00000, 0x0000000100000000)
  eden space 25600K, 0% used [0x00000000eab00000,0x00000000eab00000,0x00000000ec400000)
  from space 4096K, 79% used [0x00000000ec400000,0x00000000ec72fb10,0x00000000ec800000)
  to   space 4096K, 0% used [0x00000000ec800000,0x00000000ec800000,0x00000000ecc00000)
 ParOldGen       total 68608K, used 16K [0x00000000c0000000, 0x00000000c4300000, 0x00000000eab00000)
  object space 68608K, 0% used [0x00000000c0000000,0x00000000c0004000,0x00000000c4300000)
 Metaspace       used 4345K, committed 4544K, reserved 1114112K
  class space    used 434K, committed 512K, reserved 1048576K
}

Dll operation events (8 events):
Event: 0.010 Loaded shared library c:\Users\AULIA SYFA\.vscode\extensions\redhat.java-1.39.0-win32-x64\jre\21.0.5-win32-x86_64\bin\java.dll
Event: 0.088 Loaded shared library c:\Users\AULIA SYFA\.vscode\extensions\redhat.java-1.39.0-win32-x64\jre\21.0.5-win32-x86_64\bin\zip.dll
Event: 0.114 Loaded shared library C:\Users\AULIA SYFA\.vscode\extensions\redhat.java-1.39.0-win32-x64\jre\21.0.5-win32-x86_64\bin\instrument.dll
Event: 0.120 Loaded shared library C:\Users\AULIA SYFA\.vscode\extensions\redhat.java-1.39.0-win32-x64\jre\21.0.5-win32-x86_64\bin\net.dll
Event: 0.122 Loaded shared library C:\Users\AULIA SYFA\.vscode\extensions\redhat.java-1.39.0-win32-x64\jre\21.0.5-win32-x86_64\bin\nio.dll
Event: 0.126 Loaded shared library C:\Users\AULIA SYFA\.vscode\extensions\redhat.java-1.39.0-win32-x64\jre\21.0.5-win32-x86_64\bin\zip.dll
Event: 0.152 Loaded shared library C:\Users\AULIA SYFA\.vscode\extensions\redhat.java-1.39.0-win32-x64\jre\21.0.5-win32-x86_64\bin\jimage.dll
Event: 0.224 Loaded shared library c:\Users\AULIA SYFA\.vscode\extensions\redhat.java-1.39.0-win32-x64\jre\21.0.5-win32-x86_64\bin\verify.dll

Deoptimization events (20 events):
Event: 0.945 Thread 0x0000021b3acb0e40 DEOPT PACKING pc=0x0000021b3e0a178d sp=0x00000091d6af42b0
Event: 0.945 Thread 0x0000021b3acb0e40 DEOPT UNPACKING pc=0x0000021b45584242 sp=0x00000091d6af3760 mode 0
Event: 0.953 Thread 0x0000021b3acb0e40 DEOPT PACKING pc=0x0000021b3e0a178d sp=0x00000091d6af7d70
Event: 0.953 Thread 0x0000021b3acb0e40 DEOPT UNPACKING pc=0x0000021b45584242 sp=0x00000091d6af7220 mode 0
Event: 0.973 Thread 0x0000021b3acb0e40 DEOPT PACKING pc=0x0000021b3e0a178d sp=0x00000091d6af3f60
Event: 0.973 Thread 0x0000021b3acb0e40 DEOPT UNPACKING pc=0x0000021b45584242 sp=0x00000091d6af3410 mode 0
Event: 1.070 Thread 0x0000021b3acb0e40 Uncommon trap: trap_request=0xffffff45 fr.pc=0x0000021b45b4434c relative=0x00000000000000ac
Event: 1.070 Thread 0x0000021b3acb0e40 Uncommon trap: reason=unstable_if action=reinterpret pc=0x0000021b45b4434c method=java.util.concurrent.locks.ReentrantLock$NonfairSync.initialTryLock()Z @ 10 c2
Event: 1.070 Thread 0x0000021b3acb0e40 DEOPT PACKING pc=0x0000021b45b4434c sp=0x00000091d6afe980
Event: 1.070 Thread 0x0000021b3acb0e40 DEOPT UNPACKING pc=0x0000021b45583aa2 sp=0x00000091d6afe910 mode 2
Event: 1.070 Thread 0x0000021b3acb0e40 Uncommon trap: trap_request=0xffffff45 fr.pc=0x0000021b45b43fb4 relative=0x0000000000000094
Event: 1.070 Thread 0x0000021b3acb0e40 Uncommon trap: reason=unstable_if action=reinterpret pc=0x0000021b45b43fb4 method=java.util.concurrent.locks.ReentrantLock$Sync.tryRelease(I)Z @ 26 c2
Event: 1.070 Thread 0x0000021b3acb0e40 DEOPT PACKING pc=0x0000021b45b43fb4 sp=0x00000091d6afea50
Event: 1.070 Thread 0x0000021b3acb0e40 DEOPT UNPACKING pc=0x0000021b45583aa2 sp=0x00000091d6afe9d0 mode 2
Event: 1.186 Thread 0x0000021b3acb0e40 DEOPT PACKING pc=0x0000021b3e15ab88 sp=0x00000091d6afc7c0
Event: 1.186 Thread 0x0000021b3acb0e40 DEOPT UNPACKING pc=0x0000021b45584242 sp=0x00000091d6afbc40 mode 0
Event: 1.192 Thread 0x0000021b3acb0e40 DEOPT PACKING pc=0x0000021b3e15ab88 sp=0x00000091d6afc710
Event: 1.192 Thread 0x0000021b3acb0e40 DEOPT UNPACKING pc=0x0000021b45584242 sp=0x00000091d6afbb90 mode 0
Event: 1.193 Thread 0x0000021b3acb0e40 DEOPT PACKING pc=0x0000021b3e15ab88 sp=0x00000091d6afca10
Event: 1.193 Thread 0x0000021b3acb0e40 DEOPT UNPACKING pc=0x0000021b45584242 sp=0x00000091d6afbe90 mode 0

Classes loaded (20 events):
Event: 1.182 Loading class sun/security/x509/RFC822Name
Event: 1.182 Loading class sun/security/x509/RFC822Name done
Event: 1.206 Loading class java/util/LinkedList$Node
Event: 1.206 Loading class java/util/LinkedList$Node done
Event: 1.206 Loading class java/util/LinkedList$ListItr
Event: 1.206 Loading class java/util/LinkedList$ListItr done
Event: 1.208 Loading class java/lang/Thread$Builder$OfPlatform
Event: 1.208 Loading class java/lang/Thread$Builder
Event: 1.208 Loading class java/lang/Thread$Builder done
Event: 1.208 Loading class java/lang/Thread$Builder$OfPlatform done
Event: 1.208 Loading class java/lang/Thread$Builder$OfVirtual
Event: 1.208 Loading class java/lang/Thread$Builder$OfVirtual done
Event: 1.219 Loading class sun/nio/fs/WindowsChannelFactory
Event: 1.219 Loading class sun/nio/fs/WindowsChannelFactory done
Event: 1.219 Loading class sun/nio/fs/WindowsChannelFactory$1
Event: 1.219 Loading class sun/nio/fs/WindowsChannelFactory$1 done
Event: 1.219 Loading class sun/nio/fs/WindowsChannelFactory$Flags
Event: 1.219 Loading class sun/nio/fs/WindowsChannelFactory$Flags done
Event: 1.219 Loading class sun/nio/ch/FileChannelImpl$Closer
Event: 1.220 Loading class sun/nio/ch/FileChannelImpl$Closer done

Classes unloaded (0 events):
No events

Classes redefined (0 events):
No events

Internal exceptions (20 events):
Event: 0.701 Thread 0x0000021b3acb0e40 Exception <a 'java/lang/ClassNotFoundException'{0x00000000ec2893e0}: sun/net/www/protocol/c/Handler> (0x00000000ec2893e0) 
thrown [s\src\hotspot\share\classfile\systemDictionary.cpp, line 312]
Event: 0.715 Thread 0x0000021b3acb0e40 Exception <a 'java/io/FileNotFoundException'{0x00000000ec2ac8c0}> (0x00000000ec2ac8c0) 
thrown [s\src\hotspot\share\prims\jni.cpp, line 520]
Event: 0.751 Thread 0x0000021b3acb0e40 Implicit null exception at 0x0000021b45b2c6c9 to 0x0000021b45b2d174
Event: 0.751 Thread 0x0000021b3acb0e40 Implicit null exception at 0x0000021b45b23f3a to 0x0000021b45b241d4
Event: 0.751 Thread 0x0000021b3acb0e40 Implicit null exception at 0x0000021b45b24bbc to 0x0000021b45b24e58
Event: 0.751 Thread 0x0000021b3acb0e40 Implicit null exception at 0x0000021b45b2973d to 0x0000021b45b297c1
Event: 0.805 Thread 0x0000021b3acb0e40 Exception <a 'java/lang/NoSuchMethodError'{0x00000000ead05588}: 'long java.lang.invoke.DirectMethodHandle$Holder.invokeStatic(java.lang.Object, java.lang.Object, int)'> (0x00000000ead05588) 
thrown [s\src\hotspot\share\interpreter\linkResolver.cpp, line 773]
Event: 0.806 Thread 0x0000021b3acb0e40 Exception <a 'java/lang/NoSuchMethodError'{0x00000000ead0d0f0}: 'java.lang.Object java.lang.invoke.DirectMethodHandle$Holder.invokeSpecial(java.lang.Object, java.lang.Object, java.lang.Object, java.lang.Object, long)'> (0x00000000ead0d0f0) 
thrown [s\src\hotspot\share\interpreter\linkResolver.cpp, line 773]
Event: 0.807 Thread 0x0000021b3acb0e40 Exception <a 'java/lang/NoSuchMethodError'{0x00000000ead1ad70}: 'java.lang.Object java.lang.invoke.DirectMethodHandle$Holder.invokeSpecial(java.lang.Object, java.lang.Object, java.lang.Object, int, java.lang.Object)'> (0x00000000ead1ad70) 
thrown [s\src\hotspot\share\interpreter\linkResolver.cpp, line 773]
Event: 0.811 Thread 0x0000021b3acb0e40 Exception <a 'java/lang/NoSuchMethodError'{0x00000000ead34a00}: 'java.lang.Object java.lang.invoke.Invokers$Holder.invokeExact_MT(java.lang.Object, java.lang.Object, java.lang.Object, java.lang.Object, java.lang.Object, java.lang.Object)'> (0x00000000ead34a00) 
thrown [s\src\hotspot\share\interpreter\linkResolver.cpp, line 773]
Event: 0.815 Thread 0x0000021b3acb0e40 Exception <a 'java/lang/NoSuchMethodError'{0x00000000ead4e1b0}: 'int java.lang.invoke.DirectMethodHandle$Holder.invokeStaticInit(java.lang.Object, java.lang.Object, java.lang.Object, java.lang.Object)'> (0x00000000ead4e1b0) 
thrown [s\src\hotspot\share\interpreter\linkResolver.cpp, line 773]
Event: 0.816 Thread 0x0000021b3acb0e40 Exception <a 'java/lang/NoSuchMethodError'{0x00000000ead56c00}: 'java.lang.Object java.lang.invoke.DirectMethodHandle$Holder.invokeInterface(java.lang.Object, java.lang.Object)'> (0x00000000ead56c00) 
thrown [s\src\hotspot\share\interpreter\linkResolver.cpp, line 773]
Event: 0.816 Thread 0x0000021b3acb0e40 Exception <a 'java/lang/IncompatibleClassChangeError'{0x00000000ead5a138}: Found class java.lang.Object, but interface was expected> (0x00000000ead5a138) 
thrown [s\src\hotspot\share\interpreter\linkResolver.cpp, line 840]
Event: 0.817 Thread 0x0000021b3acb0e40 Exception <a 'java/lang/NoSuchMethodError'{0x00000000ead5e2f0}: 'void java.lang.invoke.DirectMethodHandle$Holder.invokeStatic(java.lang.Object, java.lang.Object)'> (0x00000000ead5e2f0) 
thrown [s\src\hotspot\share\interpreter\linkResolver.cpp, line 773]
Event: 0.817 Thread 0x0000021b3acb0e40 Exception <a 'java/lang/NoSuchMethodError'{0x00000000ead61698}: 'void java.lang.invoke.DirectMethodHandle$Holder.invokeStaticInit(java.lang.Object, java.lang.Object)'> (0x00000000ead61698) 
thrown [s\src\hotspot\share\interpreter\linkResolver.cpp, line 773]
Event: 0.818 Thread 0x0000021b3acb0e40 Exception <a 'java/lang/NoSuchMethodError'{0x00000000ead68738}: 'int java.lang.invoke.DirectMethodHandle$Holder.invokeStaticInit(java.lang.Object, java.lang.Object)'> (0x00000000ead68738) 
thrown [s\src\hotspot\share\interpreter\linkResolver.cpp, line 773]
Event: 0.857 Thread 0x0000021b3acb0e40 Exception <a 'java/lang/NoSuchMethodError'{0x00000000eaea6520}: 'void java.lang.invoke.DirectMethodHandle$Holder.invokeSpecial(java.lang.Object, java.lang.Object, java.lang.Object)'> (0x00000000eaea6520) 
thrown [s\src\hotspot\share\interpreter\linkResolver.cpp, line 773]
Event: 1.040 Thread 0x0000021b3acb0e40 Exception <a 'java/lang/NoSuchMethodError'{0x00000000eb753990}: 'int java.lang.invoke.DirectMethodHandle$Holder.invokeVirtual(java.lang.Object, java.lang.Object)'> (0x00000000eb753990) 
thrown [s\src\hotspot\share\interpreter\linkResolver.cpp, line 773]
Event: 1.123 Thread 0x0000021b3acb0e40 Exception <a 'java/lang/NoSuchMethodError'{0x00000000ebb1e398}: 'java.lang.Object java.lang.invoke.DirectMethodHandle$Holder.newInvokeSpecial(java.lang.Object, int, java.lang.Object)'> (0x00000000ebb1e398) 
thrown [s\src\hotspot\share\interpreter\linkResolver.cpp, line 773]
Event: 1.127 Thread 0x0000021b3acb0e40 Exception <a 'java/lang/NoSuchMethodError'{0x00000000ebb3b050}: 'java.lang.Object java.lang.invoke.DirectMethodHandle$Holder.newInvokeSpecial(java.lang.Object, java.lang.Object, java.lang.Object, java.lang.Object, int, java.lang.Object)'> (0x00000000ebb3b050) 
thrown [s\src\hotspot\share\interpreter\linkResolver.cpp, line 773]

ZGC Phase Switch (0 events):
No events

VM Operations (18 events):
Event: 0.084 Executing VM operation: HandshakeAllThreads (Deoptimize)
Event: 0.084 Executing VM operation: HandshakeAllThreads (Deoptimize) done
Event: 0.164 Executing VM operation: HandshakeAllThreads (Deoptimize)
Event: 0.164 Executing VM operation: HandshakeAllThreads (Deoptimize) done
Event: 0.460 Executing VM operation: HandshakeAllThreads (Deoptimize)
Event: 0.460 Executing VM operation: HandshakeAllThreads (Deoptimize) done
Event: 0.481 Executing VM operation: HandshakeAllThreads (Deoptimize)
Event: 0.481 Executing VM operation: HandshakeAllThreads (Deoptimize) done
Event: 0.638 Executing VM operation: ICBufferFull
Event: 0.639 Executing VM operation: ICBufferFull done
Event: 0.760 Executing VM operation: ParallelGCFailedAllocation (Allocation Failure)
Event: 0.769 Executing VM operation: ParallelGCFailedAllocation (Allocation Failure) done
Event: 1.096 Executing VM operation: HandshakeAllThreads (Deoptimize)
Event: 1.097 Executing VM operation: HandshakeAllThreads (Deoptimize) done
Event: 1.105 Executing VM operation: HandshakeAllThreads (Deoptimize)
Event: 1.105 Executing VM operation: HandshakeAllThreads (Deoptimize) done
Event: 1.118 Executing VM operation: HandshakeAllThreads (Deoptimize)
Event: 1.118 Executing VM operation: HandshakeAllThreads (Deoptimize) done

Memory protections (0 events):
No events

Nmethod flushes (0 events):
No events

Events (13 events):
Event: 0.027 Thread 0x0000021b3acb0e40 Thread added: 0x0000021b3acb0e40
Event: 0.042 Thread 0x0000021b3acb0e40 Thread added: 0x0000021b3ad50f80
Event: 0.042 Thread 0x0000021b3acb0e40 Thread added: 0x0000021b3ad51b80
Event: 0.042 Thread 0x0000021b3acb0e40 Thread added: 0x0000021b3ad53d50
Event: 0.042 Thread 0x0000021b3acb0e40 Thread added: 0x0000021b3ad54cc0
Event: 0.042 Thread 0x0000021b3acb0e40 Thread added: 0x0000021b3ad5e070
Event: 0.042 Thread 0x0000021b3acb0e40 Thread added: 0x0000021b3ad5fe50
Event: 0.043 Thread 0x0000021b3acb0e40 Thread added: 0x0000021b3ad60bd0
Event: 0.043 Thread 0x0000021b3acb0e40 Thread added: 0x0000021b3ad61bb0
Event: 0.070 Thread 0x0000021b3acb0e40 Thread added: 0x0000021b91747b80
Event: 0.098 Thread 0x0000021b3ad61bb0 Thread added: 0x0000021b9187e7e0
Event: 0.315 Thread 0x0000021b3acb0e40 Thread added: 0x0000021b919b1340
Event: 1.087 Thread 0x0000021b3acb0e40 Thread added: 0x0000021b92d1d230


Dynamic libraries:
0x00007ff64ec40000 - 0x00007ff64ec4e000 	c:\Users\AULIA SYFA\.vscode\extensions\redhat.java-1.39.0-win32-x64\jre\21.0.5-win32-x86_64\bin\java.exe
0x00007ffa67190000 - 0x00007ffa673a7000 	C:\Windows\SYSTEM32\ntdll.dll
0x00007ffa65a90000 - 0x00007ffa65b54000 	C:\Windows\System32\KERNEL32.DLL
0x00007ffa64740000 - 0x00007ffa64b10000 	C:\Windows\System32\KERNELBASE.dll
0x00007ffa644e0000 - 0x00007ffa645f1000 	C:\Windows\System32\ucrtbase.dll
0x00007ffa5b830000 - 0x00007ffa5b848000 	c:\Users\AULIA SYFA\.vscode\extensions\redhat.java-1.39.0-win32-x64\jre\21.0.5-win32-x86_64\bin\jli.dll
0x00007ffa5bd40000 - 0x00007ffa5bd5e000 	c:\Users\AULIA SYFA\.vscode\extensions\redhat.java-1.39.0-win32-x64\jre\21.0.5-win32-x86_64\bin\VCRUNTIME140.dll
0x00007ffa66fa0000 - 0x00007ffa6714e000 	C:\Windows\System32\USER32.dll
0x00007ffa64b10000 - 0x00007ffa64b36000 	C:\Windows\System32\win32u.dll
0x00007ffa46de0000 - 0x00007ffa47072000 	C:\Windows\WinSxS\amd64_microsoft.windows.common-controls_6595b64144ccf1df_6.0.22621.4830_none_270fe7d773858e80\COMCTL32.dll
0x00007ffa64ed0000 - 0x00007ffa64f77000 	C:\Windows\System32\msvcrt.dll
0x00007ffa64f80000 - 0x00007ffa64fa9000 	C:\Windows\System32\GDI32.dll
0x00007ffa64ce0000 - 0x00007ffa64dfb000 	C:\Windows\System32\gdi32full.dll
0x00007ffa64440000 - 0x00007ffa644da000 	C:\Windows\System32\msvcp_win.dll
0x00007ffa66c00000 - 0x00007ffa66c31000 	C:\Windows\System32\IMM32.DLL
0x00007ffa5fd30000 - 0x00007ffa5fd3c000 	c:\Users\AULIA SYFA\.vscode\extensions\redhat.java-1.39.0-win32-x64\jre\21.0.5-win32-x86_64\bin\vcruntime140_1.dll
0x00007ffa13830000 - 0x00007ffa138bd000 	c:\Users\AULIA SYFA\.vscode\extensions\redhat.java-1.39.0-win32-x64\jre\21.0.5-win32-x86_64\bin\msvcp140.dll
0x00007ff9b05f0000 - 0x00007ff9b137f000 	c:\Users\AULIA SYFA\.vscode\extensions\redhat.java-1.39.0-win32-x64\jre\21.0.5-win32-x86_64\bin\server\jvm.dll
0x00007ffa66ee0000 - 0x00007ffa66f91000 	C:\Windows\System32\ADVAPI32.dll
0x00007ffa66b50000 - 0x00007ffa66bf7000 	C:\Windows\System32\sechost.dll
0x00007ffa64b40000 - 0x00007ffa64b68000 	C:\Windows\System32\bcrypt.dll
0x00007ffa66dc0000 - 0x00007ffa66ed4000 	C:\Windows\System32\RPCRT4.dll
0x00007ffa66a40000 - 0x00007ffa66ab1000 	C:\Windows\System32\WS2_32.dll
0x00007ffa640b0000 - 0x00007ffa640fd000 	C:\Windows\SYSTEM32\POWRPROF.dll
0x00007ffa5bf40000 - 0x00007ffa5bf4a000 	C:\Windows\SYSTEM32\VERSION.dll
0x00007ffa5f7a0000 - 0x00007ffa5f7d4000 	C:\Windows\SYSTEM32\WINMM.dll
0x00007ffa64090000 - 0x00007ffa640a3000 	C:\Windows\SYSTEM32\UMPDC.dll
0x00007ffa63480000 - 0x00007ffa63498000 	C:\Windows\SYSTEM32\kernel.appcore.dll
0x00007ffa5bc00000 - 0x00007ffa5bc0a000 	c:\Users\AULIA SYFA\.vscode\extensions\redhat.java-1.39.0-win32-x64\jre\21.0.5-win32-x86_64\bin\jimage.dll
0x00007ffa61dc0000 - 0x00007ffa61ff2000 	C:\Windows\SYSTEM32\DBGHELP.DLL
0x00007ffa650e0000 - 0x00007ffa65470000 	C:\Windows\System32\combase.dll
0x00007ffa65990000 - 0x00007ffa65a67000 	C:\Windows\System32\OLEAUT32.dll
0x00007ffa5c200000 - 0x00007ffa5c232000 	C:\Windows\SYSTEM32\dbgcore.DLL
0x00007ffa64600000 - 0x00007ffa6467b000 	C:\Windows\System32\bcryptPrimitives.dll
0x00007ffa5b5c0000 - 0x00007ffa5b5cf000 	c:\Users\AULIA SYFA\.vscode\extensions\redhat.java-1.39.0-win32-x64\jre\21.0.5-win32-x86_64\bin\instrument.dll
0x00007ffa40890000 - 0x00007ffa408af000 	c:\Users\AULIA SYFA\.vscode\extensions\redhat.java-1.39.0-win32-x64\jre\21.0.5-win32-x86_64\bin\java.dll
0x00007ffa65ff0000 - 0x00007ffa66868000 	C:\Windows\System32\SHELL32.dll
0x00007ffa62340000 - 0x00007ffa62c50000 	C:\Windows\SYSTEM32\windows.storage.dll
0x00007ffa62200000 - 0x00007ffa6233f000 	C:\Windows\SYSTEM32\wintypes.dll
0x00007ffa65d80000 - 0x00007ffa65e8a000 	C:\Windows\System32\SHCORE.dll
0x00007ffa65d10000 - 0x00007ffa65d6e000 	C:\Windows\System32\shlwapi.dll
0x00007ffa64370000 - 0x00007ffa6439b000 	C:\Windows\SYSTEM32\profapi.dll
0x00007ffa3e200000 - 0x00007ffa3e218000 	c:\Users\AULIA SYFA\.vscode\extensions\redhat.java-1.39.0-win32-x64\jre\21.0.5-win32-x86_64\bin\zip.dll
0x00007ffa4a430000 - 0x00007ffa4a440000 	C:\Users\AULIA SYFA\.vscode\extensions\redhat.java-1.39.0-win32-x64\jre\21.0.5-win32-x86_64\bin\net.dll
0x00007ffa60d80000 - 0x00007ffa60eac000 	C:\Windows\SYSTEM32\WINHTTP.dll
0x00007ffa63900000 - 0x00007ffa6396a000 	C:\Windows\system32\mswsock.dll
0x00007ffa37a30000 - 0x00007ffa37a46000 	C:\Users\AULIA SYFA\.vscode\extensions\redhat.java-1.39.0-win32-x64\jre\21.0.5-win32-x86_64\bin\nio.dll
0x00007ffa42cd0000 - 0x00007ffa42ce0000 	c:\Users\AULIA SYFA\.vscode\extensions\redhat.java-1.39.0-win32-x64\jre\21.0.5-win32-x86_64\bin\verify.dll
0x00007ffa07e30000 - 0x00007ffa07e75000 	C:\Users\AULIA SYFA\AppData\Roaming\Code\User\globalStorage\redhat.java\1.39.0\config_ss_win\org.eclipse.equinox.launcher\org.eclipse.equinox.launcher.win32.win32.x86_64_1.2.1100.v20240722-2106\eclipse_11904.dll
0x00007ffa65b60000 - 0x00007ffa65d01000 	C:\Windows\System32\ole32.dll

dbghelp: loaded successfully - version: 4.0.5 - missing functions: none
symbol engine: initialized successfully - sym options: 0x614 - pdb path: .;c:\Users\AULIA SYFA\.vscode\extensions\redhat.java-1.39.0-win32-x64\jre\21.0.5-win32-x86_64\bin;C:\Windows\SYSTEM32;C:\Windows\WinSxS\amd64_microsoft.windows.common-controls_6595b64144ccf1df_6.0.22621.4830_none_270fe7d773858e80;c:\Users\AULIA SYFA\.vscode\extensions\redhat.java-1.39.0-win32-x64\jre\21.0.5-win32-x86_64\bin\server;C:\Users\AULIA SYFA\AppData\Roaming\Code\User\globalStorage\redhat.java\1.39.0\config_ss_win\org.eclipse.equinox.launcher\org.eclipse.equinox.launcher.win32.win32.x86_64_1.2.1100.v20240722-2106

VM Arguments:
jvm_args: --add-modules=ALL-SYSTEM --add-opens=java.base/java.util=ALL-UNNAMED --add-opens=java.base/java.lang=ALL-UNNAMED --add-opens=java.base/sun.nio.fs=ALL-UNNAMED -Declipse.application=org.eclipse.jdt.ls.core.id1 -Dosgi.bundles.defaultStartLevel=4 -Declipse.product=org.eclipse.jdt.ls.core.product -Djava.import.generatesMetadataFilesAtProjectRoot=false -DDetectVMInstallationsJob.disabled=true -Dfile.encoding=utf8 -XX:+UseParallelGC -XX:GCTimeRatio=4 -XX:AdaptiveSizePolicyWeight=90 -Dsun.zip.disableMemoryMapping=true -Xmx1G -Xms100m -Xlog:disable -javaagent:c:\Users\AULIA SYFA\.vscode\extensions\redhat.java-1.39.0-win32-x64\lombok\lombok-1.18.34.jar 
java_command: c:\Users\AULIA SYFA\.vscode\extensions\redhat.java-1.39.0-win32-x64\server\plugins\org.eclipse.equinox.launcher_1.6.900.v20240613-2009.jar -configuration c:\Users\AULIA SYFA\AppData\Roaming\Code\User\globalStorage\redhat.java\1.39.0\config_ss_win -data c:\Users\AULIA SYFA\AppData\Roaming\Code\User\workspaceStorage\946f3b0352dd24bb7ea9f93c218523eb\redhat.java\ss_ws --pipe=\\.\pipe\lsp-00e8d5091fffe668c5e5b1b067b28b05-sock
java_class_path (initial): c:\Users\AULIA SYFA\.vscode\extensions\redhat.java-1.39.0-win32-x64\server\plugins\org.eclipse.equinox.launcher_1.6.900.v20240613-2009.jar
Launcher Type: SUN_STANDARD

[Global flags]
    uintx AdaptiveSizePolicyWeight                 = 90                                        {product} {command line}
     intx CICompilerCount                          = 4                                         {product} {ergonomic}
    uintx GCTimeRatio                              = 4                                         {product} {command line}
   size_t InitialHeapSize                          = 104857600                                 {product} {command line}
   size_t MaxHeapSize                              = 1073741824                                {product} {command line}
   size_t MaxNewSize                               = 357564416                                 {product} {ergonomic}
   size_t MinHeapDeltaBytes                        = 524288                                    {product} {ergonomic}
   size_t MinHeapSize                              = 104857600                                 {product} {command line}
   size_t NewSize                                  = 34603008                                  {product} {ergonomic}
    uintx NonNMethodCodeHeapSize                   = 5839372                                {pd product} {ergonomic}
    uintx NonProfiledCodeHeapSize                  = 122909434                              {pd product} {ergonomic}
   size_t OldSize                                  = 70254592                                  {product} {ergonomic}
     bool PerfDisableSharedMem                     = true                                      {product} {ergonomic}
    uintx ProfiledCodeHeapSize                     = 122909434                              {pd product} {ergonomic}
    uintx ReservedCodeCacheSize                    = 251658240                              {pd product} {ergonomic}
     bool SegmentedCodeCache                       = true                                      {product} {ergonomic}
   size_t SoftMaxHeapSize                          = 1073741824                             {manageable} {ergonomic}
     bool UseCompressedOops                        = true                           {product lp64_product} {ergonomic}
     bool UseLargePagesIndividualAllocation        = false                                  {pd product} {ergonomic}
     bool UseParallelGC                            = true                                      {product} {command line}

Logging:
Log output configuration:
 #0: stdout all=off uptime,level,tags foldmultilines=false
 #1: stderr all=off uptime,level,tags foldmultilines=false

Environment Variables:
JAVA_HOME=C:\Program Files\OpenJDK\jdk-22.0.2
PATH=C:\Program Files\Common Files\Oracle\Java\javapath;C:\Windows\system32;C:\Windows;C:\Windows\System32\Wbem;C:\Windows\System32\WindowsPowerShell\v1.0\;C:\Windows\System32\OpenSSH\;C:\Program Files\nodejs\;C:\xampp\php;C:\ProgramData\ComposerSetup\bin;C:\Program Files\Git\cmd;C:\Program Files\PuTTY\;C:\Program Files\Docker\Docker\resources\bin;C:\ProgramData\chocolatey\bin;C:\Program Files\OpenJDK\jdk-22.0.2\bin;C:\ProgramData\chocolatey\lib\maven\apache-maven-3.9.9\bin;C:\Users\AULIA SYFA\.config\herd-lite\bin;C:\Users\AULIA SYFA\AppData\Local\Microsoft\WindowsApps;C:\Users\AULIA SYFA\AppData\Local\Programs\Microsoft VS Code\bin;D:\flutter\bin;C:\Users\AULIA SYFA\AppData\Local\GitHubDesktop\bin;C:\Users\AULIA SYFA\AppData\Roaming\npm;C:\Users\AULIA SYFA\AppData\Roaming\Composer\vendor\bin
USERNAME=AULIA SYFA
OS=Windows_NT
PROCESSOR_IDENTIFIER=AMD64 Family 25 Model 80 Stepping 0, AuthenticAMD
TMP=C:\Users\AULIAS~1\AppData\Local\Temp
TEMP=C:\Users\AULIAS~1\AppData\Local\Temp




Periodic native trim disabled

---------------  S Y S T E M  ---------------

OS:
 Windows 11 , 64 bit Build 22621 (10.0.22621.4830)
OS uptime: 5 days 4:45 hours
Hyper-V role detected

CPU: total 12 (initial active 12) (12 cores per cpu, 2 threads per core) family 25 model 80 stepping 0 microcode 0x0, cx8, cmov, fxsr, ht, mmx, 3dnowpref, sse, sse2, sse3, ssse3, sse4a, sse4.1, sse4.2, popcnt, lzcnt, tsc, tscinvbit, avx, avx2, aes, erms, clmul, bmi1, bmi2, adx, sha, fma, vzeroupper, clflush, clflushopt, hv, rdtscp, rdpid, fsrm, f16c, cet_ss
Processor Information for processor 0
  Max Mhz: 2000, Current Mhz: 2000, Mhz Limit: 2000
Processor Information for processor 1
  Max Mhz: 2000, Current Mhz: 2000, Mhz Limit: 2000
Processor Information for processor 2
  Max Mhz: 2000, Current Mhz: 2000, Mhz Limit: 2000
Processor Information for processor 3
  Max Mhz: 2000, Current Mhz: 1808, Mhz Limit: 2000
Processor Information for processor 4
  Max Mhz: 2000, Current Mhz: 2000, Mhz Limit: 2000
Processor Information for processor 5
  Max Mhz: 2000, Current Mhz: 1808, Mhz Limit: 2000
Processor Information for processor 6
  Max Mhz: 2000, Current Mhz: 2000, Mhz Limit: 2000
Processor Information for processor 7
  Max Mhz: 2000, Current Mhz: 1808, Mhz Limit: 2000
Processor Information for processor 8
  Max Mhz: 2000, Current Mhz: 2000, Mhz Limit: 2000
Processor Information for processor 9
  Max Mhz: 2000, Current Mhz: 2000, Mhz Limit: 2000
Processor Information for processor 10
  Max Mhz: 2000, Current Mhz: 2000, Mhz Limit: 2000
Processor Information for processor 11
  Max Mhz: 2000, Current Mhz: 2000, Mhz Limit: 2000

Memory: 4k page, system-wide physical 5981M (392M free)
TotalPageFile size 18228M (AvailPageFile size 1M)
current process WorkingSet (physical memory assigned to process): 88M, peak: 88M
current process commit charge ("private bytes"): 213M, peak: 214M

vm_info: OpenJDK 64-Bit Server VM (21.0.5+11-LTS) for windows-amd64 JRE (21.0.5+11-LTS), built on 2024-10-15T00:00:00Z by "admin" with MS VC++ 17.7 (VS2022)

END.
