#
# There is insufficient memory for the Java Runtime Environment to continue.
# Native memory allocation (malloc) failed to allocate 2210752 bytes. Error detail: Chunk::new
# Possible reasons:
#   The system is out of physical RAM or swap space
#   This process is running with CompressedOops enabled, and the Java Heap may be blocking the growth of the native heap
# Possible solutions:
#   Reduce memory load on the system
#   Increase physical memory or swap space
#   Check if swap backing store is full
#   Decrease Java heap size (-Xmx/-Xms)
#   Decrease number of Java threads
#   Decrease Java thread stack sizes (-Xss)
#   Set larger code cache with -XX:ReservedCodeCacheSize=
#   JVM is running with Unscaled Compressed Oops mode in which the Java heap is
#     placed in the first 4GB address space. The Java Heap base address is the
#     maximum limit for the native heap growth. Please use -XX:HeapBaseMinAddress
#     to set the Java Heap base and to place the Java Heap above 4GB virtual address.
# This output file may be truncated or incomplete.
#
#  Out of Memory Error (arena.cpp:168), pid=10964, tid=16328
#
# JRE version: OpenJDK Runtime Environment Temurin-21.0.5+11 (21.0.5+11) (build 21.0.5+11-LTS)
# Java VM: OpenJDK 64-Bit Server VM Temurin-21.0.5+11 (21.0.5+11-LTS, mixed mode, sharing, tiered, compressed oops, compressed class ptrs, parallel gc, windows-amd64)
# No core dump will be written. Minidumps are not enabled by default on client versions of Windows
#

---------------  S U M M A R Y ------------

Command Line: --add-modules=ALL-SYSTEM --add-opens=java.base/java.util=ALL-UNNAMED --add-opens=java.base/java.lang=ALL-UNNAMED --add-opens=java.base/sun.nio.fs=ALL-UNNAMED -Declipse.application=org.eclipse.jdt.ls.core.id1 -Dosgi.bundles.defaultStartLevel=4 -Declipse.product=org.eclipse.jdt.ls.core.product -Djava.import.generatesMetadataFilesAtProjectRoot=false -DDetectVMInstallationsJob.disabled=true -Dfile.encoding=utf8 -XX:+UseParallelGC -XX:GCTimeRatio=4 -XX:AdaptiveSizePolicyWeight=90 -Dsun.zip.disableMemoryMapping=true -Xmx1G -Xms100m -Xlog:disable -javaagent:c:\Users\AULIA SYFA\.vscode\extensions\redhat.java-1.39.0-win32-x64\lombok\lombok-1.18.34.jar -XX:+HeapDumpOnOutOfMemoryError -XX:HeapDumpPath=c:\Users\AULIA SYFA\AppData\Roaming\Code\User\workspaceStorage\946f3b0352dd24bb7ea9f93c218523eb\redhat.java -Daether.dependencyCollector.impl=bf c:\Users\AULIA SYFA\.vscode\extensions\redhat.java-1.39.0-win32-x64\server\plugins\org.eclipse.equinox.launcher_1.6.900.v20240613-2009.jar -configuration c:\Users\AULIA SYFA\AppData\Roaming\Code\User\globalStorage\redhat.java\1.39.0\config_win -data c:\Users\AULIA SYFA\AppData\Roaming\Code\User\workspaceStorage\946f3b0352dd24bb7ea9f93c218523eb\redhat.java\jdt_ws --pipe=\\.\pipe\lsp-0a7dff9ea5ce994a02dffa3f5bad3e60-sock

Host: AMD Ryzen 5 7530U with Radeon Graphics         , 12 cores, 5G,  Windows 11 , 64 bit Build 22621 (10.0.22621.4830)
Time: Wed Feb 26 12:38:20 2025 SE Asia Standard Time elapsed time: 10.971846 seconds (0d 0h 0m 10s)

---------------  T H R E A D  ---------------

Current thread (0x0000020d56084650):  JavaThread "C2 CompilerThread0" daemon [_thread_in_native, id=16328, stack(0x000000364b200000,0x000000364b300000) (1024K)]


Current CompileTask:
C2:10971 10438       4       org.eclipse.jdt.internal.compiler.util.JrtFileSystem$2::visitFile (72 bytes)

Stack: [0x000000364b200000,0x000000364b300000]
Native frames: (J=compiled Java code, j=interpreted, Vv=VM code, C=native code)
V  [jvm.dll+0x6cd4e9]
V  [jvm.dll+0x8a7941]
V  [jvm.dll+0x8a9e6e]
V  [jvm.dll+0x8aa543]
V  [jvm.dll+0x27f6d6]
V  [jvm.dll+0xc500d]
V  [jvm.dll+0xc5543]
V  [jvm.dll+0x3b660c]
V  [jvm.dll+0x382835]
V  [jvm.dll+0x381c9a]
V  [jvm.dll+0x2479d0]
V  [jvm.dll+0x246faf]
V  [jvm.dll+0x1c75ce]
V  [jvm.dll+0x25682a]
V  [jvm.dll+0x254dca]
V  [jvm.dll+0x3f00d6]
V  [jvm.dll+0x8514fb]
V  [jvm.dll+0x6cbbed]
C  [ucrtbase.dll+0x29333]
C  [KERNEL32.DLL+0x1259d]
C  [ntdll.dll+0x5af38]


---------------  P R O C E S S  ---------------

Threads class SMR info:
_java_thread_list=0x0000020d7efd6640, length=65, elements={
0x0000020d55fccaa0, 0x0000020d5606efb0, 0x0000020d56070350, 0x0000020d56074850,
0x0000020d56075b50, 0x0000020d5607a190, 0x0000020d5607a820, 0x0000020d56084650,
0x0000020d56085f10, 0x0000020d5607c260, 0x0000020d5607aeb0, 0x0000020d5607b540,
0x0000020d5607bbd0, 0x0000020d56079b00, 0x0000020d5607c8f0, 0x0000020d5607cf80,
0x0000020d71e4c560, 0x0000020d71e4b1b0, 0x0000020d71e50070, 0x0000020d71e50700,
0x0000020d71e51ab0, 0x0000020d71e4f350, 0x0000020d72fa2160, 0x0000020d71e4ab20,
0x0000020d71e50d90, 0x0000020d71e4e630, 0x0000020d71e51420, 0x0000020d71e4ecc0,
0x0000020d71e4b840, 0x0000020d71e4cbf0, 0x0000020d71e4d910, 0x0000020d71e4f9e0,
0x0000020d71e52140, 0x0000020d71e4bed0, 0x0000020d71e4d280, 0x0000020d73beb100,
0x0000020d73be5520, 0x0000020d73be4800, 0x0000020d73be9030, 0x0000020d73beaa70,
0x0000020d73bebe20, 0x0000020d73beb790, 0x0000020d73be4e90, 0x0000020d73be89a0,
0x0000020d73be5bb0, 0x0000020d73bea3e0, 0x0000020d73be6f60, 0x0000020d73be75f0,
0x0000020d73be96c0, 0x0000020d73be7c80, 0x0000020d73be9d50, 0x0000020d74549e80,
0x0000020d745514a0, 0x0000020d7454b8c0, 0x0000020d74550e10, 0x0000020d7454fa60,
0x0000020d745500f0, 0x0000020d7454e6b0, 0x0000020d7454a510, 0x0000020d7454aba0,
0x0000020d7454d300, 0x0000020d7454b230, 0x0000020d7454bf50, 0x0000020d7454c5e0,
0x0000020d7454cc70
}

Java Threads: ( => current thread )
  0x0000020d55fccaa0 JavaThread "main"                              [_thread_blocked, id=21820, stack(0x000000364a800000,0x000000364a900000) (1024K)]
  0x0000020d5606efb0 JavaThread "Reference Handler"          daemon [_thread_blocked, id=10276, stack(0x000000364ac00000,0x000000364ad00000) (1024K)]
  0x0000020d56070350 JavaThread "Finalizer"                  daemon [_thread_blocked, id=17948, stack(0x000000364ad00000,0x000000364ae00000) (1024K)]
  0x0000020d56074850 JavaThread "Signal Dispatcher"          daemon [_thread_blocked, id=15560, stack(0x000000364ae00000,0x000000364af00000) (1024K)]
  0x0000020d56075b50 JavaThread "Attach Listener"            daemon [_thread_blocked, id=10152, stack(0x000000364af00000,0x000000364b000000) (1024K)]
  0x0000020d5607a190 JavaThread "Service Thread"             daemon [_thread_blocked, id=12964, stack(0x000000364b000000,0x000000364b100000) (1024K)]
  0x0000020d5607a820 JavaThread "Monitor Deflation Thread"   daemon [_thread_blocked, id=23460, stack(0x000000364b100000,0x000000364b200000) (1024K)]
=>0x0000020d56084650 JavaThread "C2 CompilerThread0"         daemon [_thread_in_native, id=16328, stack(0x000000364b200000,0x000000364b300000) (1024K)]
  0x0000020d56085f10 JavaThread "C1 CompilerThread0"         daemon [_thread_blocked, id=22348, stack(0x000000364b300000,0x000000364b400000) (1024K)]
  0x0000020d5607c260 JavaThread "Common-Cleaner"             daemon [_thread_blocked, id=8052, stack(0x000000364b400000,0x000000364b500000) (1024K)]
  0x0000020d5607aeb0 JavaThread "Notification Thread"        daemon [_thread_blocked, id=23148, stack(0x000000364b500000,0x000000364b600000) (1024K)]
  0x0000020d5607b540 JavaThread "Active Thread: Equinox Container: 4a5cd069-611c-4d31-86e6-793bf4510d03"        [_thread_blocked, id=18288, stack(0x000000364bd00000,0x000000364be00000) (1024K)]
  0x0000020d5607bbd0 JavaThread "Refresh Thread: Equinox Container: 4a5cd069-611c-4d31-86e6-793bf4510d03" daemon [_thread_blocked, id=7588, stack(0x000000364be00000,0x000000364bf00000) (1024K)]
  0x0000020d56079b00 JavaThread "Framework Event Dispatcher: Equinox Container: 4a5cd069-611c-4d31-86e6-793bf4510d03" daemon [_thread_blocked, id=14536, stack(0x000000364c000000,0x000000364c100000) (1024K)]
  0x0000020d5607c8f0 JavaThread "Start Level: Equinox Container: 4a5cd069-611c-4d31-86e6-793bf4510d03" daemon [_thread_blocked, id=17484, stack(0x000000364c100000,0x000000364c200000) (1024K)]
  0x0000020d5607cf80 JavaThread "Bundle File Closer"         daemon [_thread_blocked, id=11384, stack(0x000000364c200000,0x000000364c300000) (1024K)]
  0x0000020d71e4c560 JavaThread "SCR Component Actor"        daemon [_thread_blocked, id=7652, stack(0x000000364c500000,0x000000364c600000) (1024K)]
  0x0000020d71e4b1b0 JavaThread "Worker-JM"                         [_thread_blocked, id=21292, stack(0x000000364c700000,0x000000364c800000) (1024K)]
  0x0000020d71e50070 JavaThread "JNA Cleaner"                daemon [_thread_blocked, id=4392, stack(0x000000364b600000,0x000000364b700000) (1024K)]
  0x0000020d71e50700 JavaThread "Worker-0"                          [_thread_blocked, id=7356, stack(0x000000364c800000,0x000000364c900000) (1024K)]
  0x0000020d71e51ab0 JavaThread "Worker-1"                          [_thread_blocked, id=13512, stack(0x000000364c900000,0x000000364ca00000) (1024K)]
  0x0000020d71e4f350 JavaThread "Worker-2: Initialize workspace"        [_thread_in_Java, id=22380, stack(0x000000364ca00000,0x000000364cb00000) (1024K)]
  0x0000020d72fa2160 JavaThread "C2 CompilerThread1"         daemon [_thread_in_native, id=19508, stack(0x000000364cb00000,0x000000364cc00000) (1024K)]
  0x0000020d71e4ab20 JavaThread "Java indexing"              daemon [_thread_in_vm, id=19836, stack(0x000000364cc00000,0x000000364cd00000) (1024K)]
  0x0000020d71e50d90 JavaThread "Worker-3"                          [_thread_blocked, id=23164, stack(0x000000364cd00000,0x000000364ce00000) (1024K)]
  0x0000020d71e4e630 JavaThread "Worker-4"                          [_thread_blocked, id=17784, stack(0x000000364ce00000,0x000000364cf00000) (1024K)]
  0x0000020d71e51420 JavaThread "Worker-5: Java indexing... "        [_thread_blocked, id=1316, stack(0x000000364cf00000,0x000000364d000000) (1024K)]
  0x0000020d71e4ecc0 JavaThread "Thread-2"                   daemon [_thread_in_native, id=7424, stack(0x000000364d000000,0x000000364d100000) (1024K)]
  0x0000020d71e4b840 JavaThread "Thread-3"                   daemon [_thread_in_native, id=12956, stack(0x000000364d100000,0x000000364d200000) (1024K)]
  0x0000020d71e4cbf0 JavaThread "Thread-4"                   daemon [_thread_in_native, id=17632, stack(0x000000364d200000,0x000000364d300000) (1024K)]
  0x0000020d71e4d910 JavaThread "Thread-5"                   daemon [_thread_in_native, id=6752, stack(0x000000364d300000,0x000000364d400000) (1024K)]
  0x0000020d71e4f9e0 JavaThread "Thread-6"                   daemon [_thread_in_native, id=11436, stack(0x000000364d400000,0x000000364d500000) (1024K)]
  0x0000020d71e52140 JavaThread "Thread-7"                   daemon [_thread_in_native, id=17172, stack(0x000000364d500000,0x000000364d600000) (1024K)]
  0x0000020d71e4bed0 JavaThread "Thread-8"                   daemon [_thread_in_native, id=19448, stack(0x000000364d600000,0x000000364d700000) (1024K)]
  0x0000020d71e4d280 JavaThread "Thread-9"                   daemon [_thread_in_native, id=14776, stack(0x000000364d700000,0x000000364d800000) (1024K)]
  0x0000020d73beb100 JavaThread "Thread-10"                  daemon [_thread_in_native, id=12428, stack(0x000000364d800000,0x000000364d900000) (1024K)]
  0x0000020d73be5520 JavaThread "Thread-11"                  daemon [_thread_in_native, id=8912, stack(0x000000364d900000,0x000000364da00000) (1024K)]
  0x0000020d73be4800 JavaThread "Thread-12"                  daemon [_thread_in_native, id=14488, stack(0x000000364da00000,0x000000364db00000) (1024K)]
  0x0000020d73be9030 JavaThread "Thread-13"                  daemon [_thread_in_native, id=18640, stack(0x000000364db00000,0x000000364dc00000) (1024K)]
  0x0000020d73beaa70 JavaThread "Thread-14"                  daemon [_thread_in_native, id=13576, stack(0x000000364dc00000,0x000000364dd00000) (1024K)]
  0x0000020d73bebe20 JavaThread "pool-2-thread-1"                   [_thread_blocked, id=16944, stack(0x000000364dd00000,0x000000364de00000) (1024K)]
  0x0000020d73beb790 JavaThread "WorkspaceEventsHandler"            [_thread_blocked, id=8140, stack(0x000000364de00000,0x000000364df00000) (1024K)]
  0x0000020d73be4e90 JavaThread "pool-1-thread-1"                   [_thread_blocked, id=21524, stack(0x000000364df00000,0x000000364e000000) (1024K)]
  0x0000020d73be89a0 JavaThread "Worker-6"                          [_thread_blocked, id=19288, stack(0x000000364e000000,0x000000364e100000) (1024K)]
  0x0000020d73be5bb0 JavaThread "Worker-7"                          [_thread_blocked, id=1916, stack(0x000000364e100000,0x000000364e200000) (1024K)]
  0x0000020d73bea3e0 JavaThread "LocalFile Deleter"          daemon [_thread_blocked, id=22068, stack(0x000000364e200000,0x000000364e300000) (1024K)]
  0x0000020d73be6f60 JavaThread "LocalFile Deleter"          daemon [_thread_blocked, id=16512, stack(0x000000364e300000,0x000000364e400000) (1024K)]
  0x0000020d73be75f0 JavaThread "Compiler Source File Reader" daemon [_thread_blocked, id=10808, stack(0x000000364e400000,0x000000364e500000) (1024K)]
  0x0000020d73be96c0 JavaThread "Compiler Processing Task"   daemon [_thread_blocked, id=2240, stack(0x000000364e500000,0x000000364e600000) (1024K)]
  0x0000020d73be7c80 JavaThread "Compiler Class File Writer" daemon [_thread_blocked, id=17900, stack(0x000000364e600000,0x000000364e700000) (1024K)]
  0x0000020d73be9d50 JavaThread "LocalFile Deleter"          daemon [_thread_blocked, id=14080, stack(0x000000364e700000,0x000000364e800000) (1024K)]
  0x0000020d74549e80 JavaThread "LocalFile Deleter"          daemon [_thread_blocked, id=12056, stack(0x000000364e800000,0x000000364e900000) (1024K)]
  0x0000020d745514a0 JavaThread "Compiler Source File Reader" daemon [_thread_blocked, id=20412, stack(0x000000364e900000,0x000000364ea00000) (1024K)]
  0x0000020d7454b8c0 JavaThread "Compiler Class File Writer" daemon [_thread_blocked, id=20192, stack(0x000000364ea00000,0x000000364eb00000) (1024K)]
  0x0000020d74550e10 JavaThread "ForkJoinPool.commonPool-worker-1" daemon [_thread_in_vm, id=23324, stack(0x000000364c600000,0x000000364c700000) (1024K)]
  0x0000020d7454fa60 JavaThread "ForkJoinPool.commonPool-worker-2" daemon [_thread_blocked, id=16064, stack(0x000000364eb00000,0x000000364ec00000) (1024K)]
  0x0000020d745500f0 JavaThread "ForkJoinPool.commonPool-worker-3" daemon [_thread_blocked, id=18788, stack(0x000000364ec00000,0x000000364ed00000) (1024K)]
  0x0000020d7454e6b0 JavaThread "SCR Component Registry"     daemon [_thread_blocked, id=6856, stack(0x000000364ed00000,0x000000364ee00000) (1024K)]
  0x0000020d7454a510 JavaThread "ForkJoinPool.commonPool-worker-4" daemon [_thread_blocked, id=18416, stack(0x000000364ee00000,0x000000364ef00000) (1024K)]
  0x0000020d7454aba0 JavaThread "ForkJoinPool.commonPool-worker-5" daemon [_thread_blocked, id=11352, stack(0x000000364ef00000,0x000000364f000000) (1024K)]
  0x0000020d7454d300 JavaThread "ForkJoinPool.commonPool-worker-6" daemon [_thread_blocked, id=7108, stack(0x000000364f000000,0x000000364f100000) (1024K)]
  0x0000020d7454b230 JavaThread "ForkJoinPool.commonPool-worker-7" daemon [_thread_blocked, id=7840, stack(0x000000364f100000,0x000000364f200000) (1024K)]
  0x0000020d7454bf50 JavaThread "ForkJoinPool.commonPool-worker-8" daemon [_thread_blocked, id=18044, stack(0x000000364f200000,0x000000364f300000) (1024K)]
  0x0000020d7454c5e0 JavaThread "ForkJoinPool.commonPool-worker-9" daemon [_thread_blocked, id=3252, stack(0x000000364f300000,0x000000364f400000) (1024K)]
  0x0000020d7454cc70 JavaThread "Thread-16"                  daemon [_thread_in_Java, id=17204, stack(0x000000364f400000,0x000000364f500000) (1024K)]
Total: 65

Other Threads:
  0x0000020d5606e750 VMThread "VM Thread"                           [id=5512, stack(0x000000364ab00000,0x000000364ac00000) (1024K)]
  0x0000020d6a3fba00 WatcherThread "VM Periodic Task Thread"        [id=15468, stack(0x000000364aa00000,0x000000364ab00000) (1024K)]
  0x0000020d55feb840 WorkerThread "GC Thread#0"                     [id=3984, stack(0x000000364a900000,0x000000364aa00000) (1024K)]
  0x0000020d71289240 WorkerThread "GC Thread#1"                     [id=20760, stack(0x000000364b700000,0x000000364b800000) (1024K)]
  0x0000020d717bb680 WorkerThread "GC Thread#2"                     [id=8168, stack(0x000000364b800000,0x000000364b900000) (1024K)]
  0x0000020d717bba20 WorkerThread "GC Thread#3"                     [id=5632, stack(0x000000364b900000,0x000000364ba00000) (1024K)]
  0x0000020d71140790 WorkerThread "GC Thread#4"                     [id=22340, stack(0x000000364ba00000,0x000000364bb00000) (1024K)]
  0x0000020d71140b30 WorkerThread "GC Thread#5"                     [id=12944, stack(0x000000364bb00000,0x000000364bc00000) (1024K)]
  0x0000020d71140ed0 WorkerThread "GC Thread#6"                     [id=16696, stack(0x000000364bc00000,0x000000364bd00000) (1024K)]
  0x0000020d717d1750 WorkerThread "GC Thread#7"                     [id=19624, stack(0x000000364bf00000,0x000000364c000000) (1024K)]
  0x0000020d717d1af0 WorkerThread "GC Thread#8"                     [id=14976, stack(0x000000364c300000,0x000000364c400000) (1024K)]
  0x0000020d717d1010 WorkerThread "GC Thread#9"                     [id=18860, stack(0x000000364c400000,0x000000364c500000) (1024K)]
Total: 12

Threads with active compile tasks:
C2 CompilerThread0  11028 10438       4       org.eclipse.jdt.internal.compiler.util.JrtFileSystem$2::visitFile (72 bytes)
C2 CompilerThread1  11028 10447       4       org.eclipse.jdt.internal.compiler.util.JrtFileSystem$2::visitFile (10 bytes)
Total: 2

VM state: not at safepoint (normal execution)

VM Mutex/Monitor currently owned by a thread: None

Heap address: 0x00000000c0000000, size: 1024 MB, Compressed Oops mode: 32-bit

CDS archive(s) mapped at: [0x0000020d00000000-0x0000020d00ba0000-0x0000020d00ba0000), size 12189696, SharedBaseAddress: 0x0000020d00000000, ArchiveRelocationMode: 1.
Compressed class space mapped at: 0x0000020d01000000-0x0000020d41000000, reserved size: 1073741824
Narrow klass base: 0x0000020d00000000, Narrow klass shift: 0, Narrow klass range: 0x100000000

GC Precious Log:
 CardTable entry size: 512
 CPUs: 12 total, 12 available
 Memory: 5981M
 Large Page Support: Disabled
 NUMA Support: Disabled
 Compressed Oops: Enabled (32-bit)
 Alignments: Space 512K, Generation 512K, Heap 2M
 Heap Min Capacity: 100M
 Heap Initial Capacity: 100M
 Heap Max Capacity: 1G
 Pre-touch: Disabled
 Parallel Workers: 10

Heap:
 PSYoungGen      total 3584K, used 2529K [0x00000000eab00000, 0x00000000eaf80000, 0x0000000100000000)
  eden space 2560K, 70% used [0x00000000eab00000,0x00000000eacc1830,0x00000000ead80000)
  from space 1024K, 71% used [0x00000000eae80000,0x00000000eaf36c70,0x00000000eaf80000)
  to   space 1024K, 0% used [0x00000000ead80000,0x00000000ead80000,0x00000000eae80000)
 ParOldGen       total 265216K, used 236683K [0x00000000c0000000, 0x00000000d0300000, 0x00000000eab00000)
  object space 265216K, 89% used [0x00000000c0000000,0x00000000ce722e68,0x00000000d0300000)
 Metaspace       used 61949K, committed 63552K, reserved 1114112K
  class space    used 6453K, committed 7232K, reserved 1048576K

Card table byte_map: [0x0000020d55970000,0x0000020d55b80000] _byte_map_base: 0x0000020d55370000

Marking Bits: (ParMarkBitMap*) 0x00007ff9b9a12250
 Begin Bits: [0x0000020d68320000, 0x0000020d69320000)
 End Bits:   [0x0000020d69320000, 0x0000020d6a320000)

Polling page: 0x0000020d53fa0000

Metaspace:

Usage:
  Non-class:     54.20 MB used.
      Class:      6.30 MB used.
       Both:     60.50 MB used.

Virtual space:
  Non-class space:       64.00 MB reserved,      55.00 MB ( 86%) committed,  1 nodes.
      Class space:        1.00 GB reserved,       7.06 MB ( <1%) committed,  1 nodes.
             Both:        1.06 GB reserved,      62.06 MB (  6%) committed. 

Chunk freelists:
   Non-Class:  8.66 MB
       Class:  8.98 MB
        Both:  17.64 MB

MaxMetaspaceSize: unlimited
CompressedClassSpaceSize: 1.00 GB
Initial GC threshold: 21.00 MB
Current GC threshold: 97.31 MB
CDS: on
 - commit_granule_bytes: 65536.
 - commit_granule_words: 8192.
 - virtual_space_node_default_size: 8388608.
 - enlarge_chunks_in_place: 1.
 - use_allocation_guard: 0.


Internal statistics:

num_allocs_failed_limit: 11.
num_arena_births: 1196.
num_arena_deaths: 18.
num_vsnodes_births: 2.
num_vsnodes_deaths: 0.
num_space_committed: 993.
num_space_uncommitted: 0.
num_chunks_returned_to_freelist: 31.
num_chunks_taken_from_freelist: 4193.
num_chunk_merges: 18.
num_chunk_splits: 2531.
num_chunks_enlarged: 1343.
num_inconsistent_stats: 0.

CodeHeap 'non-profiled nmethods': size=120000Kb used=4240Kb max_used=4240Kb free=115759Kb
 bounds [0x0000020d60df0000, 0x0000020d61220000, 0x0000020d68320000]
CodeHeap 'profiled nmethods': size=120000Kb used=19408Kb max_used=19410Kb free=100591Kb
 bounds [0x0000020d59320000, 0x0000020d5a630000, 0x0000020d60850000]
CodeHeap 'non-nmethods': size=5760Kb used=1438Kb max_used=1484Kb free=4321Kb
 bounds [0x0000020d60850000, 0x0000020d60ac0000, 0x0000020d60df0000]
 total_blobs=10635 nmethods=9877 adapters=664
 compilation: enabled
              stopped_count=0, restarted_count=0
 full_count=0

Compilation events (20 events):
Event: 10.933 Thread 0x0000020d56085f10 10680       1       org.eclipse.jdt.internal.compiler.classfmt.ModuleInfo::uses (5 bytes)
Event: 10.933 Thread 0x0000020d56085f10 nmethod 10680 0x0000020d61213810 code [0x0000020d612139a0, 0x0000020d61213a68]
Event: 10.933 Thread 0x0000020d56085f10 10681       1       org.eclipse.jdt.internal.compiler.classfmt.ModuleInfo::provides (5 bytes)
Event: 10.933 Thread 0x0000020d56085f10 nmethod 10681 0x0000020d61213b10 code [0x0000020d61213ca0, 0x0000020d61213d68]
Event: 10.933 Thread 0x0000020d56085f10 10682       2       java.net.URI::getPath (31 bytes)
Event: 10.934 Thread 0x0000020d56085f10 nmethod 10682 0x0000020d59932610 code [0x0000020d599327c0, 0x0000020d59932930]
Event: 10.934 Thread 0x0000020d56085f10 10683 %     3       java.net.URI::decode @ 82 (376 bytes)
Event: 10.939 Thread 0x0000020d56085f10 nmethod 10683% 0x0000020d59873610 code [0x0000020d59873c00, 0x0000020d59876f28]
Event: 10.941 Thread 0x0000020d56085f10 10685       2       org.eclipse.core.runtime.Path::<init> (77 bytes)
Event: 10.942 Thread 0x0000020d56085f10 nmethod 10685 0x0000020d59931e90 code [0x0000020d59932080, 0x0000020d599323d8]
Event: 10.942 Thread 0x0000020d56085f10 10684       2       org.eclipse.core.internal.resources.Resource::getParent (79 bytes)
Event: 10.944 Thread 0x0000020d56085f10 nmethod 10684 0x0000020d59931490 code [0x0000020d599316a0, 0x0000020d59931b28]
Event: 10.944 Thread 0x0000020d56085f10 10686       2       java.util.jar.JarFile::getVersionedEntry (133 bytes)
Event: 10.947 Thread 0x0000020d56085f10 nmethod 10686 0x0000020d59c36990 code [0x0000020d59c36be0, 0x0000020d59c37218]
Event: 10.947 Thread 0x0000020d56085f10 10687       2       java.util.concurrent.atomic.AtomicLong::incrementAndGet (14 bytes)
Event: 10.947 Thread 0x0000020d56085f10 nmethod 10687 0x0000020d59b4b510 code [0x0000020d59b4b6a0, 0x0000020d59b4b7c0]
Event: 10.947 Thread 0x0000020d56085f10 10688       2       jdk.internal.misc.Unsafe::loadFence (5 bytes)
Event: 10.948 Thread 0x0000020d56085f10 nmethod 10688 0x0000020d59873190 code [0x0000020d59873320, 0x0000020d59873428]
Event: 10.957 Thread 0x0000020d56085f10 10689       1       org.eclipse.m2e.jdt.internal.MavenClasspathContainer::getKind (2 bytes)
Event: 10.957 Thread 0x0000020d56085f10 nmethod 10689 0x0000020d61213e10 code [0x0000020d61213fa0, 0x0000020d61214068]

GC Heap History (20 events):
Event: 10.733 GC heap before
{Heap before GC invocations=209 (full 3):
 PSYoungGen      total 3584K, used 3552K [0x00000000eab00000, 0x00000000eb280000, 0x0000000100000000)
  eden space 2560K, 100% used [0x00000000eab00000,0x00000000ead80000,0x00000000ead80000)
  from space 1024K, 96% used [0x00000000ead80000,0x00000000eae78358,0x00000000eae80000)
  to   space 2560K, 0% used [0x00000000eb000000,0x00000000eb000000,0x00000000eb280000)
 ParOldGen       total 265216K, used 228075K [0x00000000c0000000, 0x00000000d0300000, 0x00000000eab00000)
  object space 265216K, 85% used [0x00000000c0000000,0x00000000cdebaf48,0x00000000d0300000)
 Metaspace       used 60917K, committed 62400K, reserved 1114112K
  class space    used 6365K, committed 7040K, reserved 1048576K
}
Event: 10.740 GC heap after
{Heap after GC invocations=209 (full 3):
 PSYoungGen      total 4096K, used 1376K [0x00000000eab00000, 0x00000000eb180000, 0x0000000100000000)
  eden space 2560K, 0% used [0x00000000eab00000,0x00000000eab00000,0x00000000ead80000)
  from space 1536K, 89% used [0x00000000eb000000,0x00000000eb158010,0x00000000eb180000)
  to   space 2048K, 0% used [0x00000000ead80000,0x00000000ead80000,0x00000000eaf80000)
 ParOldGen       total 265216K, used 229058K [0x00000000c0000000, 0x00000000d0300000, 0x00000000eab00000)
  object space 265216K, 86% used [0x00000000c0000000,0x00000000cdfb0b98,0x00000000d0300000)
 Metaspace       used 60917K, committed 62400K, reserved 1114112K
  class space    used 6365K, committed 7040K, reserved 1048576K
}
Event: 10.752 GC heap before
{Heap before GC invocations=210 (full 3):
 PSYoungGen      total 4096K, used 3930K [0x00000000eab00000, 0x00000000eb180000, 0x0000000100000000)
  eden space 2560K, 99% used [0x00000000eab00000,0x00000000ead7eb70,0x00000000ead80000)
  from space 1536K, 89% used [0x00000000eb000000,0x00000000eb158010,0x00000000eb180000)
  to   space 2048K, 0% used [0x00000000ead80000,0x00000000ead80000,0x00000000eaf80000)
 ParOldGen       total 265216K, used 230380K [0x00000000c0000000, 0x00000000d0300000, 0x00000000eab00000)
  object space 265216K, 86% used [0x00000000c0000000,0x00000000ce0fb318,0x00000000d0300000)
 Metaspace       used 60946K, committed 62464K, reserved 1114112K
  class space    used 6369K, committed 7040K, reserved 1048576K
}
Event: 10.755 GC heap after
{Heap after GC invocations=210 (full 3):
 PSYoungGen      total 4096K, used 1248K [0x00000000eab00000, 0x00000000eb080000, 0x0000000100000000)
  eden space 2560K, 0% used [0x00000000eab00000,0x00000000eab00000,0x00000000ead80000)
  from space 1536K, 81% used [0x00000000ead80000,0x00000000eaeb81a0,0x00000000eaf00000)
  to   space 1536K, 0% used [0x00000000eaf00000,0x00000000eaf00000,0x00000000eb080000)
 ParOldGen       total 265216K, used 231548K [0x00000000c0000000, 0x00000000d0300000, 0x00000000eab00000)
  object space 265216K, 87% used [0x00000000c0000000,0x00000000ce21f328,0x00000000d0300000)
 Metaspace       used 60946K, committed 62464K, reserved 1114112K
  class space    used 6369K, committed 7040K, reserved 1048576K
}
Event: 10.773 GC heap before
{Heap before GC invocations=211 (full 3):
 PSYoungGen      total 4096K, used 3804K [0x00000000eab00000, 0x00000000eb080000, 0x0000000100000000)
  eden space 2560K, 99% used [0x00000000eab00000,0x00000000ead7ef18,0x00000000ead80000)
  from space 1536K, 81% used [0x00000000ead80000,0x00000000eaeb81a0,0x00000000eaf00000)
  to   space 1536K, 0% used [0x00000000eaf00000,0x00000000eaf00000,0x00000000eb080000)
 ParOldGen       total 265216K, used 231548K [0x00000000c0000000, 0x00000000d0300000, 0x00000000eab00000)
  object space 265216K, 87% used [0x00000000c0000000,0x00000000ce21f328,0x00000000d0300000)
 Metaspace       used 60991K, committed 62464K, reserved 1114112K
  class space    used 6372K, committed 7040K, reserved 1048576K
}
Event: 10.775 GC heap after
{Heap after GC invocations=211 (full 3):
 PSYoungGen      total 3072K, used 352K [0x00000000eab00000, 0x00000000eaf80000, 0x0000000100000000)
  eden space 2560K, 0% used [0x00000000eab00000,0x00000000eab00000,0x00000000ead80000)
  from space 512K, 68% used [0x00000000eaf00000,0x00000000eaf58000,0x00000000eaf80000)
  to   space 1024K, 0% used [0x00000000ead80000,0x00000000ead80000,0x00000000eae80000)
 ParOldGen       total 265216K, used 232189K [0x00000000c0000000, 0x00000000d0300000, 0x00000000eab00000)
  object space 265216K, 87% used [0x00000000c0000000,0x00000000ce2bf438,0x00000000d0300000)
 Metaspace       used 60991K, committed 62464K, reserved 1114112K
  class space    used 6372K, committed 7040K, reserved 1048576K
}
Event: 10.870 GC heap before
{Heap before GC invocations=212 (full 3):
 PSYoungGen      total 3072K, used 2863K [0x00000000eab00000, 0x00000000eaf80000, 0x0000000100000000)
  eden space 2560K, 98% used [0x00000000eab00000,0x00000000ead73d28,0x00000000ead80000)
  from space 512K, 68% used [0x00000000eaf00000,0x00000000eaf58000,0x00000000eaf80000)
  to   space 1024K, 0% used [0x00000000ead80000,0x00000000ead80000,0x00000000eae80000)
 ParOldGen       total 265216K, used 232189K [0x00000000c0000000, 0x00000000d0300000, 0x00000000eab00000)
  object space 265216K, 87% used [0x00000000c0000000,0x00000000ce2bf438,0x00000000d0300000)
 Metaspace       used 61034K, committed 62464K, reserved 1114112K
  class space    used 6379K, committed 7040K, reserved 1048576K
}
Event: 10.873 GC heap after
{Heap after GC invocations=212 (full 3):
 PSYoungGen      total 3584K, used 373K [0x00000000eab00000, 0x00000000eaf80000, 0x0000000100000000)
  eden space 2560K, 0% used [0x00000000eab00000,0x00000000eab00000,0x00000000ead80000)
  from space 1024K, 36% used [0x00000000ead80000,0x00000000eaddd4a8,0x00000000eae80000)
  to   space 512K, 0% used [0x00000000eaf00000,0x00000000eaf00000,0x00000000eaf80000)
 ParOldGen       total 265216K, used 232403K [0x00000000c0000000, 0x00000000d0300000, 0x00000000eab00000)
  object space 265216K, 87% used [0x00000000c0000000,0x00000000ce2f4cd8,0x00000000d0300000)
 Metaspace       used 61034K, committed 62464K, reserved 1114112K
  class space    used 6379K, committed 7040K, reserved 1048576K
}
Event: 10.887 GC heap before
{Heap before GC invocations=213 (full 3):
 PSYoungGen      total 3584K, used 2933K [0x00000000eab00000, 0x00000000eaf80000, 0x0000000100000000)
  eden space 2560K, 100% used [0x00000000eab00000,0x00000000ead80000,0x00000000ead80000)
  from space 1024K, 36% used [0x00000000ead80000,0x00000000eaddd4a8,0x00000000eae80000)
  to   space 512K, 0% used [0x00000000eaf00000,0x00000000eaf00000,0x00000000eaf80000)
 ParOldGen       total 265216K, used 232403K [0x00000000c0000000, 0x00000000d0300000, 0x00000000eab00000)
  object space 265216K, 87% used [0x00000000c0000000,0x00000000ce2f4cd8,0x00000000d0300000)
 Metaspace       used 61047K, committed 62528K, reserved 1114112K
  class space    used 6381K, committed 7040K, reserved 1048576K
}
Event: 10.889 GC heap after
{Heap after GC invocations=213 (full 3):
 PSYoungGen      total 3072K, used 384K [0x00000000eab00000, 0x00000000eaf80000, 0x0000000100000000)
  eden space 2560K, 0% used [0x00000000eab00000,0x00000000eab00000,0x00000000ead80000)
  from space 512K, 75% used [0x00000000eaf00000,0x00000000eaf60020,0x00000000eaf80000)
  to   space 512K, 0% used [0x00000000eae80000,0x00000000eae80000,0x00000000eaf00000)
 ParOldGen       total 265216K, used 232560K [0x00000000c0000000, 0x00000000d0300000, 0x00000000eab00000)
  object space 265216K, 87% used [0x00000000c0000000,0x00000000ce31c2d8,0x00000000d0300000)
 Metaspace       used 61047K, committed 62528K, reserved 1114112K
  class space    used 6381K, committed 7040K, reserved 1048576K
}
Event: 10.904 GC heap before
{Heap before GC invocations=214 (full 3):
 PSYoungGen      total 3072K, used 2944K [0x00000000eab00000, 0x00000000eaf80000, 0x0000000100000000)
  eden space 2560K, 100% used [0x00000000eab00000,0x00000000ead80000,0x00000000ead80000)
  from space 512K, 75% used [0x00000000eaf00000,0x00000000eaf60020,0x00000000eaf80000)
  to   space 512K, 0% used [0x00000000eae80000,0x00000000eae80000,0x00000000eaf00000)
 ParOldGen       total 265216K, used 232560K [0x00000000c0000000, 0x00000000d0300000, 0x00000000eab00000)
  object space 265216K, 87% used [0x00000000c0000000,0x00000000ce31c2d8,0x00000000d0300000)
 Metaspace       used 61050K, committed 62528K, reserved 1114112K
  class space    used 6381K, committed 7040K, reserved 1048576K
}
Event: 10.907 GC heap after
{Heap after GC invocations=214 (full 3):
 PSYoungGen      total 3072K, used 480K [0x00000000eab00000, 0x00000000eaf80000, 0x0000000100000000)
  eden space 2560K, 0% used [0x00000000eab00000,0x00000000eab00000,0x00000000ead80000)
  from space 512K, 93% used [0x00000000eae80000,0x00000000eaef8000,0x00000000eaf00000)
  to   space 512K, 0% used [0x00000000eaf00000,0x00000000eaf00000,0x00000000eaf80000)
 ParOldGen       total 265216K, used 232760K [0x00000000c0000000, 0x00000000d0300000, 0x00000000eab00000)
  object space 265216K, 87% used [0x00000000c0000000,0x00000000ce34e2d8,0x00000000d0300000)
 Metaspace       used 61050K, committed 62528K, reserved 1114112K
  class space    used 6381K, committed 7040K, reserved 1048576K
}
Event: 10.926 GC heap before
{Heap before GC invocations=215 (full 3):
 PSYoungGen      total 3072K, used 3040K [0x00000000eab00000, 0x00000000eaf80000, 0x0000000100000000)
  eden space 2560K, 100% used [0x00000000eab00000,0x00000000ead80000,0x00000000ead80000)
  from space 512K, 93% used [0x00000000eae80000,0x00000000eaef8000,0x00000000eaf00000)
  to   space 512K, 0% used [0x00000000eaf00000,0x00000000eaf00000,0x00000000eaf80000)
 ParOldGen       total 265216K, used 232760K [0x00000000c0000000, 0x00000000d0300000, 0x00000000eab00000)
  object space 265216K, 87% used [0x00000000c0000000,0x00000000ce34e2d8,0x00000000d0300000)
 Metaspace       used 61098K, committed 62720K, reserved 1114112K
  class space    used 6391K, committed 7168K, reserved 1048576K
}
Event: 10.928 GC heap after
{Heap after GC invocations=215 (full 3):
 PSYoungGen      total 3072K, used 504K [0x00000000eab00000, 0x00000000eb080000, 0x0000000100000000)
  eden space 2560K, 0% used [0x00000000eab00000,0x00000000eab00000,0x00000000ead80000)
  from space 512K, 98% used [0x00000000eaf00000,0x00000000eaf7e270,0x00000000eaf80000)
  to   space 1536K, 0% used [0x00000000ead80000,0x00000000ead80000,0x00000000eaf00000)
 ParOldGen       total 265216K, used 233270K [0x00000000c0000000, 0x00000000d0300000, 0x00000000eab00000)
  object space 265216K, 87% used [0x00000000c0000000,0x00000000ce3cdb20,0x00000000d0300000)
 Metaspace       used 61098K, committed 62720K, reserved 1114112K
  class space    used 6391K, committed 7168K, reserved 1048576K
}
Event: 10.939 GC heap before
{Heap before GC invocations=216 (full 3):
 PSYoungGen      total 3072K, used 3064K [0x00000000eab00000, 0x00000000eb080000, 0x0000000100000000)
  eden space 2560K, 99% used [0x00000000eab00000,0x00000000ead7fff0,0x00000000ead80000)
  from space 512K, 98% used [0x00000000eaf00000,0x00000000eaf7e270,0x00000000eaf80000)
  to   space 1536K, 0% used [0x00000000ead80000,0x00000000ead80000,0x00000000eaf00000)
 ParOldGen       total 265216K, used 233270K [0x00000000c0000000, 0x00000000d0300000, 0x00000000eab00000)
  object space 265216K, 87% used [0x00000000c0000000,0x00000000ce3cdb20,0x00000000d0300000)
 Metaspace       used 61220K, committed 62784K, reserved 1114112K
  class space    used 6396K, committed 7168K, reserved 1048576K
}
Event: 10.941 GC heap after
{Heap after GC invocations=216 (full 3):
 PSYoungGen      total 3584K, used 619K [0x00000000eab00000, 0x00000000eaf80000, 0x0000000100000000)
  eden space 2560K, 0% used [0x00000000eab00000,0x00000000eab00000,0x00000000ead80000)
  from space 1024K, 60% used [0x00000000ead80000,0x00000000eae1aef8,0x00000000eae80000)
  to   space 1024K, 0% used [0x00000000eae80000,0x00000000eae80000,0x00000000eaf80000)
 ParOldGen       total 265216K, used 233679K [0x00000000c0000000, 0x00000000d0300000, 0x00000000eab00000)
  object space 265216K, 88% used [0x00000000c0000000,0x00000000ce433d90,0x00000000d0300000)
 Metaspace       used 61220K, committed 62784K, reserved 1114112K
  class space    used 6396K, committed 7168K, reserved 1048576K
}
Event: 10.953 GC heap before
{Heap before GC invocations=217 (full 3):
 PSYoungGen      total 3584K, used 3179K [0x00000000eab00000, 0x00000000eaf80000, 0x0000000100000000)
  eden space 2560K, 100% used [0x00000000eab00000,0x00000000ead80000,0x00000000ead80000)
  from space 1024K, 60% used [0x00000000ead80000,0x00000000eae1aef8,0x00000000eae80000)
  to   space 1024K, 0% used [0x00000000eae80000,0x00000000eae80000,0x00000000eaf80000)
 ParOldGen       total 265216K, used 233679K [0x00000000c0000000, 0x00000000d0300000, 0x00000000eab00000)
  object space 265216K, 88% used [0x00000000c0000000,0x00000000ce433f30,0x00000000d0300000)
 Metaspace       used 61357K, committed 62912K, reserved 1114112K
  class space    used 6405K, committed 7168K, reserved 1048576K
}
Event: 10.955 GC heap after
{Heap after GC invocations=217 (full 3):
 PSYoungGen      total 3072K, used 384K [0x00000000eab00000, 0x00000000eaf00000, 0x0000000100000000)
  eden space 2560K, 0% used [0x00000000eab00000,0x00000000eab00000,0x00000000ead80000)
  from space 512K, 75% used [0x00000000eae80000,0x00000000eaee0000,0x00000000eaf00000)
  to   space 512K, 0% used [0x00000000eae00000,0x00000000eae00000,0x00000000eae80000)
 ParOldGen       total 265216K, used 233982K [0x00000000c0000000, 0x00000000d0300000, 0x00000000eab00000)
  object space 265216K, 88% used [0x00000000c0000000,0x00000000ce47fa98,0x00000000d0300000)
 Metaspace       used 61357K, committed 62912K, reserved 1114112K
  class space    used 6405K, committed 7168K, reserved 1048576K
}
Event: 10.964 GC heap before
{Heap before GC invocations=218 (full 3):
 PSYoungGen      total 3072K, used 2944K [0x00000000eab00000, 0x00000000eaf00000, 0x0000000100000000)
  eden space 2560K, 100% used [0x00000000eab00000,0x00000000ead80000,0x00000000ead80000)
  from space 512K, 75% used [0x00000000eae80000,0x00000000eaee0000,0x00000000eaf00000)
  to   space 512K, 0% used [0x00000000eae00000,0x00000000eae00000,0x00000000eae80000)
 ParOldGen       total 265216K, used 234000K [0x00000000c0000000, 0x00000000d0300000, 0x00000000eab00000)
  object space 265216K, 88% used [0x00000000c0000000,0x00000000ce484330,0x00000000d0300000)
 Metaspace       used 61552K, committed 63104K, reserved 1114112K
  class space    used 6424K, committed 7168K, reserved 1048576K
}
Event: 10.966 GC heap after
{Heap after GC invocations=218 (full 3):
 PSYoungGen      total 3072K, used 511K [0x00000000eab00000, 0x00000000eaf80000, 0x0000000100000000)
  eden space 2560K, 0% used [0x00000000eab00000,0x00000000eab00000,0x00000000ead80000)
  from space 512K, 99% used [0x00000000eae00000,0x00000000eae7fee0,0x00000000eae80000)
  to   space 1024K, 0% used [0x00000000eae80000,0x00000000eae80000,0x00000000eaf80000)
 ParOldGen       total 265216K, used 234196K [0x00000000c0000000, 0x00000000d0300000, 0x00000000eab00000)
  object space 265216K, 88% used [0x00000000c0000000,0x00000000ce4b5310,0x00000000d0300000)
 Metaspace       used 61552K, committed 63104K, reserved 1114112K
  class space    used 6424K, committed 7168K, reserved 1048576K
}

Dll operation events (10 events):
Event: 0.026 Loaded shared library c:\Users\AULIA SYFA\.vscode\extensions\redhat.java-1.39.0-win32-x64\jre\21.0.5-win32-x86_64\bin\java.dll
Event: 0.094 Loaded shared library c:\Users\AULIA SYFA\.vscode\extensions\redhat.java-1.39.0-win32-x64\jre\21.0.5-win32-x86_64\bin\zip.dll
Event: 0.117 Loaded shared library C:\Users\AULIA SYFA\.vscode\extensions\redhat.java-1.39.0-win32-x64\jre\21.0.5-win32-x86_64\bin\instrument.dll
Event: 0.124 Loaded shared library C:\Users\AULIA SYFA\.vscode\extensions\redhat.java-1.39.0-win32-x64\jre\21.0.5-win32-x86_64\bin\net.dll
Event: 0.126 Loaded shared library C:\Users\AULIA SYFA\.vscode\extensions\redhat.java-1.39.0-win32-x64\jre\21.0.5-win32-x86_64\bin\nio.dll
Event: 0.131 Loaded shared library C:\Users\AULIA SYFA\.vscode\extensions\redhat.java-1.39.0-win32-x64\jre\21.0.5-win32-x86_64\bin\zip.dll
Event: 0.154 Loaded shared library C:\Users\AULIA SYFA\.vscode\extensions\redhat.java-1.39.0-win32-x64\jre\21.0.5-win32-x86_64\bin\jimage.dll
Event: 0.244 Loaded shared library c:\Users\AULIA SYFA\.vscode\extensions\redhat.java-1.39.0-win32-x64\jre\21.0.5-win32-x86_64\bin\verify.dll
Event: 1.641 Loaded shared library C:\Users\AULIA SYFA\AppData\Roaming\Code\User\globalStorage\redhat.java\1.39.0\config_win\org.eclipse.equinox.launcher\org.eclipse.equinox.launcher.win32.win32.x86_64_1.2.1100.v20240722-2106\eclipse_11904.dll
Event: 3.738 Loaded shared library C:\Users\AULIA SYFA\AppData\Local\Temp\jna--1632383471\jna7475835632317700277.dll

Deoptimization events (20 events):
Event: 10.784 Thread 0x0000020d71e50700 DEOPT PACKING pc=0x0000020d593ec21a sp=0x000000364c8fe890
Event: 10.784 Thread 0x0000020d71e50700 DEOPT UNPACKING pc=0x0000020d608a4242 sp=0x000000364c8fdcf8 mode 0
Event: 10.875 Thread 0x0000020d71e4f350 DEOPT PACKING pc=0x0000020d59c6ccc6 sp=0x000000364cafdba0
Event: 10.876 Thread 0x0000020d71e4f350 DEOPT UNPACKING pc=0x0000020d608a4242 sp=0x000000364cafd120 mode 0
Event: 10.885 Thread 0x0000020d71e4f350 DEOPT PACKING pc=0x0000020d5a60bebb sp=0x000000364cafdd80
Event: 10.886 Thread 0x0000020d71e4f350 DEOPT UNPACKING pc=0x0000020d608a4242 sp=0x000000364cafd2b8 mode 0
Event: 10.915 Thread 0x0000020d71e4ab20 DEOPT PACKING pc=0x0000020d5a60bebb sp=0x000000364ccfe5d0
Event: 10.915 Thread 0x0000020d71e4ab20 DEOPT UNPACKING pc=0x0000020d608a4242 sp=0x000000364ccfdb08 mode 0
Event: 10.933 Thread 0x0000020d7454b230 DEOPT PACKING pc=0x0000020d59905939 sp=0x000000364f1febb0
Event: 10.933 Thread 0x0000020d7454b230 DEOPT UNPACKING pc=0x0000020d608a4242 sp=0x000000364f1fe0b0 mode 0
Event: 10.938 Thread 0x0000020d7454a510 DEOPT PACKING pc=0x0000020d59c6ccc6 sp=0x000000364eefe060
Event: 10.938 Thread 0x0000020d7454a510 DEOPT UNPACKING pc=0x0000020d608a4242 sp=0x000000364eefd5e0 mode 0
Event: 10.945 Thread 0x0000020d7454a510 Uncommon trap: trap_request=0xffffff45 fr.pc=0x0000020d61137c2c relative=0x0000000000000c8c
Event: 10.945 Thread 0x0000020d7454a510 Uncommon trap: reason=unstable_if action=reinterpret pc=0x0000020d61137c2c method=org.eclipse.jdt.core.Signature.appendClassTypeSignature([CIZLjava/lang/StringBuilder;)I @ 23 c2
Event: 10.945 Thread 0x0000020d7454a510 DEOPT PACKING pc=0x0000020d61137c2c sp=0x000000364eefe450
Event: 10.945 Thread 0x0000020d7454a510 DEOPT UNPACKING pc=0x0000020d608a3aa2 sp=0x000000364eefe408 mode 2
Event: 10.946 Thread 0x0000020d71e4f350 DEOPT PACKING pc=0x0000020d5a60bebb sp=0x000000364cafdd80
Event: 10.946 Thread 0x0000020d71e4f350 DEOPT UNPACKING pc=0x0000020d608a4242 sp=0x000000364cafd2b8 mode 0
Event: 10.960 Thread 0x0000020d74550e10 DEOPT PACKING pc=0x0000020d59f57fd5 sp=0x000000364c6f8aa0
Event: 10.960 Thread 0x0000020d74550e10 DEOPT UNPACKING pc=0x0000020d608a4242 sp=0x000000364c6f7fa8 mode 0

Classes loaded (20 events):
Event: 10.942 Loading class java/nio/file/Files$1
Event: 10.942 Loading class java/nio/file/Files$1 done
Event: 10.957 Loading class javax/crypto/CryptoPermissions
Event: 10.958 Loading class javax/crypto/CryptoPermissions done
Event: 10.958 Loading class javax/crypto/CryptoPolicyParser
Event: 10.958 Loading class javax/crypto/CryptoPolicyParser done
Event: 10.959 Loading class java/io/StreamTokenizer
Event: 10.959 Loading class java/io/StreamTokenizer done
Event: 10.962 Loading class javax/crypto/CryptoPolicyParser$GrantEntry
Event: 10.963 Loading class javax/crypto/CryptoPolicyParser$GrantEntry done
Event: 10.963 Loading class javax/crypto/CryptoPolicyParser$CryptoPermissionEntry
Event: 10.963 Loading class javax/crypto/CryptoPolicyParser$CryptoPermissionEntry done
Event: 10.966 Loading class java/util/Vector$Itr
Event: 10.967 Loading class java/util/Vector$Itr done
Event: 10.967 Loading class javax/crypto/CryptoAllPermission
Event: 10.967 Loading class javax/crypto/CryptoPermission
Event: 10.967 Loading class javax/crypto/CryptoPermission done
Event: 10.967 Loading class javax/crypto/CryptoAllPermission done
Event: 10.967 Loading class javax/crypto/CryptoAllPermissionCollection
Event: 10.967 Loading class javax/crypto/CryptoAllPermissionCollection done

Classes unloaded (9 events):
Event: 4.288 Thread 0x0000020d5606e750 Unloading class 0x0000020d0119ac00 'java/lang/invoke/LambdaForm$MH+0x0000020d0119ac00'
Event: 4.288 Thread 0x0000020d5606e750 Unloading class 0x0000020d0119a800 'java/lang/invoke/LambdaForm$MH+0x0000020d0119a800'
Event: 4.288 Thread 0x0000020d5606e750 Unloading class 0x0000020d0119a400 'java/lang/invoke/LambdaForm$MH+0x0000020d0119a400'
Event: 4.288 Thread 0x0000020d5606e750 Unloading class 0x0000020d0119a000 'java/lang/invoke/LambdaForm$MH+0x0000020d0119a000'
Event: 4.288 Thread 0x0000020d5606e750 Unloading class 0x0000020d01199c00 'java/lang/invoke/LambdaForm$BMH+0x0000020d01199c00'
Event: 4.288 Thread 0x0000020d5606e750 Unloading class 0x0000020d01199800 'java/lang/invoke/LambdaForm$DMH+0x0000020d01199800'
Event: 4.288 Thread 0x0000020d5606e750 Unloading class 0x0000020d01198400 'java/lang/invoke/LambdaForm$DMH+0x0000020d01198400'
Event: 9.796 Thread 0x0000020d5606e750 Unloading class 0x0000020d01654800 'java/lang/invoke/LambdaForm$DMH+0x0000020d01654800'
Event: 9.796 Thread 0x0000020d5606e750 Unloading class 0x0000020d01654400 'java/lang/invoke/LambdaForm$DMH+0x0000020d01654400'

Classes redefined (0 events):
No events

Internal exceptions (20 events):
Event: 10.557 Thread 0x0000020d73be4e90 Exception <a 'java/lang/IncompatibleClassChangeError'{0x00000000eabe92b8}: Found class java.lang.Object, but interface was expected> (0x00000000eabe92b8) 
thrown [s\src\hotspot\share\interpreter\linkResolver.cpp, line 840]
Event: 10.573 Thread 0x0000020d73be4e90 Exception <a 'java/lang/IncompatibleClassChangeError'{0x00000000ead1fdf0}: Found class java.lang.Object, but interface was expected> (0x00000000ead1fdf0) 
thrown [s\src\hotspot\share\interpreter\linkResolver.cpp, line 840]
Event: 10.597 Thread 0x0000020d73be5bb0 Exception <a 'sun/nio/fs/WindowsException'{0x00000000eace52f8}> (0x00000000eace52f8) 
thrown [s\src\hotspot\share\prims\jni.cpp, line 520]
Event: 10.597 Thread 0x0000020d73be5bb0 Exception <a 'sun/nio/fs/WindowsException'{0x00000000eacf51c0}> (0x00000000eacf51c0) 
thrown [s\src\hotspot\share\prims\jni.cpp, line 520]
Event: 10.629 Thread 0x0000020d73be5bb0 Exception <a 'java/lang/NoSuchMethodError'{0x00000000eaba3868}: 'java.lang.Object java.lang.invoke.Invokers$Holder.linkToTargetMethod(java.lang.Object, java.lang.Object, int, int, java.lang.Object)'> (0x00000000eaba3868) 
thrown [s\src\hotspot\share\interpreter\linkResolver.cpp, line 773]
Event: 10.633 Thread 0x0000020d71e4f350 Exception <a 'sun/nio/fs/WindowsException'{0x00000000eac61cf0}> (0x00000000eac61cf0) 
thrown [s\src\hotspot\share\prims\jni.cpp, line 520]
Event: 10.633 Thread 0x0000020d71e4f350 Exception <a 'sun/nio/fs/WindowsException'{0x00000000eaca7d00}> (0x00000000eaca7d00) 
thrown [s\src\hotspot\share\prims\jni.cpp, line 520]
Event: 10.634 Thread 0x0000020d71e4f350 Exception <a 'sun/nio/fs/WindowsException'{0x00000000eaca8ae8}> (0x00000000eaca8ae8) 
thrown [s\src\hotspot\share\prims\jni.cpp, line 520]
Event: 10.634 Thread 0x0000020d71e4f350 Exception <a 'sun/nio/fs/WindowsException'{0x00000000eacf3820}> (0x00000000eacf3820) 
thrown [s\src\hotspot\share\prims\jni.cpp, line 520]
Event: 10.639 Thread 0x0000020d71e4f350 Exception <a 'java/io/FileNotFoundException'{0x00000000eab0a478}> (0x00000000eab0a478) 
thrown [s\src\hotspot\share\prims\jni.cpp, line 520]
Event: 10.639 Thread 0x0000020d71e4f350 Exception <a 'java/io/FileNotFoundException'{0x00000000eab80268}> (0x00000000eab80268) 
thrown [s\src\hotspot\share\prims\jni.cpp, line 520]
Event: 10.643 Thread 0x0000020d73be5bb0 Exception <a 'java/lang/NoSuchMethodError'{0x00000000eac998a8}: method resolution failed> (0x00000000eac998a8) 
thrown [s\src\hotspot\share\prims\methodHandles.cpp, line 1144]
Event: 10.648 Thread 0x0000020d71e4f350 Exception <a 'sun/nio/fs/WindowsException'{0x00000000eab078b0}> (0x00000000eab078b0) 
thrown [s\src\hotspot\share\prims\jni.cpp, line 520]
Event: 10.648 Thread 0x0000020d71e4f350 Exception <a 'sun/nio/fs/WindowsException'{0x00000000eab07ee0}> (0x00000000eab07ee0) 
thrown [s\src\hotspot\share\prims\jni.cpp, line 520]
Event: 10.680 Thread 0x0000020d71e4f350 Exception <a 'sun/nio/fs/WindowsException'{0x00000000eab29c18}> (0x00000000eab29c18) 
thrown [s\src\hotspot\share\prims\jni.cpp, line 520]
Event: 10.680 Thread 0x0000020d71e4f350 Exception <a 'sun/nio/fs/WindowsException'{0x00000000eab2a770}> (0x00000000eab2a770) 
thrown [s\src\hotspot\share\prims\jni.cpp, line 520]
Event: 10.723 Thread 0x0000020d73be89a0 Exception <a 'sun/nio/fs/WindowsException'{0x00000000eab10380}> (0x00000000eab10380) 
thrown [s\src\hotspot\share\prims\jni.cpp, line 520]
Event: 10.723 Thread 0x0000020d73be89a0 Exception <a 'sun/nio/fs/WindowsException'{0x00000000eab13820}> (0x00000000eab13820) 
thrown [s\src\hotspot\share\prims\jni.cpp, line 520]
Event: 10.919 Thread 0x0000020d73be89a0 Exception <a 'java/lang/NoSuchMethodError'{0x00000000eaca75b8}: 'java.lang.Object java.lang.invoke.DirectMethodHandle$Holder.invokeSpecial(java.lang.Object, java.lang.Object, int, long)'> (0x00000000eaca75b8) 
thrown [s\src\hotspot\share\interpreter\linkResolver.cpp, line 773]
Event: 10.938 Thread 0x0000020d7454cc70 Exception <a 'sun/nio/fs/WindowsException'{0x00000000eacfd480}> (0x00000000eacfd480) 
thrown [s\src\hotspot\share\prims\jni.cpp, line 520]

ZGC Phase Switch (0 events):
No events

VM Operations (20 events):
Event: 10.802 Executing VM operation: ParallelGCFailedAllocation (Allocation Failure)
Event: 10.873 Executing VM operation: ParallelGCFailedAllocation (Allocation Failure) done
Event: 10.873 Executing VM operation: HandshakeAllThreads (Deoptimize)
Event: 10.876 Executing VM operation: HandshakeAllThreads (Deoptimize) done
Event: 10.887 Executing VM operation: ParallelGCFailedAllocation (Allocation Failure)
Event: 10.889 Executing VM operation: ParallelGCFailedAllocation (Allocation Failure) done
Event: 10.904 Executing VM operation: ParallelGCFailedAllocation (Allocation Failure)
Event: 10.907 Executing VM operation: ParallelGCFailedAllocation (Allocation Failure) done
Event: 10.925 Executing VM operation: ParallelGCFailedAllocation (Allocation Failure)
Event: 10.928 Executing VM operation: ParallelGCFailedAllocation (Allocation Failure) done
Event: 10.938 Executing VM operation: ParallelGCFailedAllocation (Allocation Failure)
Event: 10.941 Executing VM operation: ParallelGCFailedAllocation (Allocation Failure) done
Event: 10.947 Executing VM operation: HandshakeAllThreads (Deoptimize)
Event: 10.947 Executing VM operation: HandshakeAllThreads (Deoptimize) done
Event: 10.950 Executing VM operation: ParallelGCFailedAllocation (Allocation Failure)
Event: 10.953 Executing VM operation: ParallelGCFailedAllocation (Allocation Failure) done
Event: 10.953 Executing VM operation: ParallelGCSystemGC (GCLocker Initiated GC)
Event: 10.955 Executing VM operation: ParallelGCSystemGC (GCLocker Initiated GC) done
Event: 10.963 Executing VM operation: ParallelGCFailedAllocation (Allocation Failure)
Event: 10.966 Executing VM operation: ParallelGCFailedAllocation (Allocation Failure) done

Memory protections (0 events):
No events

Nmethod flushes (20 events):
Event: 9.846 Thread 0x0000020d5606e750 flushing  nmethod 0x0000020d59cef210
Event: 9.846 Thread 0x0000020d5606e750 flushing  nmethod 0x0000020d59cf2c90
Event: 9.846 Thread 0x0000020d5606e750 flushing  nmethod 0x0000020d59cf3610
Event: 9.846 Thread 0x0000020d5606e750 flushing  nmethod 0x0000020d59d0f910
Event: 9.846 Thread 0x0000020d5606e750 flushing  nmethod 0x0000020d59d10610
Event: 9.846 Thread 0x0000020d5606e750 flushing  nmethod 0x0000020d59d10c10
Event: 9.846 Thread 0x0000020d5606e750 flushing  nmethod 0x0000020d59d11010
Event: 9.846 Thread 0x0000020d5606e750 flushing  nmethod 0x0000020d59d11690
Event: 9.846 Thread 0x0000020d5606e750 flushing  nmethod 0x0000020d59d12310
Event: 9.846 Thread 0x0000020d5606e750 flushing  nmethod 0x0000020d59d13f10
Event: 9.846 Thread 0x0000020d5606e750 flushing  nmethod 0x0000020d59d14610
Event: 9.846 Thread 0x0000020d5606e750 flushing  nmethod 0x0000020d59d14b90
Event: 9.846 Thread 0x0000020d5606e750 flushing  nmethod 0x0000020d59d15090
Event: 9.846 Thread 0x0000020d5606e750 flushing  nmethod 0x0000020d59d15c10
Event: 9.846 Thread 0x0000020d5606e750 flushing  nmethod 0x0000020d59d16610
Event: 9.846 Thread 0x0000020d5606e750 flushing  nmethod 0x0000020d59d17710
Event: 9.846 Thread 0x0000020d5606e750 flushing  nmethod 0x0000020d59d18810
Event: 9.846 Thread 0x0000020d5606e750 flushing  nmethod 0x0000020d59d19790
Event: 9.846 Thread 0x0000020d5606e750 flushing  nmethod 0x0000020d59d1a310
Event: 9.846 Thread 0x0000020d5606e750 flushing  nmethod 0x0000020d59d1bc90

Events (20 events):
Event: 9.129 Thread 0x0000020d71e50700 Thread added: 0x0000020d7454cc70
Event: 9.129 Thread 0x0000020d71e50700 Thread added: 0x0000020d7454a510
Event: 9.129 Thread 0x0000020d71e50700 Thread added: 0x0000020d7454b230
Event: 9.159 Thread 0x0000020d7454a510 Thread exited: 0x0000020d7454a510
Event: 9.159 Thread 0x0000020d74550e10 Thread exited: 0x0000020d74550e10
Event: 9.159 Thread 0x0000020d7454bf50 Thread exited: 0x0000020d7454bf50
Event: 9.159 Thread 0x0000020d7454cc70 Thread exited: 0x0000020d7454cc70
Event: 9.159 Thread 0x0000020d7454b230 Thread exited: 0x0000020d7454b230
Event: 9.348 Thread 0x0000020d71e4dfa0 Thread exited: 0x0000020d71e4dfa0
Event: 10.529 Thread 0x0000020d73be4e90 Thread added: 0x0000020d74550e10
Event: 10.553 Thread 0x0000020d73be4e90 Thread added: 0x0000020d7454fa60
Event: 10.558 Thread 0x0000020d73be4e90 Thread added: 0x0000020d745500f0
Event: 10.661 Thread 0x0000020d71e4f350 Thread added: 0x0000020d7454e6b0
Event: 10.691 Thread 0x0000020d73be4e90 Thread added: 0x0000020d7454a510
Event: 10.693 Thread 0x0000020d73be4e90 Thread added: 0x0000020d7454aba0
Event: 10.703 Thread 0x0000020d73be4e90 Thread added: 0x0000020d7454d300
Event: 10.708 Thread 0x0000020d7454d300 Thread added: 0x0000020d7454b230
Event: 10.713 Thread 0x0000020d73be4e90 Thread added: 0x0000020d7454bf50
Event: 10.741 Thread 0x0000020d73be4e90 Thread added: 0x0000020d7454c5e0
Event: 10.744 Thread 0x0000020d7454a510 Thread added: 0x0000020d7454cc70


Dynamic libraries:
0x00007ff7cbf60000 - 0x00007ff7cbf6e000 	c:\Users\AULIA SYFA\.vscode\extensions\redhat.java-1.39.0-win32-x64\jre\21.0.5-win32-x86_64\bin\java.exe
0x00007ffa67190000 - 0x00007ffa673a7000 	C:\Windows\SYSTEM32\ntdll.dll
0x00007ffa65a90000 - 0x00007ffa65b54000 	C:\Windows\System32\KERNEL32.DLL
0x00007ffa64740000 - 0x00007ffa64b10000 	C:\Windows\System32\KERNELBASE.dll
0x00007ffa644e0000 - 0x00007ffa645f1000 	C:\Windows\System32\ucrtbase.dll
0x00007ffa3e560000 - 0x00007ffa3e57e000 	c:\Users\AULIA SYFA\.vscode\extensions\redhat.java-1.39.0-win32-x64\jre\21.0.5-win32-x86_64\bin\VCRUNTIME140.dll
0x00007ffa3ea70000 - 0x00007ffa3ea88000 	c:\Users\AULIA SYFA\.vscode\extensions\redhat.java-1.39.0-win32-x64\jre\21.0.5-win32-x86_64\bin\jli.dll
0x00007ffa66fa0000 - 0x00007ffa6714e000 	C:\Windows\System32\USER32.dll
0x00007ffa64b10000 - 0x00007ffa64b36000 	C:\Windows\System32\win32u.dll
0x00007ffa46de0000 - 0x00007ffa47072000 	C:\Windows\WinSxS\amd64_microsoft.windows.common-controls_6595b64144ccf1df_6.0.22621.4830_none_270fe7d773858e80\COMCTL32.dll
0x00007ffa64f80000 - 0x00007ffa64fa9000 	C:\Windows\System32\GDI32.dll
0x00007ffa64ce0000 - 0x00007ffa64dfb000 	C:\Windows\System32\gdi32full.dll
0x00007ffa64ed0000 - 0x00007ffa64f77000 	C:\Windows\System32\msvcrt.dll
0x00007ffa64440000 - 0x00007ffa644da000 	C:\Windows\System32\msvcp_win.dll
0x00007ffa66c00000 - 0x00007ffa66c31000 	C:\Windows\System32\IMM32.DLL
0x00007ffa5bb60000 - 0x00007ffa5bb6c000 	c:\Users\AULIA SYFA\.vscode\extensions\redhat.java-1.39.0-win32-x64\jre\21.0.5-win32-x86_64\bin\vcruntime140_1.dll
0x00007ffa097f0000 - 0x00007ffa0987d000 	c:\Users\AULIA SYFA\.vscode\extensions\redhat.java-1.39.0-win32-x64\jre\21.0.5-win32-x86_64\bin\msvcp140.dll
0x00007ff9b8d60000 - 0x00007ff9b9aef000 	c:\Users\AULIA SYFA\.vscode\extensions\redhat.java-1.39.0-win32-x64\jre\21.0.5-win32-x86_64\bin\server\jvm.dll
0x00007ffa66ee0000 - 0x00007ffa66f91000 	C:\Windows\System32\ADVAPI32.dll
0x00007ffa66b50000 - 0x00007ffa66bf7000 	C:\Windows\System32\sechost.dll
0x00007ffa64b40000 - 0x00007ffa64b68000 	C:\Windows\System32\bcrypt.dll
0x00007ffa66dc0000 - 0x00007ffa66ed4000 	C:\Windows\System32\RPCRT4.dll
0x00007ffa66a40000 - 0x00007ffa66ab1000 	C:\Windows\System32\WS2_32.dll
0x00007ffa640b0000 - 0x00007ffa640fd000 	C:\Windows\SYSTEM32\POWRPROF.dll
0x00007ffa5bf40000 - 0x00007ffa5bf4a000 	C:\Windows\SYSTEM32\VERSION.dll
0x00007ffa5f7a0000 - 0x00007ffa5f7d4000 	C:\Windows\SYSTEM32\WINMM.dll
0x00007ffa64090000 - 0x00007ffa640a3000 	C:\Windows\SYSTEM32\UMPDC.dll
0x00007ffa63480000 - 0x00007ffa63498000 	C:\Windows\SYSTEM32\kernel.appcore.dll
0x00007ffa5b7e0000 - 0x00007ffa5b7ea000 	c:\Users\AULIA SYFA\.vscode\extensions\redhat.java-1.39.0-win32-x64\jre\21.0.5-win32-x86_64\bin\jimage.dll
0x00007ffa61dc0000 - 0x00007ffa61ff2000 	C:\Windows\SYSTEM32\DBGHELP.DLL
0x00007ffa650e0000 - 0x00007ffa65470000 	C:\Windows\System32\combase.dll
0x00007ffa65990000 - 0x00007ffa65a67000 	C:\Windows\System32\OLEAUT32.dll
0x00007ffa5c200000 - 0x00007ffa5c232000 	C:\Windows\SYSTEM32\dbgcore.DLL
0x00007ffa64600000 - 0x00007ffa6467b000 	C:\Windows\System32\bcryptPrimitives.dll
0x00007ffa5b5d0000 - 0x00007ffa5b5df000 	c:\Users\AULIA SYFA\.vscode\extensions\redhat.java-1.39.0-win32-x64\jre\21.0.5-win32-x86_64\bin\instrument.dll
0x00007ffa2f150000 - 0x00007ffa2f16f000 	c:\Users\AULIA SYFA\.vscode\extensions\redhat.java-1.39.0-win32-x64\jre\21.0.5-win32-x86_64\bin\java.dll
0x00007ffa65ff0000 - 0x00007ffa66868000 	C:\Windows\System32\SHELL32.dll
0x00007ffa62340000 - 0x00007ffa62c50000 	C:\Windows\SYSTEM32\windows.storage.dll
0x00007ffa62200000 - 0x00007ffa6233f000 	C:\Windows\SYSTEM32\wintypes.dll
0x00007ffa65d80000 - 0x00007ffa65e8a000 	C:\Windows\System32\SHCORE.dll
0x00007ffa65d10000 - 0x00007ffa65d6e000 	C:\Windows\System32\shlwapi.dll
0x00007ffa64370000 - 0x00007ffa6439b000 	C:\Windows\SYSTEM32\profapi.dll
0x00007ffa263a0000 - 0x00007ffa263b8000 	c:\Users\AULIA SYFA\.vscode\extensions\redhat.java-1.39.0-win32-x64\jre\21.0.5-win32-x86_64\bin\zip.dll
0x00007ffa584e0000 - 0x00007ffa584f0000 	C:\Users\AULIA SYFA\.vscode\extensions\redhat.java-1.39.0-win32-x64\jre\21.0.5-win32-x86_64\bin\net.dll
0x00007ffa60d80000 - 0x00007ffa60eac000 	C:\Windows\SYSTEM32\WINHTTP.dll
0x00007ffa63900000 - 0x00007ffa6396a000 	C:\Windows\system32\mswsock.dll
0x00007ffa1d080000 - 0x00007ffa1d096000 	C:\Users\AULIA SYFA\.vscode\extensions\redhat.java-1.39.0-win32-x64\jre\21.0.5-win32-x86_64\bin\nio.dll
0x00007ffa4ab50000 - 0x00007ffa4ab60000 	c:\Users\AULIA SYFA\.vscode\extensions\redhat.java-1.39.0-win32-x64\jre\21.0.5-win32-x86_64\bin\verify.dll
0x00007ffa09e20000 - 0x00007ffa09e65000 	C:\Users\AULIA SYFA\AppData\Roaming\Code\User\globalStorage\redhat.java\1.39.0\config_win\org.eclipse.equinox.launcher\org.eclipse.equinox.launcher.win32.win32.x86_64_1.2.1100.v20240722-2106\eclipse_11904.dll
0x00007ffa65b60000 - 0x00007ffa65d01000 	C:\Windows\System32\ole32.dll
0x00007ffa63b60000 - 0x00007ffa63b7b000 	C:\Windows\SYSTEM32\CRYPTSP.dll
0x00007ffa633c0000 - 0x00007ffa633f5000 	C:\Windows\system32\rsaenh.dll
0x00007ffa639f0000 - 0x00007ffa63a18000 	C:\Windows\SYSTEM32\USERENV.dll
0x00007ffa63b50000 - 0x00007ffa63b5c000 	C:\Windows\SYSTEM32\CRYPTBASE.dll
0x00007ffa62ef0000 - 0x00007ffa62f1d000 	C:\Windows\SYSTEM32\IPHLPAPI.DLL
0x00007ffa66a30000 - 0x00007ffa66a39000 	C:\Windows\System32\NSI.dll
0x00007ffa088b0000 - 0x00007ffa088f9000 	C:\Users\AULIA SYFA\AppData\Local\Temp\jna--1632383471\jna7475835632317700277.dll
0x00007ffa65d70000 - 0x00007ffa65d78000 	C:\Windows\System32\PSAPI.DLL
0x00007ffa60000000 - 0x00007ffa60019000 	C:\Windows\SYSTEM32\dhcpcsvc6.DLL
0x00007ffa5ffe0000 - 0x00007ffa5ffff000 	C:\Windows\SYSTEM32\dhcpcsvc.DLL

dbghelp: loaded successfully - version: 4.0.5 - missing functions: none
symbol engine: initialized successfully - sym options: 0x614 - pdb path: .;c:\Users\AULIA SYFA\.vscode\extensions\redhat.java-1.39.0-win32-x64\jre\21.0.5-win32-x86_64\bin;C:\Windows\SYSTEM32;C:\Windows\WinSxS\amd64_microsoft.windows.common-controls_6595b64144ccf1df_6.0.22621.4830_none_270fe7d773858e80;c:\Users\AULIA SYFA\.vscode\extensions\redhat.java-1.39.0-win32-x64\jre\21.0.5-win32-x86_64\bin\server;C:\Users\AULIA SYFA\AppData\Roaming\Code\User\globalStorage\redhat.java\1.39.0\config_win\org.eclipse.equinox.launcher\org.eclipse.equinox.launcher.win32.win32.x86_64_1.2.1100.v20240722-2106;C:\Users\AULIA SYFA\AppData\Local\Temp\jna--1632383471

VM Arguments:
jvm_args: --add-modules=ALL-SYSTEM --add-opens=java.base/java.util=ALL-UNNAMED --add-opens=java.base/java.lang=ALL-UNNAMED --add-opens=java.base/sun.nio.fs=ALL-UNNAMED -Declipse.application=org.eclipse.jdt.ls.core.id1 -Dosgi.bundles.defaultStartLevel=4 -Declipse.product=org.eclipse.jdt.ls.core.product -Djava.import.generatesMetadataFilesAtProjectRoot=false -DDetectVMInstallationsJob.disabled=true -Dfile.encoding=utf8 -XX:+UseParallelGC -XX:GCTimeRatio=4 -XX:AdaptiveSizePolicyWeight=90 -Dsun.zip.disableMemoryMapping=true -Xmx1G -Xms100m -Xlog:disable -javaagent:c:\Users\AULIA SYFA\.vscode\extensions\redhat.java-1.39.0-win32-x64\lombok\lombok-1.18.34.jar -XX:+HeapDumpOnOutOfMemoryError -XX:HeapDumpPath=c:\Users\AULIA SYFA\AppData\Roaming\Code\User\workspaceStorage\946f3b0352dd24bb7ea9f93c218523eb\redhat.java -Daether.dependencyCollector.impl=bf 
java_command: c:\Users\AULIA SYFA\.vscode\extensions\redhat.java-1.39.0-win32-x64\server\plugins\org.eclipse.equinox.launcher_1.6.900.v20240613-2009.jar -configuration c:\Users\AULIA SYFA\AppData\Roaming\Code\User\globalStorage\redhat.java\1.39.0\config_win -data c:\Users\AULIA SYFA\AppData\Roaming\Code\User\workspaceStorage\946f3b0352dd24bb7ea9f93c218523eb\redhat.java\jdt_ws --pipe=\\.\pipe\lsp-0a7dff9ea5ce994a02dffa3f5bad3e60-sock
java_class_path (initial): c:\Users\AULIA SYFA\.vscode\extensions\redhat.java-1.39.0-win32-x64\server\plugins\org.eclipse.equinox.launcher_1.6.900.v20240613-2009.jar
Launcher Type: SUN_STANDARD

[Global flags]
    uintx AdaptiveSizePolicyWeight                 = 90                                        {product} {command line}
     intx CICompilerCount                          = 4                                         {product} {ergonomic}
    uintx GCTimeRatio                              = 4                                         {product} {command line}
     bool HeapDumpOnOutOfMemoryError               = true                                   {manageable} {command line}
    ccstr HeapDumpPath                             = c:\Users\AULIA SYFA\AppData\Roaming\Code\User\workspaceStorage\946f3b0352dd24bb7ea9f93c218523eb\redhat.java         {manageable} {command line}
   size_t InitialHeapSize                          = 104857600                                 {product} {command line}
   size_t MaxHeapSize                              = 1073741824                                {product} {command line}
   size_t MaxNewSize                               = 357564416                                 {product} {ergonomic}
   size_t MinHeapDeltaBytes                        = 524288                                    {product} {ergonomic}
   size_t MinHeapSize                              = 104857600                                 {product} {command line}
   size_t NewSize                                  = 34603008                                  {product} {ergonomic}
    uintx NonNMethodCodeHeapSize                   = 5839372                                {pd product} {ergonomic}
    uintx NonProfiledCodeHeapSize                  = 122909434                              {pd product} {ergonomic}
   size_t OldSize                                  = 70254592                                  {product} {ergonomic}
    uintx ProfiledCodeHeapSize                     = 122909434                              {pd product} {ergonomic}
    uintx ReservedCodeCacheSize                    = 251658240                              {pd product} {ergonomic}
     bool SegmentedCodeCache                       = true                                      {product} {ergonomic}
   size_t SoftMaxHeapSize                          = 1073741824                             {manageable} {ergonomic}
     bool UseCompressedOops                        = true                           {product lp64_product} {ergonomic}
     bool UseLargePagesIndividualAllocation        = false                                  {pd product} {ergonomic}
     bool UseParallelGC                            = true                                      {product} {command line}

Logging:
Log output configuration:
 #0: stdout all=off uptime,level,tags foldmultilines=false
 #1: stderr all=off uptime,level,tags foldmultilines=false

Environment Variables:
JAVA_HOME=C:\Program Files\OpenJDK\jdk-22.0.2
PATH=C:\Program Files\Common Files\Oracle\Java\javapath;C:\Windows\system32;C:\Windows;C:\Windows\System32\Wbem;C:\Windows\System32\WindowsPowerShell\v1.0\;C:\Windows\System32\OpenSSH\;C:\Program Files\nodejs\;C:\xampp\php;C:\ProgramData\ComposerSetup\bin;C:\Program Files\Git\cmd;C:\Program Files\PuTTY\;C:\Program Files\Docker\Docker\resources\bin;C:\ProgramData\chocolatey\bin;C:\Program Files\OpenJDK\jdk-22.0.2\bin;C:\ProgramData\chocolatey\lib\maven\apache-maven-3.9.9\bin;C:\Users\AULIA SYFA\.config\herd-lite\bin;C:\Users\AULIA SYFA\AppData\Local\Microsoft\WindowsApps;C:\Users\AULIA SYFA\AppData\Local\Programs\Microsoft VS Code\bin;D:\flutter\bin;C:\Users\AULIA SYFA\AppData\Local\GitHubDesktop\bin;C:\Users\AULIA SYFA\AppData\Roaming\npm;C:\Users\AULIA SYFA\AppData\Roaming\Composer\vendor\bin
USERNAME=AULIA SYFA
OS=Windows_NT
PROCESSOR_IDENTIFIER=AMD64 Family 25 Model 80 Stepping 0, AuthenticAMD
TMP=C:\Users\AULIAS~1\AppData\Local\Temp
TEMP=C:\Users\AULIAS~1\AppData\Local\Temp




Periodic native trim disabled

---------------  S Y S T E M  ---------------

OS:
 Windows 11 , 64 bit Build 22621 (10.0.22621.4830)
OS uptime: 6 days 4:05 hours
Hyper-V role detected

CPU: total 12 (initial active 12) (12 cores per cpu, 2 threads per core) family 25 model 80 stepping 0 microcode 0x0, cx8, cmov, fxsr, ht, mmx, 3dnowpref, sse, sse2, sse3, ssse3, sse4a, sse4.1, sse4.2, popcnt, lzcnt, tsc, tscinvbit, avx, avx2, aes, erms, clmul, bmi1, bmi2, adx, sha, fma, vzeroupper, clflush, clflushopt, hv, rdtscp, rdpid, fsrm, f16c, cet_ss
Processor Information for processor 0
  Max Mhz: 2000, Current Mhz: 2000, Mhz Limit: 2000
Processor Information for processor 1
  Max Mhz: 2000, Current Mhz: 2000, Mhz Limit: 2000
Processor Information for processor 2
  Max Mhz: 2000, Current Mhz: 2000, Mhz Limit: 2000
Processor Information for processor 3
  Max Mhz: 2000, Current Mhz: 2000, Mhz Limit: 2000
Processor Information for processor 4
  Max Mhz: 2000, Current Mhz: 2000, Mhz Limit: 2000
Processor Information for processor 5
  Max Mhz: 2000, Current Mhz: 2000, Mhz Limit: 2000
Processor Information for processor 6
  Max Mhz: 2000, Current Mhz: 1808, Mhz Limit: 2000
Processor Information for processor 7
  Max Mhz: 2000, Current Mhz: 2000, Mhz Limit: 2000
Processor Information for processor 8
  Max Mhz: 2000, Current Mhz: 2000, Mhz Limit: 2000
Processor Information for processor 9
  Max Mhz: 2000, Current Mhz: 2000, Mhz Limit: 2000
Processor Information for processor 10
  Max Mhz: 2000, Current Mhz: 2000, Mhz Limit: 2000
Processor Information for processor 11
  Max Mhz: 2000, Current Mhz: 2000, Mhz Limit: 2000

Memory: 4k page, system-wide physical 5981M (345M free)
TotalPageFile size 17944M (AvailPageFile size 6M)
current process WorkingSet (physical memory assigned to process): 418M, peak: 461M
current process commit charge ("private bytes"): 531M, peak: 539M

vm_info: OpenJDK 64-Bit Server VM (21.0.5+11-LTS) for windows-amd64 JRE (21.0.5+11-LTS), built on 2024-10-15T00:00:00Z by "admin" with MS VC++ 17.7 (VS2022)

END.
