#
# There is insufficient memory for the Java Runtime Environment to continue.
# Native memory allocation (malloc) failed to allocate 2064144 bytes. Error detail: Chunk::new
# Possible reasons:
#   The system is out of physical RAM or swap space
#   This process is running with CompressedOops enabled, and the Java Heap may be blocking the growth of the native heap
# Possible solutions:
#   Reduce memory load on the system
#   Increase physical memory or swap space
#   Check if swap backing store is full
#   Decrease Java heap size (-Xmx/-Xms)
#   Decrease number of Java threads
#   Decrease Java thread stack sizes (-Xss)
#   Set larger code cache with -XX:ReservedCodeCacheSize=
#   JVM is running with Unscaled Compressed Oops mode in which the Java heap is
#     placed in the first 4GB address space. The Java Heap base address is the
#     maximum limit for the native heap growth. Please use -XX:HeapBaseMinAddress
#     to set the Java Heap base and to place the Java Heap above 4GB virtual address.
# This output file may be truncated or incomplete.
#
#  Out of Memory Error (arena.cpp:168), pid=21264, tid=13920
#
# JRE version: OpenJDK Runtime Environment Temurin-21.0.5+11 (21.0.5+11) (build 21.0.5+11-LTS)
# Java VM: OpenJDK 64-Bit Server VM Temurin-21.0.5+11 (21.0.5+11-LTS, mixed mode, sharing, tiered, compressed oops, compressed class ptrs, parallel gc, windows-amd64)
# No core dump will be written. Minidumps are not enabled by default on client versions of Windows
#

---------------  S U M M A R Y ------------

Command Line: --add-modules=ALL-SYSTEM --add-opens=java.base/java.util=ALL-UNNAMED --add-opens=java.base/java.lang=ALL-UNNAMED --add-opens=java.base/sun.nio.fs=ALL-UNNAMED -Declipse.application=org.eclipse.jdt.ls.core.id1 -Dosgi.bundles.defaultStartLevel=4 -Declipse.product=org.eclipse.jdt.ls.core.product -Djava.import.generatesMetadataFilesAtProjectRoot=false -DDetectVMInstallationsJob.disabled=true -Dfile.encoding=utf8 -XX:+UseParallelGC -XX:GCTimeRatio=4 -XX:AdaptiveSizePolicyWeight=90 -Dsun.zip.disableMemoryMapping=true -Xmx1G -Xms100m -Xlog:disable -javaagent:c:\Users\AULIA SYFA\.vscode\extensions\redhat.java-1.39.0-win32-x64\lombok\lombok-1.18.34.jar -XX:+HeapDumpOnOutOfMemoryError -XX:HeapDumpPath=c:\Users\AULIA SYFA\AppData\Roaming\Code\User\workspaceStorage\946f3b0352dd24bb7ea9f93c218523eb\redhat.java -Daether.dependencyCollector.impl=bf c:\Users\AULIA SYFA\.vscode\extensions\redhat.java-1.39.0-win32-x64\server\plugins\org.eclipse.equinox.launcher_1.6.900.v20240613-2009.jar -configuration c:\Users\AULIA SYFA\AppData\Roaming\Code\User\globalStorage\redhat.java\1.39.0\config_win -data c:\Users\AULIA SYFA\AppData\Roaming\Code\User\workspaceStorage\946f3b0352dd24bb7ea9f93c218523eb\redhat.java\jdt_ws --pipe=\\.\pipe\lsp-8e653859d641e0d7f23391e5e4344e9e-sock

Host: AMD Ryzen 5 7530U with Radeon Graphics         , 12 cores, 5G,  Windows 11 , 64 bit Build 22621 (10.0.22621.4830)
Time: Tue Feb 25 13:18:38 2025 SE Asia Standard Time elapsed time: 7.912496 seconds (0d 0h 0m 7s)

---------------  T H R E A D  ---------------

Current thread (0x00000265ef019c80):  JavaThread "C2 CompilerThread0" daemon [_thread_in_native, id=13920, stack(0x000000f48ca00000,0x000000f48cb00000) (1024K)]


Current CompileTask:
C2:7912 9232   !   4       org.eclipse.osgi.internal.loader.classpath.ClasspathManager::findClassImpl (308 bytes)

Stack: [0x000000f48ca00000,0x000000f48cb00000]
Native frames: (J=compiled Java code, j=interpreted, Vv=VM code, C=native code)
V  [jvm.dll+0x6cd4e9]
V  [jvm.dll+0x8a7941]
V  [jvm.dll+0x8a9e6e]
V  [jvm.dll+0x8aa543]
V  [jvm.dll+0x27f6d6]
V  [jvm.dll+0xc500d]
V  [jvm.dll+0xc5543]
V  [jvm.dll+0x3b660c]
V  [jvm.dll+0x1dfdf3]
V  [jvm.dll+0x247b22]
V  [jvm.dll+0x246faf]
V  [jvm.dll+0x1c75ce]
V  [jvm.dll+0x25682a]
V  [jvm.dll+0x254dca]
V  [jvm.dll+0x3f00d6]
V  [jvm.dll+0x8514fb]
V  [jvm.dll+0x6cbbed]
C  [ucrtbase.dll+0x29333]
C  [KERNEL32.DLL+0x1259d]
C  [ntdll.dll+0x5af38]


---------------  P R O C E S S  ---------------

Threads class SMR info:
_java_thread_list=0x00000265f2a0daf0, length=60, elements={
0x000002659375ac50, 0x00000265a7cae510, 0x00000265ef000690, 0x00000265ef0030d0,
0x00000265ef005c00, 0x00000265ef010fc0, 0x00000265ef016010, 0x00000265ef019c80,
0x00000265ef01af80, 0x00000265937ce1a0, 0x00000265ef2ba910, 0x00000265ef33f670,
0x00000265efb271f0, 0x00000265f003fc80, 0x00000265efcef580, 0x00000265efdff170,
0x00000265f05a2610, 0x00000265f03ac880, 0x00000265efb7a2c0, 0x00000265f00e8240,
0x00000265f00e8f60, 0x00000265f00eb030, 0x00000265f00ea310, 0x00000265f00e88d0,
0x00000265f1545170, 0x00000265f15499a0, 0x00000265f154a6c0, 0x00000265f154ad50,
0x00000265f154a030, 0x00000265f1546bb0, 0x00000265f1543dc0, 0x00000265f154b3e0,
0x00000265f1547240, 0x00000265f1544450, 0x00000265f1545800, 0x00000265f1545e90,
0x00000265f1548c80, 0x00000265f15478d0, 0x00000265f1547f60, 0x00000265f1544ae0,
0x00000265f1546520, 0x00000265f1549310, 0x00000265f15485f0, 0x00000265f1c983d0,
0x00000265f1c9b850, 0x00000265f1c9bee0, 0x00000265f1c99780, 0x00000265f1c9c570,
0x00000265f1c98a60, 0x00000265f1c9cc00, 0x00000265f1c95c70, 0x00000265f1c96300,
0x00000265f1c97020, 0x00000265f1c96990, 0x00000265f1c99e10, 0x00000265f1c976b0,
0x00000265f1c990f0, 0x00000265f1c9a4a0, 0x00000265f1c9ab30, 0x00000265f1c9b1c0
}

Java Threads: ( => current thread )
  0x000002659375ac50 JavaThread "main"                              [_thread_blocked, id=14024, stack(0x000000f48c000000,0x000000f48c100000) (1024K)]
  0x00000265a7cae510 JavaThread "Reference Handler"          daemon [_thread_blocked, id=15736, stack(0x000000f48c400000,0x000000f48c500000) (1024K)]
  0x00000265ef000690 JavaThread "Finalizer"                  daemon [_thread_blocked, id=14092, stack(0x000000f48c500000,0x000000f48c600000) (1024K)]
  0x00000265ef0030d0 JavaThread "Signal Dispatcher"          daemon [_thread_blocked, id=17400, stack(0x000000f48c600000,0x000000f48c700000) (1024K)]
  0x00000265ef005c00 JavaThread "Attach Listener"            daemon [_thread_blocked, id=20964, stack(0x000000f48c700000,0x000000f48c800000) (1024K)]
  0x00000265ef010fc0 JavaThread "Service Thread"             daemon [_thread_blocked, id=18492, stack(0x000000f48c800000,0x000000f48c900000) (1024K)]
  0x00000265ef016010 JavaThread "Monitor Deflation Thread"   daemon [_thread_blocked, id=14356, stack(0x000000f48c900000,0x000000f48ca00000) (1024K)]
=>0x00000265ef019c80 JavaThread "C2 CompilerThread0"         daemon [_thread_in_native, id=13920, stack(0x000000f48ca00000,0x000000f48cb00000) (1024K)]
  0x00000265ef01af80 JavaThread "C1 CompilerThread0"         daemon [_thread_in_native, id=22832, stack(0x000000f48cb00000,0x000000f48cc00000) (1024K)]
  0x00000265937ce1a0 JavaThread "Common-Cleaner"             daemon [_thread_blocked, id=16948, stack(0x000000f48cc00000,0x000000f48cd00000) (1024K)]
  0x00000265ef2ba910 JavaThread "C2 CompilerThread1"         daemon [_thread_in_native, id=22048, stack(0x000000f48cd00000,0x000000f48ce00000) (1024K)]
  0x00000265ef33f670 JavaThread "Notification Thread"        daemon [_thread_blocked, id=2556, stack(0x000000f48ce00000,0x000000f48cf00000) (1024K)]
  0x00000265efb271f0 JavaThread "Active Thread: Equinox Container: de0df8d6-d473-48d2-8331-4a30631b3b3b"        [_thread_blocked, id=23056, stack(0x000000f48d500000,0x000000f48d600000) (1024K)]
  0x00000265f003fc80 JavaThread "Refresh Thread: Equinox Container: de0df8d6-d473-48d2-8331-4a30631b3b3b" daemon [_thread_blocked, id=18308, stack(0x000000f48d600000,0x000000f48d700000) (1024K)]
  0x00000265efcef580 JavaThread "Framework Event Dispatcher: Equinox Container: de0df8d6-d473-48d2-8331-4a30631b3b3b" daemon [_thread_blocked, id=20440, stack(0x000000f48d800000,0x000000f48d900000) (1024K)]
  0x00000265efdff170 JavaThread "Start Level: Equinox Container: de0df8d6-d473-48d2-8331-4a30631b3b3b" daemon [_thread_blocked, id=23548, stack(0x000000f48d900000,0x000000f48da00000) (1024K)]
  0x00000265f05a2610 JavaThread "Bundle File Closer"         daemon [_thread_blocked, id=544, stack(0x000000f48da00000,0x000000f48db00000) (1024K)]
  0x00000265f03ac880 JavaThread "SCR Component Actor"        daemon [_thread_blocked, id=19624, stack(0x000000f48dd00000,0x000000f48de00000) (1024K)]
  0x00000265efb7a2c0 JavaThread "SCR Component Registry"     daemon [_thread_blocked, id=9148, stack(0x000000f48de00000,0x000000f48df00000) (1024K)]
  0x00000265f00e8240 JavaThread "Worker-JM"                         [_thread_blocked, id=12924, stack(0x000000f48df00000,0x000000f48e000000) (1024K)]
  0x00000265f00e8f60 JavaThread "JNA Cleaner"                daemon [_thread_blocked, id=14108, stack(0x000000f48e000000,0x000000f48e100000) (1024K)]
  0x00000265f00eb030 JavaThread "Worker-0"                          [_thread_blocked, id=11892, stack(0x000000f48e100000,0x000000f48e200000) (1024K)]
  0x00000265f00ea310 JavaThread "Worker-1"                          [_thread_blocked, id=3676, stack(0x000000f48e200000,0x000000f48e300000) (1024K)]
  0x00000265f00e88d0 JavaThread "Worker-2"                          [_thread_blocked, id=7224, stack(0x000000f48e300000,0x000000f48e400000) (1024K)]
  0x00000265f1545170 JavaThread "Java indexing"              daemon [_thread_in_Java, id=13996, stack(0x000000f48e400000,0x000000f48e500000) (1024K)]
  0x00000265f15499a0 JavaThread "Worker-3: Building"                [_thread_blocked, id=5544, stack(0x000000f48e500000,0x000000f48e600000) (1024K)]
  0x00000265f154a6c0 JavaThread "Worker-4"                          [_thread_blocked, id=10448, stack(0x000000f48e600000,0x000000f48e700000) (1024K)]
  0x00000265f154ad50 JavaThread "Worker-5"                          [_thread_blocked, id=14656, stack(0x000000f48e700000,0x000000f48e800000) (1024K)]
  0x00000265f154a030 JavaThread "Thread-2"                   daemon [_thread_in_native, id=12916, stack(0x000000f48e800000,0x000000f48e900000) (1024K)]
  0x00000265f1546bb0 JavaThread "Thread-3"                   daemon [_thread_in_native, id=4056, stack(0x000000f48e900000,0x000000f48ea00000) (1024K)]
  0x00000265f1543dc0 JavaThread "Thread-4"                   daemon [_thread_in_native, id=3096, stack(0x000000f48ea00000,0x000000f48eb00000) (1024K)]
  0x00000265f154b3e0 JavaThread "Thread-5"                   daemon [_thread_in_native, id=21180, stack(0x000000f48eb00000,0x000000f48ec00000) (1024K)]
  0x00000265f1547240 JavaThread "Thread-6"                   daemon [_thread_in_native, id=11888, stack(0x000000f48ec00000,0x000000f48ed00000) (1024K)]
  0x00000265f1544450 JavaThread "Thread-7"                   daemon [_thread_in_native, id=19640, stack(0x000000f48ed00000,0x000000f48ee00000) (1024K)]
  0x00000265f1545800 JavaThread "Thread-8"                   daemon [_thread_in_native, id=16644, stack(0x000000f48ee00000,0x000000f48ef00000) (1024K)]
  0x00000265f1545e90 JavaThread "Thread-9"                   daemon [_thread_in_native, id=10812, stack(0x000000f48ef00000,0x000000f48f000000) (1024K)]
  0x00000265f1548c80 JavaThread "Thread-10"                  daemon [_thread_in_native, id=17500, stack(0x000000f48f000000,0x000000f48f100000) (1024K)]
  0x00000265f15478d0 JavaThread "Thread-11"                  daemon [_thread_in_native, id=11516, stack(0x000000f48f100000,0x000000f48f200000) (1024K)]
  0x00000265f1547f60 JavaThread "Thread-12"                  daemon [_thread_in_native, id=2512, stack(0x000000f48f200000,0x000000f48f300000) (1024K)]
  0x00000265f1544ae0 JavaThread "Thread-13"                  daemon [_thread_in_native, id=4704, stack(0x000000f48f300000,0x000000f48f400000) (1024K)]
  0x00000265f1546520 JavaThread "Thread-14"                  daemon [_thread_in_native, id=8864, stack(0x000000f48f400000,0x000000f48f500000) (1024K)]
  0x00000265f1549310 JavaThread "pool-2-thread-1"                   [_thread_blocked, id=19256, stack(0x000000f48f500000,0x000000f48f600000) (1024K)]
  0x00000265f15485f0 JavaThread "Worker-6: Java indexing... "        [_thread_blocked, id=8504, stack(0x000000f48f600000,0x000000f48f700000) (1024K)]
  0x00000265f1c983d0 JavaThread "WorkspaceEventsHandler"            [_thread_blocked, id=20260, stack(0x000000f48f700000,0x000000f48f800000) (1024K)]
  0x00000265f1c9b850 JavaThread "pool-1-thread-1"                   [_thread_blocked, id=10436, stack(0x000000f48f800000,0x000000f48f900000) (1024K)]
  0x00000265f1c9bee0 JavaThread "LocalFile Deleter"          daemon [_thread_blocked, id=9884, stack(0x000000f48f900000,0x000000f48fa00000) (1024K)]
  0x00000265f1c99780 JavaThread "LocalFile Deleter"          daemon [_thread_blocked, id=3612, stack(0x000000f48fa00000,0x000000f48fb00000) (1024K)]
  0x00000265f1c9c570 JavaThread "LocalFile Deleter"          daemon [_thread_blocked, id=22524, stack(0x000000f48fb00000,0x000000f48fc00000) (1024K)]
  0x00000265f1c98a60 JavaThread "LocalFile Deleter"          daemon [_thread_blocked, id=15876, stack(0x000000f48fc00000,0x000000f48fd00000) (1024K)]
  0x00000265f1c9cc00 JavaThread "LocalFile Deleter"          daemon [_thread_blocked, id=9324, stack(0x000000f48fd00000,0x000000f48fe00000) (1024K)]
  0x00000265f1c95c70 JavaThread "Compiler Source File Reader" daemon [_thread_blocked, id=6356, stack(0x000000f48fe00000,0x000000f48ff00000) (1024K)]
  0x00000265f1c96300 JavaThread "Compiler Processing Task"   daemon [_thread_blocked, id=21768, stack(0x000000f48ff00000,0x000000f490000000) (1024K)]
  0x00000265f1c97020 JavaThread "Compiler Class File Writer" daemon [_thread_blocked, id=12548, stack(0x000000f490000000,0x000000f490100000) (1024K)]
  0x00000265f1c96990 JavaThread "Compiler Source File Reader" daemon [_thread_blocked, id=11108, stack(0x000000f490100000,0x000000f490200000) (1024K)]
  0x00000265f1c99e10 JavaThread "Compiler Class File Writer" daemon [_thread_blocked, id=7772, stack(0x000000f490200000,0x000000f490300000) (1024K)]
  0x00000265f1c976b0 JavaThread "ParallelDescriptorResolver-0-0" daemon [_thread_in_Java, id=22116, stack(0x000000f490300000,0x000000f490400000) (1024K)]
  0x00000265f1c990f0 JavaThread "ParallelDescriptorResolver-0-1" daemon [_thread_in_Java, id=7176, stack(0x000000f490400000,0x000000f490500000) (1024K)]
  0x00000265f1c9a4a0 JavaThread "ParallelDescriptorResolver-0-2" daemon [_thread_in_Java, id=12912, stack(0x000000f490500000,0x000000f490600000) (1024K)]
  0x00000265f1c9ab30 JavaThread "ParallelDescriptorResolver-0-3" daemon [_thread_in_native, id=13136, stack(0x000000f490600000,0x000000f490700000) (1024K)]
  0x00000265f1c9b1c0 JavaThread "ParallelDescriptorResolver-0-4" daemon [_thread_in_native, id=16600, stack(0x000000f490700000,0x000000f490800000) (1024K)]
Total: 60

Other Threads:
  0x00000265a7c96b50 VMThread "VM Thread"                           [id=22404, stack(0x000000f48c300000,0x000000f48c400000) (1024K)]
  0x00000265a7b8ba00 WatcherThread "VM Periodic Task Thread"        [id=15496, stack(0x000000f48c200000,0x000000f48c300000) (1024K)]
  0x000002659377c240 WorkerThread "GC Thread#0"                     [id=6936, stack(0x000000f48c100000,0x000000f48c200000) (1024K)]
  0x00000265ef625d90 WorkerThread "GC Thread#1"                     [id=15120, stack(0x000000f48cf00000,0x000000f48d000000) (1024K)]
  0x00000265efad43d0 WorkerThread "GC Thread#2"                     [id=17732, stack(0x000000f48d000000,0x000000f48d100000) (1024K)]
  0x00000265ef626130 WorkerThread "GC Thread#3"                     [id=18776, stack(0x000000f48d100000,0x000000f48d200000) (1024K)]
  0x00000265ef9e7b10 WorkerThread "GC Thread#4"                     [id=15080, stack(0x000000f48d200000,0x000000f48d300000) (1024K)]
  0x00000265ef9e85f0 WorkerThread "GC Thread#5"                     [id=8820, stack(0x000000f48d300000,0x000000f48d400000) (1024K)]
  0x00000265ef9e8d30 WorkerThread "GC Thread#6"                     [id=10816, stack(0x000000f48d400000,0x000000f48d500000) (1024K)]
  0x00000265ef9e90d0 WorkerThread "GC Thread#7"                     [id=11956, stack(0x000000f48d700000,0x000000f48d800000) (1024K)]
  0x00000265ef9e7eb0 WorkerThread "GC Thread#8"                     [id=12452, stack(0x000000f48db00000,0x000000f48dc00000) (1024K)]
  0x00000265ef9e8250 WorkerThread "GC Thread#9"                     [id=22680, stack(0x000000f48dc00000,0x000000f48dd00000) (1024K)]
Total: 12

Threads with active compile tasks:
C2 CompilerThread0  7943 9232   !   4       org.eclipse.osgi.internal.loader.classpath.ClasspathManager::findClassImpl (308 bytes)
C1 CompilerThread0  7943 9860       2       org.apache.maven.model.building.DefaultModelBuilder::build (1082 bytes)
C2 CompilerThread1  7943 9833       4       java.util.HashMap::get (19 bytes)
Total: 3

VM state: not at safepoint (normal execution)

VM Mutex/Monitor currently owned by a thread: None

Heap address: 0x00000000c0000000, size: 1024 MB, Compressed Oops mode: 32-bit

CDS archive(s) mapped at: [0x00000265a8000000-0x00000265a8ba0000-0x00000265a8ba0000), size 12189696, SharedBaseAddress: 0x00000265a8000000, ArchiveRelocationMode: 1.
Compressed class space mapped at: 0x00000265a9000000-0x00000265e9000000, reserved size: 1073741824
Narrow klass base: 0x00000265a8000000, Narrow klass shift: 0, Narrow klass range: 0x100000000

GC Precious Log:
 CardTable entry size: 512
 CPUs: 12 total, 12 available
 Memory: 5981M
 Large Page Support: Disabled
 NUMA Support: Disabled
 Compressed Oops: Enabled (32-bit)
 Alignments: Space 512K, Generation 512K, Heap 2M
 Heap Min Capacity: 100M
 Heap Initial Capacity: 100M
 Heap Max Capacity: 1G
 Pre-touch: Disabled
 Parallel Workers: 10

Heap:
 PSYoungGen      total 13824K, used 10917K [0x00000000eab00000, 0x00000000ebc00000, 0x0000000100000000)
  eden space 11264K, 77% used [0x00000000eab00000,0x00000000eb379498,0x00000000eb600000)
  from space 2560K, 87% used [0x00000000eb980000,0x00000000ebbb0000,0x00000000ebc00000)
  to   space 2560K, 0% used [0x00000000eb700000,0x00000000eb700000,0x00000000eb980000)
 ParOldGen       total 220672K, used 220650K [0x00000000c0000000, 0x00000000cd780000, 0x00000000eab00000)
  object space 220672K, 99% used [0x00000000c0000000,0x00000000cd77aa38,0x00000000cd780000)
 Metaspace       used 55607K, committed 56960K, reserved 1114112K
  class space    used 5808K, committed 6400K, reserved 1048576K

Card table byte_map: [0x0000026593100000,0x0000026593310000] _byte_map_base: 0x0000026592b00000

Marking Bits: (ParMarkBitMap*) 0x00007ff9b12a2250
 Begin Bits: [0x00000265a5ab0000, 0x00000265a6ab0000)
 End Bits:   [0x00000265a6ab0000, 0x00000265a7ab0000)

Polling page: 0x00000265916b0000

Metaspace:

Usage:
  Non-class:     48.63 MB used.
      Class:      5.67 MB used.
       Both:     54.30 MB used.

Virtual space:
  Non-class space:       64.00 MB reserved,      49.38 MB ( 77%) committed,  1 nodes.
      Class space:        1.00 GB reserved,       6.25 MB ( <1%) committed,  1 nodes.
             Both:        1.06 GB reserved,      55.62 MB (  5%) committed. 

Chunk freelists:
   Non-Class:  13.83 MB
       Class:  9.77 MB
        Both:  23.59 MB

MaxMetaspaceSize: unlimited
CompressedClassSpaceSize: 1.00 GB
Initial GC threshold: 21.00 MB
Current GC threshold: 58.38 MB
CDS: on
 - commit_granule_bytes: 65536.
 - commit_granule_words: 8192.
 - virtual_space_node_default_size: 8388608.
 - enlarge_chunks_in_place: 1.
 - use_allocation_guard: 0.


Internal statistics:

num_allocs_failed_limit: 6.
num_arena_births: 1036.
num_arena_deaths: 14.
num_vsnodes_births: 2.
num_vsnodes_deaths: 0.
num_space_committed: 890.
num_space_uncommitted: 0.
num_chunks_returned_to_freelist: 20.
num_chunks_taken_from_freelist: 3682.
num_chunk_merges: 12.
num_chunk_splits: 2228.
num_chunks_enlarged: 1185.
num_inconsistent_stats: 0.

CodeHeap 'non-profiled nmethods': size=120000Kb used=3932Kb max_used=3932Kb free=116067Kb
 bounds [0x000002659e580000, 0x000002659e960000, 0x00000265a5ab0000]
CodeHeap 'profiled nmethods': size=120000Kb used=18604Kb max_used=18604Kb free=101395Kb
 bounds [0x0000026596ab0000, 0x0000026597ce0000, 0x000002659dfe0000]
CodeHeap 'non-nmethods': size=5760Kb used=1408Kb max_used=1478Kb free=4351Kb
 bounds [0x000002659dfe0000, 0x000002659e250000, 0x000002659e580000]
 total_blobs=9906 nmethods=9191 adapters=621
 compilation: enabled
              stopped_count=0, restarted_count=0
 full_count=0

Compilation events (20 events):
Event: 7.906 Thread 0x00000265ef01af80 nmethod 9792 0x0000026597cb7e90 code [0x0000026597cb80e0, 0x0000026597cb8770]
Event: 7.906 Thread 0x00000265ef01af80 9800   !   2       org.apache.maven.model.ReportPlugin::clone (115 bytes)
Event: 7.906 Thread 0x00000265ef01af80 nmethod 9800 0x0000026597cb8b10 code [0x0000026597cb8da0, 0x0000026597cb94c0]
Event: 7.906 Thread 0x00000265ef01af80 9799       2       java.util.regex.Pattern::Single (7 bytes)
Event: 7.907 Thread 0x00000265ef01af80 nmethod 9799 0x0000026597cb9a10 code [0x0000026597cb9bc0, 0x0000026597cb9cf0]
Event: 7.907 Thread 0x00000265ef01af80 9795       2       org.apache.maven.model.merge.MavenModelMerger::getReportPluginKey (5 bytes)
Event: 7.907 Thread 0x00000265ef01af80 nmethod 9795 0x0000026597cb9e10 code [0x0000026597cba000, 0x0000026597cba2f8]
Event: 7.907 Thread 0x00000265ef01af80 9801       1       org.eclipse.sisu.inject.LazyBeanEntry::getKey (5 bytes)
Event: 7.907 Thread 0x00000265ef01af80 nmethod 9801 0x000002659e94f710 code [0x000002659e94f8a0, 0x000002659e94f968]
Event: 7.907 Thread 0x00000265ef01af80 9802       1       org.eclipse.sisu.inject.LazyBeanEntry$JsrNamed::value (5 bytes)
Event: 7.907 Thread 0x00000265ef01af80 nmethod 9802 0x000002659e94fa10 code [0x000002659e94fba0, 0x000002659e94fc68]
Event: 7.908 Thread 0x00000265ef01af80 9803       3       org.codehaus.plexus.util.xml.pull.MXParser::joinPC (69 bytes)
Event: 7.908 Thread 0x00000265ef01af80 nmethod 9803 0x0000026597cba510 code [0x0000026597cba6e0, 0x0000026597cba978]
Event: 7.908 Thread 0x00000265ef01af80 9804       2       org.eclipse.aether.collection.DependencyManagement::<init> (5 bytes)
Event: 7.908 Thread 0x00000265ef01af80 nmethod 9804 0x0000026597cbaa90 code [0x0000026597cbac20, 0x0000026597cbad28]
Event: 7.908 Thread 0x00000265ef01af80 9805       2       org.eclipse.aether.collection.DependencyManagement::setVersion (7 bytes)
Event: 7.908 Thread 0x00000265ef01af80 nmethod 9805 0x0000026597cbae10 code [0x0000026597cbafa0, 0x0000026597cbb0c8]
Event: 7.908 Thread 0x00000265ef01af80 9806       1       org.apache.maven.model.MailingList::setUnsubscribe (6 bytes)
Event: 7.908 Thread 0x00000265ef01af80 nmethod 9806 0x000002659e94fd10 code [0x000002659e94fea0, 0x000002659e94ff80]
Event: 7.909 Thread 0x00000265ef01af80 9807       2       java.util.Collections$UnmodifiableMap::equals (24 bytes)

GC Heap History (20 events):
Event: 7.701 GC heap before
{Heap before GC invocations=100 (full 2):
 PSYoungGen      total 6144K, used 5886K [0x00000000eab00000, 0x00000000eb380000, 0x0000000100000000)
  eden space 5120K, 99% used [0x00000000eab00000,0x00000000eafff938,0x00000000eb000000)
  from space 1024K, 75% used [0x00000000eb000000,0x00000000eb0c0000,0x00000000eb100000)
  to   space 1536K, 0% used [0x00000000eb200000,0x00000000eb200000,0x00000000eb380000)
 ParOldGen       total 209408K, used 208946K [0x00000000c0000000, 0x00000000ccc80000, 0x00000000eab00000)
  object space 209408K, 99% used [0x00000000c0000000,0x00000000ccc0c888,0x00000000ccc80000)
 Metaspace       used 55357K, committed 56704K, reserved 1114112K
  class space    used 5806K, committed 6400K, reserved 1048576K
}
Event: 7.702 GC heap after
{Heap after GC invocations=100 (full 2):
 PSYoungGen      total 6656K, used 1454K [0x00000000eab00000, 0x00000000eb400000, 0x0000000100000000)
  eden space 5120K, 0% used [0x00000000eab00000,0x00000000eab00000,0x00000000eb000000)
  from space 1536K, 94% used [0x00000000eb200000,0x00000000eb36b888,0x00000000eb380000)
  to   space 2048K, 0% used [0x00000000eb000000,0x00000000eb000000,0x00000000eb200000)
 ParOldGen       total 209920K, used 209559K [0x00000000c0000000, 0x00000000ccd00000, 0x00000000eab00000)
  object space 209920K, 99% used [0x00000000c0000000,0x00000000ccca5e60,0x00000000ccd00000)
 Metaspace       used 55357K, committed 56704K, reserved 1114112K
  class space    used 5806K, committed 6400K, reserved 1048576K
}
Event: 7.710 GC heap before
{Heap before GC invocations=101 (full 2):
 PSYoungGen      total 6656K, used 6574K [0x00000000eab00000, 0x00000000eb400000, 0x0000000100000000)
  eden space 5120K, 100% used [0x00000000eab00000,0x00000000eb000000,0x00000000eb000000)
  from space 1536K, 94% used [0x00000000eb200000,0x00000000eb36b888,0x00000000eb380000)
  to   space 2048K, 0% used [0x00000000eb000000,0x00000000eb000000,0x00000000eb200000)
 ParOldGen       total 209920K, used 209559K [0x00000000c0000000, 0x00000000ccd00000, 0x00000000eab00000)
  object space 209920K, 99% used [0x00000000c0000000,0x00000000ccca5e60,0x00000000ccd00000)
 Metaspace       used 55361K, committed 56704K, reserved 1114112K
  class space    used 5806K, committed 6400K, reserved 1048576K
}
Event: 7.712 GC heap after
{Heap after GC invocations=101 (full 2):
 PSYoungGen      total 7168K, used 2028K [0x00000000eab00000, 0x00000000eb600000, 0x0000000100000000)
  eden space 5120K, 0% used [0x00000000eab00000,0x00000000eab00000,0x00000000eb000000)
  from space 2048K, 99% used [0x00000000eb000000,0x00000000eb1fb0f0,0x00000000eb200000)
  to   space 3072K, 0% used [0x00000000eb300000,0x00000000eb300000,0x00000000eb600000)
 ParOldGen       total 210432K, used 210105K [0x00000000c0000000, 0x00000000ccd80000, 0x00000000eab00000)
  object space 210432K, 99% used [0x00000000c0000000,0x00000000ccd2e5c8,0x00000000ccd80000)
 Metaspace       used 55361K, committed 56704K, reserved 1114112K
  class space    used 5806K, committed 6400K, reserved 1048576K
}
Event: 7.719 GC heap before
{Heap before GC invocations=102 (full 2):
 PSYoungGen      total 7168K, used 7148K [0x00000000eab00000, 0x00000000eb600000, 0x0000000100000000)
  eden space 5120K, 100% used [0x00000000eab00000,0x00000000eb000000,0x00000000eb000000)
  from space 2048K, 99% used [0x00000000eb000000,0x00000000eb1fb0f0,0x00000000eb200000)
  to   space 3072K, 0% used [0x00000000eb300000,0x00000000eb300000,0x00000000eb600000)
 ParOldGen       total 210432K, used 210105K [0x00000000c0000000, 0x00000000ccd80000, 0x00000000eab00000)
  object space 210432K, 99% used [0x00000000c0000000,0x00000000ccd2e5c8,0x00000000ccd80000)
 Metaspace       used 55410K, committed 56768K, reserved 1114112K
  class space    used 5806K, committed 6400K, reserved 1048576K
}
Event: 7.722 GC heap after
{Heap after GC invocations=102 (full 2):
 PSYoungGen      total 8192K, used 1636K [0x00000000eab00000, 0x00000000eb500000, 0x0000000100000000)
  eden space 6144K, 0% used [0x00000000eab00000,0x00000000eab00000,0x00000000eb100000)
  from space 2048K, 79% used [0x00000000eb300000,0x00000000eb499050,0x00000000eb500000)
  to   space 2048K, 0% used [0x00000000eb100000,0x00000000eb100000,0x00000000eb300000)
 ParOldGen       total 212480K, used 212097K [0x00000000c0000000, 0x00000000ccf80000, 0x00000000eab00000)
  object space 212480K, 99% used [0x00000000c0000000,0x00000000ccf20598,0x00000000ccf80000)
 Metaspace       used 55410K, committed 56768K, reserved 1114112K
  class space    used 5806K, committed 6400K, reserved 1048576K
}
Event: 7.732 GC heap before
{Heap before GC invocations=103 (full 2):
 PSYoungGen      total 8192K, used 7780K [0x00000000eab00000, 0x00000000eb500000, 0x0000000100000000)
  eden space 6144K, 100% used [0x00000000eab00000,0x00000000eb100000,0x00000000eb100000)
  from space 2048K, 79% used [0x00000000eb300000,0x00000000eb499050,0x00000000eb500000)
  to   space 2048K, 0% used [0x00000000eb100000,0x00000000eb100000,0x00000000eb300000)
 ParOldGen       total 212480K, used 212097K [0x00000000c0000000, 0x00000000ccf80000, 0x00000000eab00000)
  object space 212480K, 99% used [0x00000000c0000000,0x00000000ccf20598,0x00000000ccf80000)
 Metaspace       used 55410K, committed 56768K, reserved 1114112K
  class space    used 5806K, committed 6400K, reserved 1048576K
}
Event: 7.734 GC heap after
{Heap after GC invocations=103 (full 2):
 PSYoungGen      total 8192K, used 1466K [0x00000000eab00000, 0x00000000eb680000, 0x0000000100000000)
  eden space 6144K, 0% used [0x00000000eab00000,0x00000000eab00000,0x00000000eb100000)
  from space 2048K, 71% used [0x00000000eb100000,0x00000000eb26eba0,0x00000000eb300000)
  to   space 2048K, 0% used [0x00000000eb480000,0x00000000eb480000,0x00000000eb680000)
 ParOldGen       total 213504K, used 213089K [0x00000000c0000000, 0x00000000cd080000, 0x00000000eab00000)
  object space 213504K, 99% used [0x00000000c0000000,0x00000000cd0185d8,0x00000000cd080000)
 Metaspace       used 55410K, committed 56768K, reserved 1114112K
  class space    used 5806K, committed 6400K, reserved 1048576K
}
Event: 7.743 GC heap before
{Heap before GC invocations=104 (full 2):
 PSYoungGen      total 8192K, used 7610K [0x00000000eab00000, 0x00000000eb680000, 0x0000000100000000)
  eden space 6144K, 100% used [0x00000000eab00000,0x00000000eb100000,0x00000000eb100000)
  from space 2048K, 71% used [0x00000000eb100000,0x00000000eb26eba0,0x00000000eb300000)
  to   space 2048K, 0% used [0x00000000eb480000,0x00000000eb480000,0x00000000eb680000)
 ParOldGen       total 213504K, used 213089K [0x00000000c0000000, 0x00000000cd080000, 0x00000000eab00000)
  object space 213504K, 99% used [0x00000000c0000000,0x00000000cd0185d8,0x00000000cd080000)
 Metaspace       used 55410K, committed 56768K, reserved 1114112K
  class space    used 5806K, committed 6400K, reserved 1048576K
}
Event: 7.746 GC heap after
{Heap after GC invocations=104 (full 2):
 PSYoungGen      total 9728K, used 1536K [0x00000000eab00000, 0x00000000eb680000, 0x0000000100000000)
  eden space 7680K, 0% used [0x00000000eab00000,0x00000000eab00000,0x00000000eb280000)
  from space 2048K, 75% used [0x00000000eb480000,0x00000000eb600000,0x00000000eb680000)
  to   space 2048K, 0% used [0x00000000eb280000,0x00000000eb280000,0x00000000eb480000)
 ParOldGen       total 214528K, used 214219K [0x00000000c0000000, 0x00000000cd180000, 0x00000000eab00000)
  object space 214528K, 99% used [0x00000000c0000000,0x00000000cd132d58,0x00000000cd180000)
 Metaspace       used 55410K, committed 56768K, reserved 1114112K
  class space    used 5806K, committed 6400K, reserved 1048576K
}
Event: 7.760 GC heap before
{Heap before GC invocations=105 (full 2):
 PSYoungGen      total 9728K, used 9216K [0x00000000eab00000, 0x00000000eb680000, 0x0000000100000000)
  eden space 7680K, 100% used [0x00000000eab00000,0x00000000eb280000,0x00000000eb280000)
  from space 2048K, 75% used [0x00000000eb480000,0x00000000eb600000,0x00000000eb680000)
  to   space 2048K, 0% used [0x00000000eb280000,0x00000000eb280000,0x00000000eb480000)
 ParOldGen       total 214528K, used 214219K [0x00000000c0000000, 0x00000000cd180000, 0x00000000eab00000)
  object space 214528K, 99% used [0x00000000c0000000,0x00000000cd132d58,0x00000000cd180000)
 Metaspace       used 55425K, committed 56768K, reserved 1114112K
  class space    used 5806K, committed 6400K, reserved 1048576K
}
Event: 7.765 GC heap after
{Heap after GC invocations=105 (full 2):
 PSYoungGen      total 9728K, used 1010K [0x00000000eab00000, 0x00000000eb700000, 0x0000000100000000)
  eden space 7680K, 0% used [0x00000000eab00000,0x00000000eab00000,0x00000000eb280000)
  from space 2048K, 49% used [0x00000000eb280000,0x00000000eb37c948,0x00000000eb480000)
  to   space 1536K, 0% used [0x00000000eb580000,0x00000000eb580000,0x00000000eb700000)
 ParOldGen       total 215552K, used 215437K [0x00000000c0000000, 0x00000000cd280000, 0x00000000eab00000)
  object space 215552K, 99% used [0x00000000c0000000,0x00000000cd2635c8,0x00000000cd280000)
 Metaspace       used 55425K, committed 56768K, reserved 1114112K
  class space    used 5806K, committed 6400K, reserved 1048576K
}
Event: 7.784 GC heap before
{Heap before GC invocations=106 (full 2):
 PSYoungGen      total 9728K, used 8690K [0x00000000eab00000, 0x00000000eb700000, 0x0000000100000000)
  eden space 7680K, 100% used [0x00000000eab00000,0x00000000eb280000,0x00000000eb280000)
  from space 2048K, 49% used [0x00000000eb280000,0x00000000eb37c948,0x00000000eb480000)
  to   space 1536K, 0% used [0x00000000eb580000,0x00000000eb580000,0x00000000eb700000)
 ParOldGen       total 215552K, used 215437K [0x00000000c0000000, 0x00000000cd280000, 0x00000000eab00000)
  object space 215552K, 99% used [0x00000000c0000000,0x00000000cd2635c8,0x00000000cd280000)
 Metaspace       used 55452K, committed 56768K, reserved 1114112K
  class space    used 5807K, committed 6400K, reserved 1048576K
}
Event: 7.790 GC heap after
{Heap after GC invocations=106 (full 2):
 PSYoungGen      total 10752K, used 1168K [0x00000000eab00000, 0x00000000eb700000, 0x0000000100000000)
  eden space 9216K, 0% used [0x00000000eab00000,0x00000000eab00000,0x00000000eb400000)
  from space 1536K, 76% used [0x00000000eb580000,0x00000000eb6a40b0,0x00000000eb700000)
  to   space 1536K, 0% used [0x00000000eb400000,0x00000000eb400000,0x00000000eb580000)
 ParOldGen       total 216576K, used 216281K [0x00000000c0000000, 0x00000000cd380000, 0x00000000eab00000)
  object space 216576K, 99% used [0x00000000c0000000,0x00000000cd336690,0x00000000cd380000)
 Metaspace       used 55452K, committed 56768K, reserved 1114112K
  class space    used 5807K, committed 6400K, reserved 1048576K
}
Event: 7.821 GC heap before
{Heap before GC invocations=107 (full 2):
 PSYoungGen      total 10752K, used 10384K [0x00000000eab00000, 0x00000000eb700000, 0x0000000100000000)
  eden space 9216K, 99% used [0x00000000eab00000,0x00000000eb3ffff8,0x00000000eb400000)
  from space 1536K, 76% used [0x00000000eb580000,0x00000000eb6a40b0,0x00000000eb700000)
  to   space 1536K, 0% used [0x00000000eb400000,0x00000000eb400000,0x00000000eb580000)
 ParOldGen       total 216576K, used 216281K [0x00000000c0000000, 0x00000000cd380000, 0x00000000eab00000)
  object space 216576K, 99% used [0x00000000c0000000,0x00000000cd336690,0x00000000cd380000)
 Metaspace       used 55468K, committed 56768K, reserved 1114112K
  class space    used 5807K, committed 6400K, reserved 1048576K
}
Event: 7.829 GC heap after
{Heap after GC invocations=107 (full 2):
 PSYoungGen      total 10752K, used 1335K [0x00000000eab00000, 0x00000000eb900000, 0x0000000100000000)
  eden space 9216K, 0% used [0x00000000eab00000,0x00000000eab00000,0x00000000eb400000)
  from space 1536K, 86% used [0x00000000eb400000,0x00000000eb54dda8,0x00000000eb580000)
  to   space 1536K, 0% used [0x00000000eb780000,0x00000000eb780000,0x00000000eb900000)
 ParOldGen       total 217600K, used 217124K [0x00000000c0000000, 0x00000000cd480000, 0x00000000eab00000)
  object space 217600K, 99% used [0x00000000c0000000,0x00000000cd4091f8,0x00000000cd480000)
 Metaspace       used 55468K, committed 56768K, reserved 1114112K
  class space    used 5807K, committed 6400K, reserved 1048576K
}
Event: 7.847 GC heap before
{Heap before GC invocations=108 (full 2):
 PSYoungGen      total 10752K, used 10551K [0x00000000eab00000, 0x00000000eb900000, 0x0000000100000000)
  eden space 9216K, 100% used [0x00000000eab00000,0x00000000eb400000,0x00000000eb400000)
  from space 1536K, 86% used [0x00000000eb400000,0x00000000eb54dda8,0x00000000eb580000)
  to   space 1536K, 0% used [0x00000000eb780000,0x00000000eb780000,0x00000000eb900000)
 ParOldGen       total 217600K, used 217124K [0x00000000c0000000, 0x00000000cd480000, 0x00000000eab00000)
  object space 217600K, 99% used [0x00000000c0000000,0x00000000cd4091f8,0x00000000cd480000)
 Metaspace       used 55496K, committed 56896K, reserved 1114112K
  class space    used 5808K, committed 6400K, reserved 1048576K
}
Event: 7.851 GC heap after
{Heap after GC invocations=108 (full 2):
 PSYoungGen      total 12800K, used 1437K [0x00000000eab00000, 0x00000000eb900000, 0x0000000100000000)
  eden space 11264K, 0% used [0x00000000eab00000,0x00000000eab00000,0x00000000eb600000)
  from space 1536K, 93% used [0x00000000eb780000,0x00000000eb8e7788,0x00000000eb900000)
  to   space 1536K, 0% used [0x00000000eb600000,0x00000000eb600000,0x00000000eb780000)
 ParOldGen       total 218112K, used 218093K [0x00000000c0000000, 0x00000000cd500000, 0x00000000eab00000)
  object space 218112K, 99% used [0x00000000c0000000,0x00000000cd4fb798,0x00000000cd500000)
 Metaspace       used 55496K, committed 56896K, reserved 1114112K
  class space    used 5808K, committed 6400K, reserved 1048576K
}
Event: 7.883 GC heap before
{Heap before GC invocations=109 (full 2):
 PSYoungGen      total 12800K, used 12701K [0x00000000eab00000, 0x00000000eb900000, 0x0000000100000000)
  eden space 11264K, 100% used [0x00000000eab00000,0x00000000eb600000,0x00000000eb600000)
  from space 1536K, 93% used [0x00000000eb780000,0x00000000eb8e7788,0x00000000eb900000)
  to   space 1536K, 0% used [0x00000000eb600000,0x00000000eb600000,0x00000000eb780000)
 ParOldGen       total 218112K, used 218093K [0x00000000c0000000, 0x00000000cd500000, 0x00000000eab00000)
  object space 218112K, 99% used [0x00000000c0000000,0x00000000cd4fb798,0x00000000cd500000)
 Metaspace       used 55518K, committed 56896K, reserved 1114112K
  class space    used 5808K, committed 6400K, reserved 1048576K
}
Event: 7.887 GC heap after
{Heap after GC invocations=109 (full 2):
 PSYoungGen      total 12800K, used 1536K [0x00000000eab00000, 0x00000000ebd00000, 0x0000000100000000)
  eden space 11264K, 0% used [0x00000000eab00000,0x00000000eab00000,0x00000000eb600000)
  from space 1536K, 100% used [0x00000000eb600000,0x00000000eb780000,0x00000000eb780000)
  to   space 3584K, 0% used [0x00000000eb980000,0x00000000eb980000,0x00000000ebd00000)
 ParOldGen       total 219648K, used 219559K [0x00000000c0000000, 0x00000000cd680000, 0x00000000eab00000)
  object space 219648K, 99% used [0x00000000c0000000,0x00000000cd669f98,0x00000000cd680000)
 Metaspace       used 55518K, committed 56896K, reserved 1114112K
  class space    used 5808K, committed 6400K, reserved 1048576K
}

Dll operation events (10 events):
Event: 0.010 Loaded shared library c:\Users\AULIA SYFA\.vscode\extensions\redhat.java-1.39.0-win32-x64\jre\21.0.5-win32-x86_64\bin\java.dll
Event: 0.077 Loaded shared library c:\Users\AULIA SYFA\.vscode\extensions\redhat.java-1.39.0-win32-x64\jre\21.0.5-win32-x86_64\bin\zip.dll
Event: 0.097 Loaded shared library C:\Users\AULIA SYFA\.vscode\extensions\redhat.java-1.39.0-win32-x64\jre\21.0.5-win32-x86_64\bin\instrument.dll
Event: 0.102 Loaded shared library C:\Users\AULIA SYFA\.vscode\extensions\redhat.java-1.39.0-win32-x64\jre\21.0.5-win32-x86_64\bin\net.dll
Event: 0.105 Loaded shared library C:\Users\AULIA SYFA\.vscode\extensions\redhat.java-1.39.0-win32-x64\jre\21.0.5-win32-x86_64\bin\nio.dll
Event: 0.110 Loaded shared library C:\Users\AULIA SYFA\.vscode\extensions\redhat.java-1.39.0-win32-x64\jre\21.0.5-win32-x86_64\bin\zip.dll
Event: 0.125 Loaded shared library C:\Users\AULIA SYFA\.vscode\extensions\redhat.java-1.39.0-win32-x64\jre\21.0.5-win32-x86_64\bin\jimage.dll
Event: 0.189 Loaded shared library c:\Users\AULIA SYFA\.vscode\extensions\redhat.java-1.39.0-win32-x64\jre\21.0.5-win32-x86_64\bin\verify.dll
Event: 1.230 Loaded shared library C:\Users\AULIA SYFA\AppData\Roaming\Code\User\globalStorage\redhat.java\1.39.0\config_win\org.eclipse.equinox.launcher\org.eclipse.equinox.launcher.win32.win32.x86_64_1.2.1100.v20240722-2106\eclipse_11904.dll
Event: 2.607 Loaded shared library C:\Users\AULIA SYFA\AppData\Local\Temp\jna--1632383471\jna15259598070054709200.dll

Deoptimization events (20 events):
Event: 7.776 Thread 0x00000265f1c9b1c0 DEOPT PACKING pc=0x000002659e84eaac sp=0x000000f4907fdfb0
Event: 7.776 Thread 0x00000265f1c9b1c0 DEOPT UNPACKING pc=0x000002659e033aa2 sp=0x000000f4907fddb8 mode 2
Event: 7.778 Thread 0x00000265f1c9b1c0 Uncommon trap: trap_request=0xffffffc6 fr.pc=0x000002659e84eaac relative=0x000000000000220c
Event: 7.778 Thread 0x00000265f1c9b1c0 Uncommon trap: reason=bimorphic_or_optimized_type_check action=maybe_recompile pc=0x000002659e84eaac method=java.nio.charset.CharsetDecoder.decode(Ljava/nio/ByteBuffer;Ljava/nio/CharBuffer;Z)Ljava/nio/charset/CoderResult; @ 57 c2
Event: 7.778 Thread 0x00000265f1c9b1c0 DEOPT PACKING pc=0x000002659e84eaac sp=0x000000f4907fdc90
Event: 7.779 Thread 0x00000265f1c9b1c0 DEOPT UNPACKING pc=0x000002659e033aa2 sp=0x000000f4907fda98 mode 2
Event: 7.779 Thread 0x00000265f1c9b1c0 Uncommon trap: trap_request=0xffffffc6 fr.pc=0x000002659e663468 relative=0x00000000000003e8
Event: 7.779 Thread 0x00000265f1c9b1c0 Uncommon trap: reason=bimorphic_or_optimized_type_check action=maybe_recompile pc=0x000002659e663468 method=java.nio.charset.CharsetDecoder.decode(Ljava/nio/ByteBuffer;Ljava/nio/CharBuffer;Z)Ljava/nio/charset/CoderResult; @ 57 c2
Event: 7.779 Thread 0x00000265f1c9b1c0 DEOPT PACKING pc=0x000002659e663468 sp=0x000000f4907fdaf0
Event: 7.779 Thread 0x00000265f1c9b1c0 DEOPT UNPACKING pc=0x000002659e033aa2 sp=0x000000f4907fda98 mode 2
Event: 7.779 Thread 0x00000265f1c9a4a0 DEOPT PACKING pc=0x00000265973c9446 sp=0x000000f4905fdef0
Event: 7.779 Thread 0x00000265f1c9a4a0 DEOPT UNPACKING pc=0x000002659e034242 sp=0x000000f4905fd470 mode 0
Event: 7.779 Thread 0x00000265f1c9b1c0 Uncommon trap: trap_request=0xffffffc6 fr.pc=0x000002659e8545e0 relative=0x0000000000000d20
Event: 7.779 Thread 0x00000265f1c9b1c0 Uncommon trap: reason=bimorphic_or_optimized_type_check action=maybe_recompile pc=0x000002659e8545e0 method=java.nio.charset.CharsetDecoder.decode(Ljava/nio/ByteBuffer;Ljava/nio/CharBuffer;Z)Ljava/nio/charset/CoderResult; @ 57 c2
Event: 7.779 Thread 0x00000265f1c9b1c0 DEOPT PACKING pc=0x000002659e8545e0 sp=0x000000f4907fd840
Event: 7.779 Thread 0x00000265f1c9b1c0 DEOPT UNPACKING pc=0x000002659e033aa2 sp=0x000000f4907fd6c8 mode 2
Event: 7.844 Thread 0x00000265f1c9b1c0 DEOPT PACKING pc=0x0000026597a83d25 sp=0x000000f4907fdc20
Event: 7.844 Thread 0x00000265f1c9b1c0 DEOPT UNPACKING pc=0x000002659e034242 sp=0x000000f4907fd148 mode 0
Event: 7.892 Thread 0x00000265f1c9a4a0 DEOPT PACKING pc=0x00000265970c2839 sp=0x000000f4905fde10
Event: 7.892 Thread 0x00000265f1c9a4a0 DEOPT UNPACKING pc=0x000002659e034242 sp=0x000000f4905fd310 mode 0

Classes loaded (20 events):
Event: 5.640 Loading class java/util/stream/MatchOps$1MatchSink
Event: 5.641 Loading class java/util/stream/MatchOps$1MatchSink done
Event: 5.685 Loading class java/util/stream/ReduceOps$4
Event: 5.686 Loading class java/util/stream/ReduceOps$4 done
Event: 5.688 Loading class java/util/stream/ReduceOps$4ReducingSink
Event: 5.689 Loading class java/util/stream/ReduceOps$4ReducingSink done
Event: 5.692 Loading class java/nio/file/Files$2
Event: 5.692 Loading class java/nio/file/Files$2 done
Event: 5.769 Loading class java/util/concurrent/ArrayBlockingQueue
Event: 5.769 Loading class java/util/concurrent/ArrayBlockingQueue done
Event: 5.876 Loading class java/util/Hashtable$ValueCollection
Event: 5.876 Loading class java/util/Hashtable$ValueCollection done
Event: 5.878 Loading class java/util/concurrent/ConcurrentHashMap$KeySpliterator
Event: 5.879 Loading class java/util/concurrent/ConcurrentHashMap$KeySpliterator done
Event: 5.884 Loading class sun/nio/ch/ChannelOutputStream
Event: 5.884 Loading class sun/nio/ch/ChannelOutputStream done
Event: 7.774 Loading class sun/nio/cs/ISO_8859_1$Decoder
Event: 7.775 Loading class sun/nio/cs/ISO_8859_1$Decoder done
Event: 7.839 Loading class java/util/stream/IntStream
Event: 7.841 Loading class java/util/stream/IntStream done

Classes unloaded (7 events):
Event: 3.103 Thread 0x00000265a7c96b50 Unloading class 0x00000265a91a0c00 'java/lang/invoke/LambdaForm$MH+0x00000265a91a0c00'
Event: 3.103 Thread 0x00000265a7c96b50 Unloading class 0x00000265a91a0800 'java/lang/invoke/LambdaForm$MH+0x00000265a91a0800'
Event: 3.103 Thread 0x00000265a7c96b50 Unloading class 0x00000265a91a0400 'java/lang/invoke/LambdaForm$MH+0x00000265a91a0400'
Event: 3.103 Thread 0x00000265a7c96b50 Unloading class 0x00000265a91a0000 'java/lang/invoke/LambdaForm$MH+0x00000265a91a0000'
Event: 3.103 Thread 0x00000265a7c96b50 Unloading class 0x00000265a919fc00 'java/lang/invoke/LambdaForm$BMH+0x00000265a919fc00'
Event: 3.103 Thread 0x00000265a7c96b50 Unloading class 0x00000265a919f800 'java/lang/invoke/LambdaForm$DMH+0x00000265a919f800'
Event: 3.103 Thread 0x00000265a7c96b50 Unloading class 0x00000265a919e400 'java/lang/invoke/LambdaForm$DMH+0x00000265a919e400'

Classes redefined (0 events):
No events

Internal exceptions (20 events):
Event: 4.860 Thread 0x00000265f15499a0 Exception <a 'sun/nio/fs/WindowsException'{0x00000000eae6b920}> (0x00000000eae6b920) 
thrown [s\src\hotspot\share\prims\jni.cpp, line 520]
Event: 4.862 Thread 0x00000265f1c9bee0 Exception <a 'sun/nio/fs/WindowsException'{0x00000000eaf58ea8}> (0x00000000eaf58ea8) 
thrown [s\src\hotspot\share\prims\jni.cpp, line 520]
Event: 4.863 Thread 0x00000265f1c99780 Exception <a 'sun/nio/fs/WindowsException'{0x00000000eafb4c88}> (0x00000000eafb4c88) 
thrown [s\src\hotspot\share\prims\jni.cpp, line 520]
Event: 5.059 Thread 0x00000265f154a6c0 Exception <a 'java/lang/ExceptionInInitializerError'{0x00000000eab798a8}> (0x00000000eab798a8) 
thrown [s\src\hotspot\share\oops\instanceKlass.cpp, line 1220]
Event: 5.085 Thread 0x00000265f154a6c0 Implicit null exception at 0x000002659e6c33fe to 0x000002659e6c3670
Event: 5.085 Thread 0x00000265f154a6c0 Implicit null exception at 0x000002659e627f9c to 0x000002659e628df8
Event: 5.087 Thread 0x00000265f154a6c0 Exception <a 'java/lang/NoSuchMethodError'{0x00000000eb395f50}: 'java.lang.Object java.lang.invoke.Invokers$Holder.invokeExact_MT(java.lang.Object, int, java.lang.Object)'> (0x00000000eb395f50) 
thrown [s\src\hotspot\share\interpreter\linkResolver.cpp, line 773]
Event: 5.385 Thread 0x00000265f154a6c0 Exception <a 'java/lang/NoClassDefFoundError'{0x00000000eb85bf68}: com/google/inject/servlet/ServletModuleTargetVisitor> (0x00000000eb85bf68) 
thrown [s\src\hotspot\share\classfile\systemDictionary.cpp, line 301]
Event: 5.536 Thread 0x00000265f1c9b850 Exception <a 'java/lang/IncompatibleClassChangeError'{0x00000000eb14dfc8}: Found class java.lang.Object, but interface was expected> (0x00000000eb14dfc8) 
thrown [s\src\hotspot\share\interpreter\linkResolver.cpp, line 840]
Event: 5.694 Thread 0x00000265f15499a0 Exception <a 'java/lang/NoSuchMethodError'{0x00000000eb05b0c0}: 'int java.lang.invoke.DirectMethodHandle$Holder.invokeSpecialIFC(java.lang.Object, java.lang.Object, java.lang.Object)'> (0x00000000eb05b0c0) 
thrown [s\src\hotspot\share\interpreter\linkResolver.cpp, line 773]
Event: 5.856 Thread 0x00000265f1c96300 Exception <a 'java/lang/NoSuchMethodError'{0x00000000eab01808}: 'void java.lang.invoke.DirectMethodHandle$Holder.invokeStatic(java.lang.Object, int, java.lang.Object)'> (0x00000000eab01808) 
thrown [s\src\hotspot\share\interpreter\linkResolver.cpp, line 773]
Event: 5.880 Thread 0x00000265f15499a0 Exception <a 'java/lang/NoSuchMethodError'{0x00000000eb2d2440}: 'java.lang.Object java.lang.invoke.DirectMethodHandle$Holder.newInvokeSpecial(java.lang.Object, java.lang.Object, int, int, java.lang.Object)'> (0x00000000eb2d2440) 
thrown [s\src\hotspot\share\interpreter\linkResolver.cpp, line 773]
Event: 5.889 Thread 0x00000265f15499a0 Exception <a 'sun/nio/fs/WindowsException'{0x00000000eb3e1ab8}> (0x00000000eb3e1ab8) 
thrown [s\src\hotspot\share\prims\jni.cpp, line 520]
Event: 5.889 Thread 0x00000265f1c9bee0 Exception <a 'sun/nio/fs/WindowsException'{0x00000000eb4d2260}> (0x00000000eb4d2260) 
thrown [s\src\hotspot\share\prims\jni.cpp, line 520]
Event: 5.890 Thread 0x00000265f1c99780 Exception <a 'sun/nio/fs/WindowsException'{0x00000000eb512680}> (0x00000000eb512680) 
thrown [s\src\hotspot\share\prims\jni.cpp, line 520]
Event: 5.986 Thread 0x00000265f15499a0 Exception <a 'sun/nio/fs/WindowsException'{0x00000000eab78708}> (0x00000000eab78708) 
thrown [s\src\hotspot\share\prims\jni.cpp, line 520]
Event: 5.986 Thread 0x00000265f15499a0 Exception <a 'sun/nio/fs/WindowsException'{0x00000000eab78d38}> (0x00000000eab78d38) 
thrown [s\src\hotspot\share\prims\jni.cpp, line 520]
Event: 6.244 Thread 0x00000265f15499a0 Exception <a 'java/lang/NoSuchMethodError'{0x00000000eb1c3298}: 'void java.lang.invoke.DirectMethodHandle$Holder.invokeVirtual(java.lang.Object, java.lang.Object, int)'> (0x00000000eb1c3298) 
thrown [s\src\hotspot\share\interpreter\linkResolver.cpp, line 773]
Event: 7.274 Thread 0x00000265f15499a0 Exception <a 'java/lang/NoSuchMethodError'{0x00000000eb1cb210}: 'void java.lang.invoke.DirectMethodHandle$Holder.invokeInterface(java.lang.Object, java.lang.Object)'> (0x00000000eb1cb210) 
thrown [s\src\hotspot\share\interpreter\linkResolver.cpp, line 773]
Event: 7.306 Thread 0x00000265f1c9a4a0 Exception <a 'java/lang/NoSuchMethodError'{0x00000000eb0ed110}: 'void java.lang.invoke.DirectMethodHandle$Holder.invokeSpecial(java.lang.Object, java.lang.Object, java.lang.Object, java.lang.Object, java.lang.Object, java.lang.Object, java.lang.Object, java.lang.Object)'> (0x00000000eb0ed110) 
thrown [s\src\hotspot\share\interpreter\linkResolver.cpp, line 773]

ZGC Phase Switch (0 events):
No events

VM Operations (20 events):
Event: 7.701 Executing VM operation: ParallelGCFailedAllocation (Allocation Failure)
Event: 7.703 Executing VM operation: ParallelGCFailedAllocation (Allocation Failure) done
Event: 7.710 Executing VM operation: ParallelGCFailedAllocation (Allocation Failure)
Event: 7.712 Executing VM operation: ParallelGCFailedAllocation (Allocation Failure) done
Event: 7.719 Executing VM operation: ParallelGCFailedAllocation (Allocation Failure)
Event: 7.722 Executing VM operation: ParallelGCFailedAllocation (Allocation Failure) done
Event: 7.732 Executing VM operation: ParallelGCFailedAllocation (Allocation Failure)
Event: 7.734 Executing VM operation: ParallelGCFailedAllocation (Allocation Failure) done
Event: 7.743 Executing VM operation: ParallelGCFailedAllocation (Allocation Failure)
Event: 7.746 Executing VM operation: ParallelGCFailedAllocation (Allocation Failure) done
Event: 7.760 Executing VM operation: ParallelGCFailedAllocation (Allocation Failure)
Event: 7.765 Executing VM operation: ParallelGCFailedAllocation (Allocation Failure) done
Event: 7.781 Executing VM operation: ParallelGCFailedAllocation (Allocation Failure)
Event: 7.790 Executing VM operation: ParallelGCFailedAllocation (Allocation Failure) done
Event: 7.821 Executing VM operation: ParallelGCFailedAllocation (Allocation Failure)
Event: 7.829 Executing VM operation: ParallelGCFailedAllocation (Allocation Failure) done
Event: 7.847 Executing VM operation: ParallelGCFailedAllocation (Allocation Failure)
Event: 7.851 Executing VM operation: ParallelGCFailedAllocation (Allocation Failure) done
Event: 7.883 Executing VM operation: ParallelGCFailedAllocation (Allocation Failure)
Event: 7.887 Executing VM operation: ParallelGCFailedAllocation (Allocation Failure) done

Memory protections (0 events):
No events

Nmethod flushes (20 events):
Event: 4.068 Thread 0x00000265a7c96b50 flushing  nmethod 0x0000026597166f90
Event: 4.068 Thread 0x00000265a7c96b50 flushing  nmethod 0x0000026597167710
Event: 4.068 Thread 0x00000265a7c96b50 flushing  nmethod 0x0000026597168490
Event: 4.068 Thread 0x00000265a7c96b50 flushing  nmethod 0x000002659716ae10
Event: 4.068 Thread 0x00000265a7c96b50 flushing  nmethod 0x000002659716b810
Event: 4.068 Thread 0x00000265a7c96b50 flushing  nmethod 0x0000026597176a90
Event: 4.068 Thread 0x00000265a7c96b50 flushing  nmethod 0x000002659717c610
Event: 4.068 Thread 0x00000265a7c96b50 flushing  nmethod 0x0000026597197390
Event: 4.068 Thread 0x00000265a7c96b50 flushing  nmethod 0x000002659719ca10
Event: 4.068 Thread 0x00000265a7c96b50 flushing  nmethod 0x00000265971b9090
Event: 4.068 Thread 0x00000265a7c96b50 flushing  nmethod 0x00000265971e5990
Event: 4.068 Thread 0x00000265a7c96b50 flushing  nmethod 0x000002659723e390
Event: 4.068 Thread 0x00000265a7c96b50 flushing  nmethod 0x000002659723e810
Event: 4.068 Thread 0x00000265a7c96b50 flushing  nmethod 0x000002659723f790
Event: 4.068 Thread 0x00000265a7c96b50 flushing  nmethod 0x0000026597242a90
Event: 4.068 Thread 0x00000265a7c96b50 flushing  nmethod 0x000002659725e190
Event: 4.068 Thread 0x00000265a7c96b50 flushing  nmethod 0x000002659725e610
Event: 4.068 Thread 0x00000265a7c96b50 flushing  nmethod 0x000002659725f490
Event: 4.068 Thread 0x00000265a7c96b50 flushing  nmethod 0x0000026597260a90
Event: 4.068 Thread 0x00000265a7c96b50 flushing  nmethod 0x000002659727f310

Events (20 events):
Event: 3.924 Thread 0x000002659375ac50 Thread added: 0x00000265f1546520
Event: 3.963 Thread 0x000002659375ac50 Thread added: 0x00000265f1549310
Event: 3.965 Thread 0x00000265f154a6c0 Thread added: 0x00000265f15485f0
Event: 4.144 Thread 0x000002659375ac50 Thread added: 0x00000265f1c983d0
Event: 4.145 Thread 0x000002659375ac50 Thread added: 0x00000265f1c9b850
Event: 4.861 Thread 0x00000265f15499a0 Thread added: 0x00000265f1c9bee0
Event: 4.862 Thread 0x00000265f1c9bee0 Thread added: 0x00000265f1c99780
Event: 4.863 Thread 0x00000265f1c9bee0 Thread added: 0x00000265f1c9c570
Event: 4.863 Thread 0x00000265f1c99780 Thread added: 0x00000265f1c98a60
Event: 4.863 Thread 0x00000265f1c99780 Thread added: 0x00000265f1c9cc00
Event: 4.877 Thread 0x00000265f15499a0 Thread added: 0x00000265f1c95c70
Event: 5.771 Thread 0x00000265f15499a0 Thread added: 0x00000265f1c96300
Event: 5.882 Thread 0x00000265f15499a0 Thread added: 0x00000265f1c97020
Event: 5.895 Thread 0x00000265f15499a0 Thread added: 0x00000265f1c96990
Event: 5.976 Thread 0x00000265f15499a0 Thread added: 0x00000265f1c99e10
Event: 7.300 Thread 0x00000265f15499a0 Thread added: 0x00000265f1c976b0
Event: 7.300 Thread 0x00000265f15499a0 Thread added: 0x00000265f1c990f0
Event: 7.300 Thread 0x00000265f15499a0 Thread added: 0x00000265f1c9a4a0
Event: 7.648 Thread 0x00000265f15499a0 Thread added: 0x00000265f1c9ab30
Event: 7.648 Thread 0x00000265f15499a0 Thread added: 0x00000265f1c9b1c0


Dynamic libraries:
0x00007ff64ec40000 - 0x00007ff64ec4e000 	c:\Users\AULIA SYFA\.vscode\extensions\redhat.java-1.39.0-win32-x64\jre\21.0.5-win32-x86_64\bin\java.exe
0x00007ffa67190000 - 0x00007ffa673a7000 	C:\Windows\SYSTEM32\ntdll.dll
0x00007ffa65a90000 - 0x00007ffa65b54000 	C:\Windows\System32\KERNEL32.DLL
0x00007ffa64740000 - 0x00007ffa64b10000 	C:\Windows\System32\KERNELBASE.dll
0x00007ffa644e0000 - 0x00007ffa645f1000 	C:\Windows\System32\ucrtbase.dll
0x00007ffa5b830000 - 0x00007ffa5b848000 	c:\Users\AULIA SYFA\.vscode\extensions\redhat.java-1.39.0-win32-x64\jre\21.0.5-win32-x86_64\bin\jli.dll
0x00007ffa5bd40000 - 0x00007ffa5bd5e000 	c:\Users\AULIA SYFA\.vscode\extensions\redhat.java-1.39.0-win32-x64\jre\21.0.5-win32-x86_64\bin\VCRUNTIME140.dll
0x00007ffa66fa0000 - 0x00007ffa6714e000 	C:\Windows\System32\USER32.dll
0x00007ffa64b10000 - 0x00007ffa64b36000 	C:\Windows\System32\win32u.dll
0x00007ffa46de0000 - 0x00007ffa47072000 	C:\Windows\WinSxS\amd64_microsoft.windows.common-controls_6595b64144ccf1df_6.0.22621.4830_none_270fe7d773858e80\COMCTL32.dll
0x00007ffa64f80000 - 0x00007ffa64fa9000 	C:\Windows\System32\GDI32.dll
0x00007ffa64ed0000 - 0x00007ffa64f77000 	C:\Windows\System32\msvcrt.dll
0x00007ffa64ce0000 - 0x00007ffa64dfb000 	C:\Windows\System32\gdi32full.dll
0x00007ffa64440000 - 0x00007ffa644da000 	C:\Windows\System32\msvcp_win.dll
0x00007ffa66c00000 - 0x00007ffa66c31000 	C:\Windows\System32\IMM32.DLL
0x00007ffa5fd30000 - 0x00007ffa5fd3c000 	c:\Users\AULIA SYFA\.vscode\extensions\redhat.java-1.39.0-win32-x64\jre\21.0.5-win32-x86_64\bin\vcruntime140_1.dll
0x00007ffa13830000 - 0x00007ffa138bd000 	c:\Users\AULIA SYFA\.vscode\extensions\redhat.java-1.39.0-win32-x64\jre\21.0.5-win32-x86_64\bin\msvcp140.dll
0x00007ff9b05f0000 - 0x00007ff9b137f000 	c:\Users\AULIA SYFA\.vscode\extensions\redhat.java-1.39.0-win32-x64\jre\21.0.5-win32-x86_64\bin\server\jvm.dll
0x00007ffa66ee0000 - 0x00007ffa66f91000 	C:\Windows\System32\ADVAPI32.dll
0x00007ffa66b50000 - 0x00007ffa66bf7000 	C:\Windows\System32\sechost.dll
0x00007ffa64b40000 - 0x00007ffa64b68000 	C:\Windows\System32\bcrypt.dll
0x00007ffa66dc0000 - 0x00007ffa66ed4000 	C:\Windows\System32\RPCRT4.dll
0x00007ffa66a40000 - 0x00007ffa66ab1000 	C:\Windows\System32\WS2_32.dll
0x00007ffa640b0000 - 0x00007ffa640fd000 	C:\Windows\SYSTEM32\POWRPROF.dll
0x00007ffa5f7a0000 - 0x00007ffa5f7d4000 	C:\Windows\SYSTEM32\WINMM.dll
0x00007ffa5bf40000 - 0x00007ffa5bf4a000 	C:\Windows\SYSTEM32\VERSION.dll
0x00007ffa64090000 - 0x00007ffa640a3000 	C:\Windows\SYSTEM32\UMPDC.dll
0x00007ffa63480000 - 0x00007ffa63498000 	C:\Windows\SYSTEM32\kernel.appcore.dll
0x00007ffa5bc00000 - 0x00007ffa5bc0a000 	c:\Users\AULIA SYFA\.vscode\extensions\redhat.java-1.39.0-win32-x64\jre\21.0.5-win32-x86_64\bin\jimage.dll
0x00007ffa61dc0000 - 0x00007ffa61ff2000 	C:\Windows\SYSTEM32\DBGHELP.DLL
0x00007ffa650e0000 - 0x00007ffa65470000 	C:\Windows\System32\combase.dll
0x00007ffa65990000 - 0x00007ffa65a67000 	C:\Windows\System32\OLEAUT32.dll
0x00007ffa5c200000 - 0x00007ffa5c232000 	C:\Windows\SYSTEM32\dbgcore.DLL
0x00007ffa64600000 - 0x00007ffa6467b000 	C:\Windows\System32\bcryptPrimitives.dll
0x00007ffa5b5c0000 - 0x00007ffa5b5cf000 	c:\Users\AULIA SYFA\.vscode\extensions\redhat.java-1.39.0-win32-x64\jre\21.0.5-win32-x86_64\bin\instrument.dll
0x00007ffa40890000 - 0x00007ffa408af000 	c:\Users\AULIA SYFA\.vscode\extensions\redhat.java-1.39.0-win32-x64\jre\21.0.5-win32-x86_64\bin\java.dll
0x00007ffa65ff0000 - 0x00007ffa66868000 	C:\Windows\System32\SHELL32.dll
0x00007ffa62340000 - 0x00007ffa62c50000 	C:\Windows\SYSTEM32\windows.storage.dll
0x00007ffa62200000 - 0x00007ffa6233f000 	C:\Windows\SYSTEM32\wintypes.dll
0x00007ffa65d80000 - 0x00007ffa65e8a000 	C:\Windows\System32\SHCORE.dll
0x00007ffa65d10000 - 0x00007ffa65d6e000 	C:\Windows\System32\shlwapi.dll
0x00007ffa64370000 - 0x00007ffa6439b000 	C:\Windows\SYSTEM32\profapi.dll
0x00007ffa3e200000 - 0x00007ffa3e218000 	c:\Users\AULIA SYFA\.vscode\extensions\redhat.java-1.39.0-win32-x64\jre\21.0.5-win32-x86_64\bin\zip.dll
0x00007ffa4a430000 - 0x00007ffa4a440000 	C:\Users\AULIA SYFA\.vscode\extensions\redhat.java-1.39.0-win32-x64\jre\21.0.5-win32-x86_64\bin\net.dll
0x00007ffa60d80000 - 0x00007ffa60eac000 	C:\Windows\SYSTEM32\WINHTTP.dll
0x00007ffa63900000 - 0x00007ffa6396a000 	C:\Windows\system32\mswsock.dll
0x00007ffa37a30000 - 0x00007ffa37a46000 	C:\Users\AULIA SYFA\.vscode\extensions\redhat.java-1.39.0-win32-x64\jre\21.0.5-win32-x86_64\bin\nio.dll
0x00007ffa42cd0000 - 0x00007ffa42ce0000 	c:\Users\AULIA SYFA\.vscode\extensions\redhat.java-1.39.0-win32-x64\jre\21.0.5-win32-x86_64\bin\verify.dll
0x00007ffa06740000 - 0x00007ffa06785000 	C:\Users\AULIA SYFA\AppData\Roaming\Code\User\globalStorage\redhat.java\1.39.0\config_win\org.eclipse.equinox.launcher\org.eclipse.equinox.launcher.win32.win32.x86_64_1.2.1100.v20240722-2106\eclipse_11904.dll
0x00007ffa65b60000 - 0x00007ffa65d01000 	C:\Windows\System32\ole32.dll
0x00007ffa63b60000 - 0x00007ffa63b7b000 	C:\Windows\SYSTEM32\CRYPTSP.dll
0x00007ffa633c0000 - 0x00007ffa633f5000 	C:\Windows\system32\rsaenh.dll
0x00007ffa639f0000 - 0x00007ffa63a18000 	C:\Windows\SYSTEM32\USERENV.dll
0x00007ffa63b50000 - 0x00007ffa63b5c000 	C:\Windows\SYSTEM32\CRYPTBASE.dll
0x00007ffa62ef0000 - 0x00007ffa62f1d000 	C:\Windows\SYSTEM32\IPHLPAPI.DLL
0x00007ffa66a30000 - 0x00007ffa66a39000 	C:\Windows\System32\NSI.dll
0x00007ffa07e30000 - 0x00007ffa07e79000 	C:\Users\AULIA SYFA\AppData\Local\Temp\jna--1632383471\jna15259598070054709200.dll
0x00007ffa65d70000 - 0x00007ffa65d78000 	C:\Windows\System32\PSAPI.DLL
0x00007ffa60000000 - 0x00007ffa60019000 	C:\Windows\SYSTEM32\dhcpcsvc6.DLL
0x00007ffa5ffe0000 - 0x00007ffa5ffff000 	C:\Windows\SYSTEM32\dhcpcsvc.DLL

dbghelp: loaded successfully - version: 4.0.5 - missing functions: none
symbol engine: initialized successfully - sym options: 0x614 - pdb path: .;c:\Users\AULIA SYFA\.vscode\extensions\redhat.java-1.39.0-win32-x64\jre\21.0.5-win32-x86_64\bin;C:\Windows\SYSTEM32;C:\Windows\WinSxS\amd64_microsoft.windows.common-controls_6595b64144ccf1df_6.0.22621.4830_none_270fe7d773858e80;c:\Users\AULIA SYFA\.vscode\extensions\redhat.java-1.39.0-win32-x64\jre\21.0.5-win32-x86_64\bin\server;C:\Users\AULIA SYFA\AppData\Roaming\Code\User\globalStorage\redhat.java\1.39.0\config_win\org.eclipse.equinox.launcher\org.eclipse.equinox.launcher.win32.win32.x86_64_1.2.1100.v20240722-2106;C:\Users\AULIA SYFA\AppData\Local\Temp\jna--1632383471

VM Arguments:
jvm_args: --add-modules=ALL-SYSTEM --add-opens=java.base/java.util=ALL-UNNAMED --add-opens=java.base/java.lang=ALL-UNNAMED --add-opens=java.base/sun.nio.fs=ALL-UNNAMED -Declipse.application=org.eclipse.jdt.ls.core.id1 -Dosgi.bundles.defaultStartLevel=4 -Declipse.product=org.eclipse.jdt.ls.core.product -Djava.import.generatesMetadataFilesAtProjectRoot=false -DDetectVMInstallationsJob.disabled=true -Dfile.encoding=utf8 -XX:+UseParallelGC -XX:GCTimeRatio=4 -XX:AdaptiveSizePolicyWeight=90 -Dsun.zip.disableMemoryMapping=true -Xmx1G -Xms100m -Xlog:disable -javaagent:c:\Users\AULIA SYFA\.vscode\extensions\redhat.java-1.39.0-win32-x64\lombok\lombok-1.18.34.jar -XX:+HeapDumpOnOutOfMemoryError -XX:HeapDumpPath=c:\Users\AULIA SYFA\AppData\Roaming\Code\User\workspaceStorage\946f3b0352dd24bb7ea9f93c218523eb\redhat.java -Daether.dependencyCollector.impl=bf 
java_command: c:\Users\AULIA SYFA\.vscode\extensions\redhat.java-1.39.0-win32-x64\server\plugins\org.eclipse.equinox.launcher_1.6.900.v20240613-2009.jar -configuration c:\Users\AULIA SYFA\AppData\Roaming\Code\User\globalStorage\redhat.java\1.39.0\config_win -data c:\Users\AULIA SYFA\AppData\Roaming\Code\User\workspaceStorage\946f3b0352dd24bb7ea9f93c218523eb\redhat.java\jdt_ws --pipe=\\.\pipe\lsp-8e653859d641e0d7f23391e5e4344e9e-sock
java_class_path (initial): c:\Users\AULIA SYFA\.vscode\extensions\redhat.java-1.39.0-win32-x64\server\plugins\org.eclipse.equinox.launcher_1.6.900.v20240613-2009.jar
Launcher Type: SUN_STANDARD

[Global flags]
    uintx AdaptiveSizePolicyWeight                 = 90                                        {product} {command line}
     intx CICompilerCount                          = 4                                         {product} {ergonomic}
    uintx GCTimeRatio                              = 4                                         {product} {command line}
     bool HeapDumpOnOutOfMemoryError               = true                                   {manageable} {command line}
    ccstr HeapDumpPath                             = c:\Users\AULIA SYFA\AppData\Roaming\Code\User\workspaceStorage\946f3b0352dd24bb7ea9f93c218523eb\redhat.java         {manageable} {command line}
   size_t InitialHeapSize                          = 104857600                                 {product} {command line}
   size_t MaxHeapSize                              = 1073741824                                {product} {command line}
   size_t MaxNewSize                               = 357564416                                 {product} {ergonomic}
   size_t MinHeapDeltaBytes                        = 524288                                    {product} {ergonomic}
   size_t MinHeapSize                              = 104857600                                 {product} {command line}
   size_t NewSize                                  = 34603008                                  {product} {ergonomic}
    uintx NonNMethodCodeHeapSize                   = 5839372                                {pd product} {ergonomic}
    uintx NonProfiledCodeHeapSize                  = 122909434                              {pd product} {ergonomic}
   size_t OldSize                                  = 70254592                                  {product} {ergonomic}
     bool PerfDisableSharedMem                     = true                                      {product} {ergonomic}
    uintx ProfiledCodeHeapSize                     = 122909434                              {pd product} {ergonomic}
    uintx ReservedCodeCacheSize                    = 251658240                              {pd product} {ergonomic}
     bool SegmentedCodeCache                       = true                                      {product} {ergonomic}
   size_t SoftMaxHeapSize                          = 1073741824                             {manageable} {ergonomic}
     bool UseCompressedOops                        = true                           {product lp64_product} {ergonomic}
     bool UseLargePagesIndividualAllocation        = false                                  {pd product} {ergonomic}
     bool UseParallelGC                            = true                                      {product} {command line}

Logging:
Log output configuration:
 #0: stdout all=off uptime,level,tags foldmultilines=false
 #1: stderr all=off uptime,level,tags foldmultilines=false

Environment Variables:
JAVA_HOME=C:\Program Files\OpenJDK\jdk-22.0.2
PATH=C:\Program Files\Common Files\Oracle\Java\javapath;C:\Windows\system32;C:\Windows;C:\Windows\System32\Wbem;C:\Windows\System32\WindowsPowerShell\v1.0\;C:\Windows\System32\OpenSSH\;C:\Program Files\nodejs\;C:\xampp\php;C:\ProgramData\ComposerSetup\bin;C:\Program Files\Git\cmd;C:\Program Files\PuTTY\;C:\Program Files\Docker\Docker\resources\bin;C:\ProgramData\chocolatey\bin;C:\Program Files\OpenJDK\jdk-22.0.2\bin;C:\ProgramData\chocolatey\lib\maven\apache-maven-3.9.9\bin;C:\Users\AULIA SYFA\.config\herd-lite\bin;C:\Users\AULIA SYFA\AppData\Local\Microsoft\WindowsApps;C:\Users\AULIA SYFA\AppData\Local\Programs\Microsoft VS Code\bin;D:\flutter\bin;C:\Users\AULIA SYFA\AppData\Local\GitHubDesktop\bin;C:\Users\AULIA SYFA\AppData\Roaming\npm;C:\Users\AULIA SYFA\AppData\Roaming\Composer\vendor\bin
USERNAME=AULIA SYFA
OS=Windows_NT
PROCESSOR_IDENTIFIER=AMD64 Family 25 Model 80 Stepping 0, AuthenticAMD
TMP=C:\Users\AULIAS~1\AppData\Local\Temp
TEMP=C:\Users\AULIAS~1\AppData\Local\Temp




Periodic native trim disabled

---------------  S Y S T E M  ---------------

OS:
 Windows 11 , 64 bit Build 22621 (10.0.22621.4830)
OS uptime: 5 days 4:45 hours
Hyper-V role detected

CPU: total 12 (initial active 12) (12 cores per cpu, 2 threads per core) family 25 model 80 stepping 0 microcode 0x0, cx8, cmov, fxsr, ht, mmx, 3dnowpref, sse, sse2, sse3, ssse3, sse4a, sse4.1, sse4.2, popcnt, lzcnt, tsc, tscinvbit, avx, avx2, aes, erms, clmul, bmi1, bmi2, adx, sha, fma, vzeroupper, clflush, clflushopt, hv, rdtscp, rdpid, fsrm, f16c, cet_ss
Processor Information for all 12 processors :
  Max Mhz: 2000, Current Mhz: 2000, Mhz Limit: 2000

Memory: 4k page, system-wide physical 5981M (353M free)
TotalPageFile size 18228M (AvailPageFile size 7M)
current process WorkingSet (physical memory assigned to process): 376M, peak: 397M
current process commit charge ("private bytes"): 493M, peak: 496M

vm_info: OpenJDK 64-Bit Server VM (21.0.5+11-LTS) for windows-amd64 JRE (21.0.5+11-LTS), built on 2024-10-15T00:00:00Z by "admin" with MS VC++ 17.7 (VS2022)

END.
